[Licensing::Module] Trying to connect to existing licensing client channel...
Built from '6000.0/staging' branch; Version is '6000.0.62f1 (f99f05b3e950) revision 16359173'; Using compiler version '193933523'; Build Type 'Release'
OS: 'Windows 11  (10.0.26100) 64bit Professional' Language: 'tr' Physical Memory: 32621 MB
BatchMode: 1, IsHumanControllingUs: 0, StartBugReporterOnCrash: 0, Is64bit: 1
Date: 2025-12-15T08:35:16Z
[Licensing::IpcConnector] Successfully connected to: "LicenseClient-Mehmet" at "2025-12-15T08:35:16.1283845Z"

COMMAND LINE ARGUMENTS:
C:\Program Files\Unity\Hub\Editor\6000.0.62f1\Editor\Unity.exe
-adb2
-batchMode
-noUpm
-name
AssetImportWorker16
-projectPath
D:/Github/Project-Survival
-logFile
Logs/AssetImportWorker16.log
-srvPort
51519
-licensingIpc
LicenseClient-Mehmet
-job-worker-count
11
-background-job-worker-count
8
-gc-helper-count
1
-name
AssetImport
Successfully changed project path to: D:/Github/Project-Survival
D:/Github/Project-Survival
[UnityMemory] Configuration Parameters - Can be set up in boot.config
    "memorysetup-bucket-allocator-granularity=16"
    "memorysetup-bucket-allocator-bucket-count=8"
    "memorysetup-bucket-allocator-block-size=33554432"
    "memorysetup-bucket-allocator-block-count=8"
    "memorysetup-main-allocator-block-size=16777216"
    "memorysetup-thread-allocator-block-size=16777216"
    "memorysetup-gfx-main-allocator-block-size=16777216"
    "memorysetup-gfx-thread-allocator-block-size=16777216"
    "memorysetup-cache-allocator-block-size=4194304"
    "memorysetup-typetree-allocator-block-size=2097152"
    "memorysetup-profiler-bucket-allocator-granularity=16"
    "memorysetup-profiler-bucket-allocator-bucket-count=8"
    "memorysetup-profiler-bucket-allocator-block-size=33554432"
    "memorysetup-profiler-bucket-allocator-block-count=8"
    "memorysetup-profiler-allocator-block-size=16777216"
    "memorysetup-profiler-editor-allocator-block-size=1048576"
    "memorysetup-temp-allocator-size-main=16777216"
    "memorysetup-job-temp-allocator-block-size=2097152"
    "memorysetup-job-temp-allocator-block-size-background=1048576"
    "memorysetup-job-temp-allocator-reduction-small-platforms=262144"
    "memorysetup-allocator-temp-initial-block-size-main=262144"
    "memorysetup-allocator-temp-initial-block-size-worker=262144"
    "memorysetup-temp-allocator-size-background-worker=32768"
    "memorysetup-temp-allocator-size-job-worker=262144"
    "memorysetup-temp-allocator-size-preload-manager=33554432"
    "memorysetup-temp-allocator-size-nav-mesh-worker=65536"
    "memorysetup-temp-allocator-size-audio-worker=65536"
    "memorysetup-temp-allocator-size-cloud-worker=32768"
    "memorysetup-temp-allocator-size-gi-baking-worker=262144"
    "memorysetup-temp-allocator-size-gi-baking-worker=262144"
    "memorysetup-temp-allocator-size-gi-baking-worker=262144"
    "memorysetup-temp-allocator-size-gi-baking-worker=262144"
    "memorysetup-temp-allocator-size-gi-baking-worker=262144"
    "memorysetup-temp-allocator-size-gfx=262144"
Player connection [34656]  Target information:

Player connection [34656]  * "[IP] 10.0.1.102 [Port] 0 [Flags] 2 [Guid] 3187133352 [EditorId] 3187133352 [Version] 1048832 [Id] WindowsEditor(7,DESKTOP-P02AFH1) [Debug] 1 [PackageName] WindowsEditor [ProjectName] Editor" 

Player connection [34656] Host joined multi-casting on [225.0.0.222:54997]...
Player connection [34656] Host joined alternative multi-casting on [225.0.0.222:34997]...
JobSystem: Creating JobQueue using job-worker-count value 11
Input System module state changed to: Initialized.
[Physics::Module] Initialized fallback backend.
[Physics::Module] Id: 0xdecafbad
[Licensing::Client] Code 10 while verifying Licensing Client signature (process Id: 12252, path: "C:/Program Files/Unity Hub/UnityLicensingClient_V1/Unity.Licensing.Client.exe")
[Licensing::Module] LicensingClient has failed validation; ignoring
[Licensing::Client] Handshaking with LicensingClient:
  Version:                 1.17.3+a4e98f1
  Session Id:              7bd4ab11b0fe4fa79a3490ca99682b17
  Correlation Id:          b780854bcde18a98b8c9fc5011d0894f
  External correlation Id: 167908929103474360
  Machine Id:              zsDTylX/wbsPzAhj9VZkiZ+wIzE=
[Licensing::Module] Successfully connected to LicensingClient on channel: "LicenseClient-Mehmet" (connect: 0.00s, validation: 0.03s, handshake: 0.07s)
Library Redirect Path: Library/
[Licensing::IpcConnector] Successfully connected to: "LicenseClient-Mehmet-notifications" at "2025-12-15T08:35:16.2927362Z"
[Licensing::Module] Licensing Background thread has ended after 0.16s
[Physics::Module] Selected backend.
[Physics::Module] Name: PhysX
[Physics::Module] Id: 0xf2b8ea05
[Physics::Module] SDK Version: 4.1.2
[Physics::Module] Integration Version: 1.0.0
[Physics::Module] Threading Mode: Multi-Threaded
Refreshing native plugins compatible for Editor in 1.60 ms, found 3 plugins.
Preloading 0 native plugins for Editor in 0.00 ms.
Initialize engine version: 6000.0.62f1 (f99f05b3e950)
[Subsystems] Discovering subsystems at path C:/Program Files/Unity/Hub/Editor/6000.0.62f1/Editor/Data/Resources/UnitySubsystems
[Subsystems] Discovering subsystems at path D:/Github/Project-Survival/Assets
GfxDevice: creating device client; kGfxThreadingModeNonThreaded
Direct3D:
    Version:  Direct3D 11.0 [level 11.1]
    Renderer: NVIDIA GeForce RTX 3050 (ID=0x2507)
    Vendor:   NVIDIA
    VRAM:     8042 MB
    Driver:   32.0.15.8157
Initialize mono
Mono path[0] = 'C:/Program Files/Unity/Hub/Editor/6000.0.62f1/Editor/Data/Managed'
Mono path[1] = 'C:/Program Files/Unity/Hub/Editor/6000.0.62f1/Editor/Data/MonoBleedingEdge/lib/mono/unityjit-win32'
Mono config path = 'C:/Program Files/Unity/Hub/Editor/6000.0.62f1/Editor/Data/MonoBleedingEdge/etc'
Using monoOptions --debugger-agent=transport=dt_socket,embedding=1,server=y,suspend=n,address=127.0.0.1:56652
Begin MonoManager ReloadAssembly
Registering precompiled unity dll's ...
Register platform support module: C:/Program Files/Unity/Hub/Editor/6000.0.62f1/Editor/Data/PlaybackEngines/WebGLSupport/UnityEditor.WebGL.Extensions.dll
Register platform support module: C:/Program Files/Unity/Hub/Editor/6000.0.62f1/Editor/Data/PlaybackEngines/WindowsStandaloneSupport/UnityEditor.WindowsStandalone.Extensions.dll
Registered in 0.003906 seconds.
- Loaded All Assemblies, in  0.454 seconds
Native extension for WindowsStandalone target not found
Native extension for WebGL target not found
Mono: successfully reloaded assembly
- Finished resetting the current domain, in  0.409 seconds
Domain Reload Profiling: 862ms
	BeginReloadAssembly (185ms)
		ExecutionOrderSort (0ms)
		DisableScriptedObjects (0ms)
		BackupInstance (0ms)
		ReleaseScriptingObjects (0ms)
		CreateAndSetChildDomain (1ms)
	RebuildCommonClasses (41ms)
	RebuildNativeTypeToScriptingClass (11ms)
	initialDomainReloadingComplete (50ms)
	LoadAllAssembliesAndSetupDomain (166ms)
		LoadAssemblies (180ms)
		RebuildTransferFunctionScriptingTraits (0ms)
		AnalyzeDomain (164ms)
			TypeCache.Refresh (163ms)
				TypeCache.ScanAssembly (151ms)
			BuildScriptInfoCaches (0ms)
			ResolveRequiredComponents (0ms)
	FinalizeReload (410ms)
		ReleaseScriptCaches (0ms)
		RebuildScriptCaches (0ms)
		SetupLoadedEditorAssemblies (365ms)
			LogAssemblyErrors (0ms)
			InitializePlatformSupportModulesInManaged (19ms)
			SetLoadedEditorAssemblies (5ms)
			BeforeProcessingInitializeOnLoad (71ms)
			ProcessInitializeOnLoadAttributes (210ms)
			ProcessInitializeOnLoadMethodAttributes (59ms)
			AfterProcessingInitializeOnLoad (0ms)
			EditorAssembliesLoaded (0ms)
		ExecutionOrderSort2 (0ms)
		AwakeInstancesAfterBackupRestoration (0ms)
Assembly reference Packages/com.unity.cinemachine/Editor/Samples/ExposeHDRPInternals/HDRP-Editor-ref.asmref has no target assembly definition
========================================================================
Worker process is ready to serve import requests
Import Worker Mode flag is 0x00
Assembly reference Packages/com.unity.cinemachine/Editor/Samples/ExposeHDRPInternals/HDRP-Editor-ref.asmref has no target assembly definition
Assembly reference Packages/com.unity.cinemachine/Editor/Samples/ExposeHDRPInternals/HDRP-Editor-ref.asmref has no target assembly definition
Begin MonoManager ReloadAssembly
[Licensing::Client] Successfully resolved entitlement details
[Licensing::Module] License group:
  Id: 18966783445336-UnityPersXXXX
  Product: Unity Personal
  Type: Assigned
  Expiration: Unlimited
- Loaded All Assemblies, in  1.243 seconds
Assembly reference Packages/com.unity.cinemachine/Editor/Samples/ExposeHDRPInternals/HDRP-Editor-ref.asmref has no target assembly definition
'Packages/com.unity.cinemachine/Editor/Obsolete/CinemachineVirtualCameraBaseEditor.cs' contains partial class of Unity.Object, exactly 1 of the partial classes needs to be in a file with the same filename. This is to know the one that can be referenced from ie. GameObjects
'Packages/com.unity.cinemachine/Editor/Editors/CinemachineVirtualCameraBaseEditor.cs' contains partial class of Unity.Object, exactly 1 of the partial classes needs to be in a file with the same filename. This is to know the one that can be referenced from ie. GameObjects
Refreshing native plugins compatible for Editor in 0.61 ms, found 3 plugins.
Native extension for WindowsStandalone target not found
Native extension for WebGL target not found
Assembly reference Packages/com.unity.cinemachine/Editor/Samples/ExposeHDRPInternals/HDRP-Editor-ref.asmref has no target assembly definition
[MODES] ModeService[none].Initialize
[MODES] ModeService[none].LoadModes
[MODES] Loading mode Default (0) for mode-current-id-Project Survivor
Package Manager log level set to [2]
[Package Manager] Failed to launch server process. Reason: Unity was launched with the -noUpm command-line argument
[Package Manager] Unable to send message (not connected to server process).
[Package Manager] Cannot connect to Unity Package Manager local server
[Package Manager] Failed to launch server process. Reason: Unity was launched with the -noUpm command-line argument
[Package Manager] Unable to send message (not connected to server process).
[Package Manager] Cannot connect to Unity Package Manager local server
Mono: successfully reloaded assembly
- Finished resetting the current domain, in  1.022 seconds
Domain Reload Profiling: 2261ms
	BeginReloadAssembly (201ms)
		ExecutionOrderSort (0ms)
		DisableScriptedObjects (7ms)
		BackupInstance (0ms)
		ReleaseScriptingObjects (0ms)
		CreateAndSetChildDomain (30ms)
	RebuildCommonClasses (43ms)
	RebuildNativeTypeToScriptingClass (16ms)
	initialDomainReloadingComplete (46ms)
	LoadAllAssembliesAndSetupDomain (932ms)
		LoadAssemblies (653ms)
		RebuildTransferFunctionScriptingTraits (0ms)
		AnalyzeDomain (389ms)
			TypeCache.Refresh (299ms)
				TypeCache.ScanAssembly (283ms)
			BuildScriptInfoCaches (68ms)
			ResolveRequiredComponents (16ms)
	FinalizeReload (1023ms)
		ReleaseScriptCaches (0ms)
		RebuildScriptCaches (0ms)
		SetupLoadedEditorAssemblies (799ms)
			LogAssemblyErrors (0ms)
			InitializePlatformSupportModulesInManaged (3ms)
			SetLoadedEditorAssemblies (4ms)
			BeforeProcessingInitializeOnLoad (135ms)
			ProcessInitializeOnLoadAttributes (610ms)
			ProcessInitializeOnLoadMethodAttributes (43ms)
			AfterProcessingInitializeOnLoad (5ms)
			EditorAssembliesLoaded (0ms)
		ExecutionOrderSort2 (0ms)
		AwakeInstancesAfterBackupRestoration (5ms)
Error creating external process 'C:/Program Files/Unity/Hub/Editor/6000.0.62f1/Editor/Data/Tools/UnityShaderCompiler.exe' : Bu işlemin tamamlanması için disk belleği dosyası çok küçük.
Error cleaning up external process: İşleyici geçersiz.
Failed to launch UnityShaderCompiler.exe shader compiler! C:/Program Files/Unity/Hub/Editor/6000.0.62f1/Editor/Data/Tools/UnityShaderCompiler.exe
Launched and connected shader compiler UnityShaderCompiler.exe after 0.01 seconds
Refreshing native plugins compatible for Editor in 1.14 ms, found 3 plugins.
Preloading 0 native plugins for Editor in 0.00 ms.
Unloading 14 Unused Serialized files (Serialized files now loaded: 0)
Unloading 6665 unused Assets / (5.4 MB). Loaded Objects now: 7333.
Memory consumption went from 147.3 MB to 141.9 MB.
Total: 52.814100 ms (FindLiveObjects: 0.691500 ms CreateObjectMapping: 7.699500 ms MarkObjects: 6.063500 ms  DeleteObjects: 38.357900 ms)

========================================================================
Received Import Request.
  Time since last request: 14070.595971 seconds.
  path: Assets/Models/KayKit/Nature/Assets/gltf/Tree_Bare_2_C_Color1.gltf
  artifactKey: Guid(e36d5e3c97563f647966d5ef878414f1) Importer(2089858483,192608db42251d675da83286b1cce702)
Start importing Assets/Models/KayKit/Nature/Assets/gltf/Tree_Bare_2_C_Color1.gltf using Guid(e36d5e3c97563f647966d5ef878414f1) Importer(2089858483,192608db42251d675da83286b1cce702) (ScriptedImporter) -> (artifact id: '3555ae0bf4d8fd968143f3a48febc256') in 0.28113 seconds
Number of updated asset objects reloaded before import = 0Number of asset objects unloaded after import = 1

========================================================================
Received Import Request.
  Time since last request: 0.317524 seconds.
  path: Assets/Models/PolyRonin/Pine Forest Pack/Prefabs/Log1.prefab
  artifactKey: Guid(de56f59a4256a6e43833ef44bc66477f) Importer(815301076,1909f56bfc062723c751e8b465ee728b)
Start importing Assets/Models/PolyRonin/Pine Forest Pack/Prefabs/Log1.prefab using Guid(de56f59a4256a6e43833ef44bc66477f) Importer(815301076,1909f56bfc062723c751e8b465ee728b) (PreviewImporter) -> (artifact id: '490c04cfb6c5abbbac9e2f9e09c67b3a') in 0.3681479 seconds
Number of updated asset objects reloaded before import = 0Number of asset objects unloaded after import = 9

========================================================================
Received Import Request.
  Time since last request: 0.114005 seconds.
  path: Assets/Settings/Very High_PipelineAsset.asset
  artifactKey: Guid(ee6641c4280587349ba545ba39569488) Importer(2089858483,192608db42251d675da83286b1cce702)
Start importing Assets/Settings/Very High_PipelineAsset.asset using Guid(ee6641c4280587349ba545ba39569488) Importer(2089858483,192608db42251d675da83286b1cce702) (ScriptedImporter) -> (artifact id: '10cb142b503b9fcaf46f3ff6375c30bb') in 0.0643757 seconds
Number of updated asset objects reloaded before import = 0Number of asset objects unloaded after import = 2

========================================================================
Received Import Request.
  Time since last request: 0.415219 seconds.
  path: Assets/Models/KayKit/Nature/Assets/obj/Grass_2_C_Singlesided_Color1.mtl
  artifactKey: Guid(c9f765341a4c20f4681ea586431d965f) Importer(2089858483,192608db42251d675da83286b1cce702)
Start importing Assets/Models/KayKit/Nature/Assets/obj/Grass_2_C_Singlesided_Color1.mtl using Guid(c9f765341a4c20f4681ea586431d965f) Importer(2089858483,192608db42251d675da83286b1cce702) (ScriptedImporter) -> (artifact id: 'b02c6e1ef2b408f5899f7bc4afdbd800') in 0.0030441 seconds
Number of updated asset objects reloaded before import = 0Number of asset objects unloaded after import = 1

========================================================================
Received Import Request.
  Time since last request: 0.477212 seconds.
  path: Assets/Models/KayKit/Nature/Assets/obj/Rock_2_H_Color1.obj
  artifactKey: Guid(751212e49e5c9404588aafb06db032aa) Importer(2089858483,192608db42251d675da83286b1cce702)
Start importing Assets/Models/KayKit/Nature/Assets/obj/Rock_2_H_Color1.obj using Guid(751212e49e5c9404588aafb06db032aa) Importer(2089858483,192608db42251d675da83286b1cce702) (ScriptedImporter) -> (artifact id: 'b882a09f1f7b862ac57d23aab51be75d') in 0.0253378 seconds
Number of updated asset objects reloaded before import = 0Number of asset objects unloaded after import = 11

========================================================================
Received Import Request.
  Time since last request: 0.459992 seconds.
  path: Assets/Models/KayKit/Nature/Assets/obj/Rock_3_Q_Color1.obj
  artifactKey: Guid(c50c8f1b5a5c90e4698b574f50442eaa) Importer(2089858483,192608db42251d675da83286b1cce702)
Start importing Assets/Models/KayKit/Nature/Assets/obj/Rock_3_Q_Color1.obj using Guid(c50c8f1b5a5c90e4698b574f50442eaa) Importer(2089858483,192608db42251d675da83286b1cce702) (ScriptedImporter) -> (artifact id: '1f9c7213de828539f881b291b4301695') in 0.010628 seconds
Number of updated asset objects reloaded before import = 0Number of asset objects unloaded after import = 11

========================================================================
Received Import Request.
  Time since last request: 0.462923 seconds.
  path: Assets/Models/KayKit/Nature/Assets/obj/Grass_2_C_Color1.obj
  artifactKey: Guid(75339ff478251b149a3d1a3249b6d53a) Importer(2089858483,192608db42251d675da83286b1cce702)
Start importing Assets/Models/KayKit/Nature/Assets/obj/Grass_2_C_Color1.obj using Guid(75339ff478251b149a3d1a3249b6d53a) Importer(2089858483,192608db42251d675da83286b1cce702) (ScriptedImporter) -> (artifact id: 'e631c290d2865e13d4620019b3dfe42d') in 0.0103135 seconds
Number of updated asset objects reloaded before import = 0Number of asset objects unloaded after import = 11

========================================================================
Received Import Request.
  Time since last request: 0.000014 seconds.
  path: Assets/Materials/Gridbox Prototype Materials/Materials/Standard/Prototype_512x512_Pink.mat
  artifactKey: Guid(4944e2c33c99f9f46a4796e2e746213e) Importer(2089858483,192608db42251d675da83286b1cce702)
Start importing Assets/Materials/Gridbox Prototype Materials/Materials/Standard/Prototype_512x512_Pink.mat using Guid(4944e2c33c99f9f46a4796e2e746213e) Importer(2089858483,192608db42251d675da83286b1cce702) (ScriptedImporter) -> (artifact id: '636794de971a041ca9908a85a3f70ce5') in 0.016454 seconds
Number of updated asset objects reloaded before import = 0Number of asset objects unloaded after import = 3

========================================================================
Received Import Request.
  Time since last request: 0.000016 seconds.
  path: Assets/Models/OccaSoftware/Low Poly Fantasy Village/Prefabs/Flower_1.prefab
  artifactKey: Guid(454c2db2cdbf1b6458ec9b7174b5cc1e) Importer(2089858483,192608db42251d675da83286b1cce702)
Start importing Assets/Models/OccaSoftware/Low Poly Fantasy Village/Prefabs/Flower_1.prefab using Guid(454c2db2cdbf1b6458ec9b7174b5cc1e) Importer(2089858483,192608db42251d675da83286b1cce702) (ScriptedImporter) -> (artifact id: 'aeca392da64a2c57463877bc4d628ed0') in 0.035817 seconds
Number of updated asset objects reloaded before import = 0Number of asset objects unloaded after import = 9

========================================================================
Received Import Request.
  Time since last request: 0.000017 seconds.
  path: Assets/Models/OccaSoftware/Low Poly Fantasy Village/Prefabs/Pine Tree_2.prefab
  artifactKey: Guid(b494815f7682f6e4db2ff5cd616e1717) Importer(2089858483,192608db42251d675da83286b1cce702)
Start importing Assets/Models/OccaSoftware/Low Poly Fantasy Village/Prefabs/Pine Tree_2.prefab using Guid(b494815f7682f6e4db2ff5cd616e1717) Importer(2089858483,192608db42251d675da83286b1cce702) (ScriptedImporter) -> (artifact id: '24da819b910b0fc9d2d41cffd98757be') in 0.0209102 seconds
Number of updated asset objects reloaded before import = 0Number of asset objects unloaded after import = 9

========================================================================
Received Import Request.
  Time since last request: 0.000023 seconds.
  path: Assets/Models/OccaSoftware/Low Poly Fantasy Village/Prefabs/Lantern.prefab
  artifactKey: Guid(cfd9e31c880414441aa66f70b40e16db) Importer(2089858483,192608db42251d675da83286b1cce702)
Start importing Assets/Models/OccaSoftware/Low Poly Fantasy Village/Prefabs/Lantern.prefab using Guid(cfd9e31c880414441aa66f70b40e16db) Importer(2089858483,192608db42251d675da83286b1cce702) (ScriptedImporter) -> (artifact id: 'df3ceeaee4acf2d622dc4d7e6ce1d0ef') in 0.0106601 seconds
Number of updated asset objects reloaded before import = 0Number of asset objects unloaded after import = 10

========================================================================
Received Import Request.
  Time since last request: 0.000015 seconds.
  path: Assets/Models/KayKit/Nature/Assets/obj/Rock_2_D_Color1.obj
  artifactKey: Guid(0a2326ad300b4fc4c9c3bee2b0a61bdd) Importer(2089858483,192608db42251d675da83286b1cce702)
Start importing Assets/Models/KayKit/Nature/Assets/obj/Rock_2_D_Color1.obj using Guid(0a2326ad300b4fc4c9c3bee2b0a61bdd) Importer(2089858483,192608db42251d675da83286b1cce702) (ScriptedImporter) -> (artifact id: '175cfd4d78d28e4e1692b4340eb1af52') in 0.0076832 seconds
Number of updated asset objects reloaded before import = 0Number of asset objects unloaded after import = 11

========================================================================
Received Import Request.
  Time since last request: 0.000018 seconds.
  path: Assets/Models/KayKit/Nature/Assets/obj/Tree_Bare_2_A_Color1.mtl
  artifactKey: Guid(451a99dfdbae96a47baa645e8a2db16a) Importer(2089858483,192608db42251d675da83286b1cce702)
Start importing Assets/Models/KayKit/Nature/Assets/obj/Tree_Bare_2_A_Color1.mtl using Guid(451a99dfdbae96a47baa645e8a2db16a) Importer(2089858483,192608db42251d675da83286b1cce702) (ScriptedImporter) -> (artifact id: '21012ea9d721fb989267cca93aac2101') in 0.0028765 seconds
Number of updated asset objects reloaded before import = 0Number of asset objects unloaded after import = 1

========================================================================
Received Import Request.
  Time since last request: 0.000017 seconds.
  path: Assets/Models/KayKit/Nature/Assets/obj/Rock_3_M_Color1.obj
  artifactKey: Guid(4b8cd435ebde68d44a205012f2db86cf) Importer(2089858483,192608db42251d675da83286b1cce702)
Start importing Assets/Models/KayKit/Nature/Assets/obj/Rock_3_M_Color1.obj using Guid(4b8cd435ebde68d44a205012f2db86cf) Importer(2089858483,192608db42251d675da83286b1cce702) (ScriptedImporter) -> (artifact id: 'ebe6dcf91c1f5143be1759c5cb928835') in 0.012671 seconds
Number of updated asset objects reloaded before import = 0Number of asset objects unloaded after import = 11

========================================================================
Received Import Request.
  Time since last request: 0.000017 seconds.
  path: Assets/Models/OccaSoftware/Low Poly Fantasy Village/Prefabs/Path Piece_12.prefab
  artifactKey: Guid(153f3075a51f5974d9809c5d794d6ce1) Importer(2089858483,192608db42251d675da83286b1cce702)
Start importing Assets/Models/OccaSoftware/Low Poly Fantasy Village/Prefabs/Path Piece_12.prefab using Guid(153f3075a51f5974d9809c5d794d6ce1) Importer(2089858483,192608db42251d675da83286b1cce702) (ScriptedImporter) -> (artifact id: '622ab653805bea898c6137bda15b7473') in 0.0139196 seconds
Number of updated asset objects reloaded before import = 0Number of asset objects unloaded after import = 9

========================================================================
Received Import Request.
  Time since last request: 0.000016 seconds.
  path: Assets/Models/KayKit/Nature/Assets/obj/Bush_2_C_Color1.mtl
  artifactKey: Guid(8b5bf5847ea100a4db5c2ced8688af82) Importer(2089858483,192608db42251d675da83286b1cce702)
Start importing Assets/Models/KayKit/Nature/Assets/obj/Bush_2_C_Color1.mtl using Guid(8b5bf5847ea100a4db5c2ced8688af82) Importer(2089858483,192608db42251d675da83286b1cce702) (ScriptedImporter) -> (artifact id: '0227a02d23336ddeeedf861afa4203e4') in 0.0021625 seconds
Number of updated asset objects reloaded before import = 0Number of asset objects unloaded after import = 1

========================================================================
Received Import Request.
  Time since last request: 0.000017 seconds.
  path: Assets/Models/KayKit/Nature/Assets/obj/Tree_Bare_1_A_Color1.obj
  artifactKey: Guid(03d16b8ce420e6b4a910ae4515963971) Importer(2089858483,192608db42251d675da83286b1cce702)
Start importing Assets/Models/KayKit/Nature/Assets/obj/Tree_Bare_1_A_Color1.obj using Guid(03d16b8ce420e6b4a910ae4515963971) Importer(2089858483,192608db42251d675da83286b1cce702) (ScriptedImporter) -> (artifact id: 'd1ea90e573d4c1fa395f44245eea8e4c') in 0.0088805 seconds
Number of updated asset objects reloaded before import = 0Number of asset objects unloaded after import = 11

========================================================================
Received Import Request.
  Time since last request: 0.000016 seconds.
  path: Assets/Models/KayKit/Nature/Assets/obj/Bush_1_F_Color1.obj
  artifactKey: Guid(f564b559709f8884795f07913bdd7250) Importer(2089858483,192608db42251d675da83286b1cce702)
Start importing Assets/Models/KayKit/Nature/Assets/obj/Bush_1_F_Color1.obj using Guid(f564b559709f8884795f07913bdd7250) Importer(2089858483,192608db42251d675da83286b1cce702) (ScriptedImporter) -> (artifact id: 'a09c6ff53aaad553da2f5e717de15382') in 0.0293549 seconds
Number of updated asset objects reloaded before import = 0Number of asset objects unloaded after import = 11

========================================================================
Received Import Request.
  Time since last request: 0.000027 seconds.
  path: Assets/Models/KayKit/Nature/Assets/gltf/Bush_4_E_Color1.gltf
  artifactKey: Guid(7fdb8f81284098e43b64cc22b23bf77d) Importer(2089858483,192608db42251d675da83286b1cce702)
Start importing Assets/Models/KayKit/Nature/Assets/gltf/Bush_4_E_Color1.gltf using Guid(7fdb8f81284098e43b64cc22b23bf77d) Importer(2089858483,192608db42251d675da83286b1cce702) (ScriptedImporter) -> (artifact id: '71d2f07a937bf2ec88af30e515aa8680') in 0.0022074 seconds
Number of updated asset objects reloaded before import = 0Number of asset objects unloaded after import = 1

========================================================================
Received Import Request.
  Time since last request: 0.000017 seconds.
  path: Assets/Models/OccaSoftware/Low Poly Fantasy Village/Prefabs/Flower_4.prefab
  artifactKey: Guid(466b9e1bb6210f94bbdd141eb97e3c8d) Importer(2089858483,192608db42251d675da83286b1cce702)
Start importing Assets/Models/OccaSoftware/Low Poly Fantasy Village/Prefabs/Flower_4.prefab using Guid(466b9e1bb6210f94bbdd141eb97e3c8d) Importer(2089858483,192608db42251d675da83286b1cce702) (ScriptedImporter) -> (artifact id: 'f39c31435e10e9b3fb3efe7e9ce21ce5') in 0.0362577 seconds
Number of updated asset objects reloaded before import = 0Number of asset objects unloaded after import = 9

========================================================================
Received Import Request.
  Time since last request: 0.000015 seconds.
  path: Assets/Models/KayKit/Nature/Assets/obj/Rock_3_O_Color1.mtl
  artifactKey: Guid(1df4245f5722fc3478543e7a9421d620) Importer(2089858483,192608db42251d675da83286b1cce702)
Start importing Assets/Models/KayKit/Nature/Assets/obj/Rock_3_O_Color1.mtl using Guid(1df4245f5722fc3478543e7a9421d620) Importer(2089858483,192608db42251d675da83286b1cce702) (ScriptedImporter) -> (artifact id: '579b24a21fd18362bb90a7301f0bbc9e') in 0.0026995 seconds
Number of updated asset objects reloaded before import = 0Number of asset objects unloaded after import = 1

========================================================================
Received Import Request.
  Time since last request: 0.000017 seconds.
  path: Assets/Models/KayKit/Nature/Assets/obj/Bush_4_E_Color1.mtl
  artifactKey: Guid(4d4bd5b9079466546aa85747d705b72c) Importer(2089858483,192608db42251d675da83286b1cce702)
Start importing Assets/Models/KayKit/Nature/Assets/obj/Bush_4_E_Color1.mtl using Guid(4d4bd5b9079466546aa85747d705b72c) Importer(2089858483,192608db42251d675da83286b1cce702) (ScriptedImporter) -> (artifact id: 'fd409ae116779122d115bfd51e26ddac') in 0.0023881 seconds
Number of updated asset objects reloaded before import = 0Number of asset objects unloaded after import = 1

========================================================================
Received Import Request.
  Time since last request: 0.000018 seconds.
  path: Assets/Models/KayKit/Nature/Assets/obj/Bush_4_B_Color1.obj
  artifactKey: Guid(5b0722a30b292fc4c9072bd4a967a7fb) Importer(2089858483,192608db42251d675da83286b1cce702)
Start importing Assets/Models/KayKit/Nature/Assets/obj/Bush_4_B_Color1.obj using Guid(5b0722a30b292fc4c9072bd4a967a7fb) Importer(2089858483,192608db42251d675da83286b1cce702) (ScriptedImporter) -> (artifact id: '7a3e975ff7aec0017286f1a103e52532') in 0.0836867 seconds
Number of updated asset objects reloaded before import = 0Number of asset objects unloaded after import = 11

========================================================================
Received Import Request.
  Time since last request: 0.000016 seconds.
  path: Assets/Models/KayKit/Nature/Assets/obj/Bush_1_G_Color1.mtl
  artifactKey: Guid(3bbd74d26ae4fbc47a68f52ee6fbfb1f) Importer(2089858483,192608db42251d675da83286b1cce702)
Start importing Assets/Models/KayKit/Nature/Assets/obj/Bush_1_G_Color1.mtl using Guid(3bbd74d26ae4fbc47a68f52ee6fbfb1f) Importer(2089858483,192608db42251d675da83286b1cce702) (ScriptedImporter) -> (artifact id: 'be8d0958dd7f059a640d953d61e1afcc') in 0.0032812 seconds
Number of updated asset objects reloaded before import = 0Number of asset objects unloaded after import = 1

========================================================================
Received Import Request.
  Time since last request: 0.000050 seconds.
  path: Assets/Materials/Gridbox Prototype Materials/Materials/Standard/Prototype_512x512_Grey4.mat
  artifactKey: Guid(8d530ffe6c4968843806085897955b9d) Importer(2089858483,192608db42251d675da83286b1cce702)
Start importing Assets/Materials/Gridbox Prototype Materials/Materials/Standard/Prototype_512x512_Grey4.mat using Guid(8d530ffe6c4968843806085897955b9d) Importer(2089858483,192608db42251d675da83286b1cce702) (ScriptedImporter) -> (artifact id: 'd3985066816db27b56bbf23f7228fcbb') in 0.0533405 seconds
Number of updated asset objects reloaded before import = 0Number of asset objects unloaded after import = 3

========================================================================
Received Import Request.
  Time since last request: 0.000014 seconds.
  path: Assets/Models/KayKit/Nature/Assets/obj/Rock_2_E_Color1.mtl
  artifactKey: Guid(42eba80191994324b8adf81a4ca004d4) Importer(2089858483,192608db42251d675da83286b1cce702)
Start importing Assets/Models/KayKit/Nature/Assets/obj/Rock_2_E_Color1.mtl using Guid(42eba80191994324b8adf81a4ca004d4) Importer(2089858483,192608db42251d675da83286b1cce702) (ScriptedImporter) -> (artifact id: 'b179b10c0bb7d8048b82a210bac7332c') in 0.0033121 seconds
Number of updated asset objects reloaded before import = 0Number of asset objects unloaded after import = 1

========================================================================
Received Import Request.
  Time since last request: 0.000014 seconds.
  path: Assets/Models/KayKit/Nature/Assets/gltf/Bush_2_B_Color1.gltf
  artifactKey: Guid(9ee7316c175b6ad4692243eededb9aba) Importer(2089858483,192608db42251d675da83286b1cce702)
Start importing Assets/Models/KayKit/Nature/Assets/gltf/Bush_2_B_Color1.gltf using Guid(9ee7316c175b6ad4692243eededb9aba) Importer(2089858483,192608db42251d675da83286b1cce702) (ScriptedImporter) -> (artifact id: 'a2b2d7dc3b37d091c29b037a23324662') in 0.0020279 seconds
Number of updated asset objects reloaded before import = 0Number of asset objects unloaded after import = 1

========================================================================
Received Import Request.
  Time since last request: 0.000014 seconds.
  path: Assets/Models/KayKit/Nature/Assets/obj/Bush_4_C_Color1.obj
  artifactKey: Guid(daf5c64cae2f3594b86ca0b07f4bda00) Importer(2089858483,192608db42251d675da83286b1cce702)
Start importing Assets/Models/KayKit/Nature/Assets/obj/Bush_4_C_Color1.obj using Guid(daf5c64cae2f3594b86ca0b07f4bda00) Importer(2089858483,192608db42251d675da83286b1cce702) (ScriptedImporter) -> (artifact id: '279ee193ccba9935a38de1505e5d7af2') in 0.0124035 seconds
Number of updated asset objects reloaded before import = 0Number of asset objects unloaded after import = 11

========================================================================
Received Import Request.
  Time since last request: 0.000016 seconds.
  path: Assets/Models/KayKit/Nature/Assets/gltf/Rock_1_I_Color1.gltf
  artifactKey: Guid(8cd179c0f5b1af444ab5315ebf2b16d2) Importer(2089858483,192608db42251d675da83286b1cce702)
Start importing Assets/Models/KayKit/Nature/Assets/gltf/Rock_1_I_Color1.gltf using Guid(8cd179c0f5b1af444ab5315ebf2b16d2) Importer(2089858483,192608db42251d675da83286b1cce702) (ScriptedImporter) -> (artifact id: 'ffe7ac93340dc7b3ebbdbf2659c12a9b') in 0.0028859 seconds
Number of updated asset objects reloaded before import = 0Number of asset objects unloaded after import = 1

========================================================================
Received Import Request.
  Time since last request: 0.000016 seconds.
  path: Assets/Models/KayKit/Nature/Assets/obj
  artifactKey: Guid(1362567fcc8ab654882f73ddb62ebb6c) Importer(2089858483,192608db42251d675da83286b1cce702)
Start importing Assets/Models/KayKit/Nature/Assets/obj using Guid(1362567fcc8ab654882f73ddb62ebb6c) Importer(2089858483,192608db42251d675da83286b1cce702) (ScriptedImporter) -> (artifact id: 'c12860af6ee7a755db8e0fe88a0a044f') in 0.0027654 seconds
Number of updated asset objects reloaded before import = 0Number of asset objects unloaded after import = 1

========================================================================
Received Import Request.
  Time since last request: 0.000020 seconds.
  path: Assets/Models/KayKit/Nature/Assets/obj/Bush_1_F_Color1.mtl
  artifactKey: Guid(f02e0456f5ce13241a4b6fbb6985491c) Importer(2089858483,192608db42251d675da83286b1cce702)
Start importing Assets/Models/KayKit/Nature/Assets/obj/Bush_1_F_Color1.mtl using Guid(f02e0456f5ce13241a4b6fbb6985491c) Importer(2089858483,192608db42251d675da83286b1cce702) (ScriptedImporter) -> (artifact id: '87c033551b2badbfefb6a11028da735e') in 0.0020552 seconds
Number of updated asset objects reloaded before import = 0Number of asset objects unloaded after import = 1

========================================================================
Received Import Request.
  Time since last request: 0.000013 seconds.
  path: Assets/Models/KayKit/Nature/Assets/obj/Tree_Bare_2_B_Color1.obj
  artifactKey: Guid(e7f0c25ec6b353c42849b87282708362) Importer(2089858483,192608db42251d675da83286b1cce702)
Start importing Assets/Models/KayKit/Nature/Assets/obj/Tree_Bare_2_B_Color1.obj using Guid(e7f0c25ec6b353c42849b87282708362) Importer(2089858483,192608db42251d675da83286b1cce702) (ScriptedImporter) -> (artifact id: '2295bdf6d99fcd205764430d05c0c2f6') in 0.0072194 seconds
Number of updated asset objects reloaded before import = 0Number of asset objects unloaded after import = 11

========================================================================
Received Import Request.
  Time since last request: 0.000019 seconds.
  path: Assets/Animations/DownloadedAnims/Movement
  artifactKey: Guid(0794742d7d4be8242b3a0fd27cae7c13) Importer(2089858483,192608db42251d675da83286b1cce702)
Start importing Assets/Animations/DownloadedAnims/Movement using Guid(0794742d7d4be8242b3a0fd27cae7c13) Importer(2089858483,192608db42251d675da83286b1cce702) (ScriptedImporter) -> (artifact id: '4950a9183d2dd5c34a0a63d09bb471ae') in 0.0025361 seconds
Number of updated asset objects reloaded before import = 0Number of asset objects unloaded after import = 1

========================================================================
Received Import Request.
  Time since last request: 0.000022 seconds.
  path: Assets/Models/KayKit/Nature/Assets/obj/Grass_2_B_Color1.obj
  artifactKey: Guid(c2ba3c25eeaecb54b98ea30d1455a1e0) Importer(2089858483,192608db42251d675da83286b1cce702)
Start importing Assets/Models/KayKit/Nature/Assets/obj/Grass_2_B_Color1.obj using Guid(c2ba3c25eeaecb54b98ea30d1455a1e0) Importer(2089858483,192608db42251d675da83286b1cce702) (ScriptedImporter) -> (artifact id: '071473053718ba064bdda626c14922d2') in 0.0103467 seconds
Number of updated asset objects reloaded before import = 0Number of asset objects unloaded after import = 11

========================================================================
Received Import Request.
  Time since last request: 0.000024 seconds.
  path: Assets/Animations/DownloadedAnims/Gathering
  artifactKey: Guid(530002ea215aa2a4a913e0eb4107a8b9) Importer(2089858483,192608db42251d675da83286b1cce702)
Start importing Assets/Animations/DownloadedAnims/Gathering using Guid(530002ea215aa2a4a913e0eb4107a8b9) Importer(2089858483,192608db42251d675da83286b1cce702) (ScriptedImporter) -> (artifact id: 'a32934e56460f42119c4b1e693417d34') in 0.0032593 seconds
Number of updated asset objects reloaded before import = 0Number of asset objects unloaded after import = 1

========================================================================
Received Import Request.
  Time since last request: 0.000025 seconds.
  path: Assets/Models/KayKit/Nature/Assets/obj/Tree_Bare_1_B_Color1.mtl
  artifactKey: Guid(f618fc3cb3172da489e586c209af939a) Importer(2089858483,192608db42251d675da83286b1cce702)
Start importing Assets/Models/KayKit/Nature/Assets/obj/Tree_Bare_1_B_Color1.mtl using Guid(f618fc3cb3172da489e586c209af939a) Importer(2089858483,192608db42251d675da83286b1cce702) (ScriptedImporter) -> (artifact id: 'b95dc7833fc39527c9bf8c7ef3c00151') in 0.0088299 seconds
Number of updated asset objects reloaded before import = 0Number of asset objects unloaded after import = 1

========================================================================
Received Import Request.
  Time since last request: 0.000024 seconds.
  path: Assets/Models/KayKit/Nature/Assets/obj/Bush_2_D_Color1.mtl
  artifactKey: Guid(78e450524cc74354c8abd2169bdec761) Importer(2089858483,192608db42251d675da83286b1cce702)
Start importing Assets/Models/KayKit/Nature/Assets/obj/Bush_2_D_Color1.mtl using Guid(78e450524cc74354c8abd2169bdec761) Importer(2089858483,192608db42251d675da83286b1cce702) (ScriptedImporter) -> (artifact id: 'b2adf483d975bd9e26a2bb15fc535042') in 0.0096633 seconds
Number of updated asset objects reloaded before import = 0Number of asset objects unloaded after import = 1

========================================================================
Received Import Request.
  Time since last request: 0.000017 seconds.
  path: Assets/Materials/Gridbox Prototype Materials/Materials/Standard/Prototype_512x512_Purple.mat
  artifactKey: Guid(36bce9ab6cae8ce43962938466458044) Importer(2089858483,192608db42251d675da83286b1cce702)
Start importing Assets/Materials/Gridbox Prototype Materials/Materials/Standard/Prototype_512x512_Purple.mat using Guid(36bce9ab6cae8ce43962938466458044) Importer(2089858483,192608db42251d675da83286b1cce702) (ScriptedImporter) -> (artifact id: 'a41a96f8a57c836e8bb7207fb0dec4a6') in 0.2065157 seconds
Number of updated asset objects reloaded before import = 0Number of asset objects unloaded after import = 3

========================================================================
Received Import Request.
  Time since last request: 0.000019 seconds.
  path: Assets/Models/KayKit/Nature/Assets/gltf/Rock_1_A_Color1.gltf
  artifactKey: Guid(1c781925242687e4890b66eb3ce98741) Importer(2089858483,192608db42251d675da83286b1cce702)
Start importing Assets/Models/KayKit/Nature/Assets/gltf/Rock_1_A_Color1.gltf using Guid(1c781925242687e4890b66eb3ce98741) Importer(2089858483,192608db42251d675da83286b1cce702) (ScriptedImporter) -> (artifact id: 'a2f76e5b105ead67abf907da04b91c68') in 0.0026584 seconds
Number of updated asset objects reloaded before import = 0Number of asset objects unloaded after import = 1

========================================================================
Received Import Request.
  Time since last request: 0.000022 seconds.
  path: Assets/Models/Mixamo/tripo_convert_9d79b687-9a1a-4bca-a5aa-7f730f15eb15.obj
  artifactKey: Guid(d052d73e4215629459c77dbae45923a3) Importer(2089858483,192608db42251d675da83286b1cce702)
Start importing Assets/Models/Mixamo/tripo_convert_9d79b687-9a1a-4bca-a5aa-7f730f15eb15.obj using Guid(d052d73e4215629459c77dbae45923a3) Importer(2089858483,192608db42251d675da83286b1cce702) (ScriptedImporter) -> (artifact id: '0744b83349313188bf1a984587536afd') in 0.4203831 seconds
Number of updated asset objects reloaded before import = 0Number of asset objects unloaded after import = 11

========================================================================
Received Import Request.
  Time since last request: 0.000028 seconds.
  path: Assets/Joystick Pack/Prefabs
  artifactKey: Guid(d41e4075f56d1e1438b3af3673ec6081) Importer(2089858483,192608db42251d675da83286b1cce702)
Start importing Assets/Joystick Pack/Prefabs using Guid(d41e4075f56d1e1438b3af3673ec6081) Importer(2089858483,192608db42251d675da83286b1cce702) (ScriptedImporter) -> (artifact id: '91e010e52d320b1851c8afdba6b972c1') in 0.0019905 seconds
Number of updated asset objects reloaded before import = 0Number of asset objects unloaded after import = 1

========================================================================
Received Import Request.
  Time since last request: 0.000027 seconds.
  path: Assets/Models/KayKit/Nature/Assets/gltf/Rock_2_F_Color1.gltf
  artifactKey: Guid(237b28460ce33434887b6572e47fc5da) Importer(2089858483,192608db42251d675da83286b1cce702)
Start importing Assets/Models/KayKit/Nature/Assets/gltf/Rock_2_F_Color1.gltf using Guid(237b28460ce33434887b6572e47fc5da) Importer(2089858483,192608db42251d675da83286b1cce702) (ScriptedImporter) -> (artifact id: '7aa200572107dc63817559e791713654') in 0.0057321 seconds
Number of updated asset objects reloaded before import = 0Number of asset objects unloaded after import = 1

========================================================================
Received Import Request.
  Time since last request: 0.000014 seconds.
  path: Assets/Models/KayKit/Nature/Assets/obj/Grass_1_C_Color1.mtl
  artifactKey: Guid(9a8354a8e1a30dd47ba17f22e2e0fc88) Importer(2089858483,192608db42251d675da83286b1cce702)
Start importing Assets/Models/KayKit/Nature/Assets/obj/Grass_1_C_Color1.mtl using Guid(9a8354a8e1a30dd47ba17f22e2e0fc88) Importer(2089858483,192608db42251d675da83286b1cce702) (ScriptedImporter) -> (artifact id: '997b08895442f2280e144ea3affe4431') in 0.0081767 seconds
Number of updated asset objects reloaded before import = 0Number of asset objects unloaded after import = 1

========================================================================
Received Import Request.
  Time since last request: 0.000013 seconds.
  path: Assets/Models/KayKit/Nature/Assets/obj/Rock_1_I_Color1.mtl
  artifactKey: Guid(8ede83fd282d06e48bd6c2027c1396d6) Importer(2089858483,192608db42251d675da83286b1cce702)
Start importing Assets/Models/KayKit/Nature/Assets/obj/Rock_1_I_Color1.mtl using Guid(8ede83fd282d06e48bd6c2027c1396d6) Importer(2089858483,192608db42251d675da83286b1cce702) (ScriptedImporter) -> (artifact id: 'cc9b79fbfd5f8481afb6b96eef30bb68') in 0.2501182 seconds
Number of updated asset objects reloaded before import = 0Number of asset objects unloaded after import = 1

========================================================================
Received Import Request.
  Time since last request: 0.000039 seconds.
  path: Assets/Models/OccaSoftware/Low Poly Fantasy Village/Prefabs/Tree_5.prefab
  artifactKey: Guid(2186aabdeb39ce6449ceb9b0878704b5) Importer(2089858483,192608db42251d675da83286b1cce702)
Start importing Assets/Models/OccaSoftware/Low Poly Fantasy Village/Prefabs/Tree_5.prefab using Guid(2186aabdeb39ce6449ceb9b0878704b5) Importer(2089858483,192608db42251d675da83286b1cce702) (ScriptedImporter) -> (artifact id: '35e5a7b87d0bf6daaeca93634b3c58dc') in 0.0058196 seconds
Number of updated asset objects reloaded before import = 0Number of asset objects unloaded after import = 9

========================================================================
Received Import Request.
  Time since last request: 0.000020 seconds.
  path: Assets/Models/KayKit/Nature/Assets/obj/Bush_1_C_Color1.mtl
  artifactKey: Guid(e5f19d67b415e9346a3dc640106b84dd) Importer(2089858483,192608db42251d675da83286b1cce702)
Start importing Assets/Models/KayKit/Nature/Assets/obj/Bush_1_C_Color1.mtl using Guid(e5f19d67b415e9346a3dc640106b84dd) Importer(2089858483,192608db42251d675da83286b1cce702) (ScriptedImporter) -> (artifact id: '54f9a3224db4793a5fbbf1f126bdc240') in 0.0022101 seconds
Number of updated asset objects reloaded before import = 0Number of asset objects unloaded after import = 1

========================================================================
Received Import Request.
  Time since last request: 0.000013 seconds.
  path: Assets/Joystick Pack/Sprites
  artifactKey: Guid(f36f8459cb8c3fd44ba4390ba9652af8) Importer(2089858483,192608db42251d675da83286b1cce702)
Start importing Assets/Joystick Pack/Sprites using Guid(f36f8459cb8c3fd44ba4390ba9652af8) Importer(2089858483,192608db42251d675da83286b1cce702) (ScriptedImporter) -> (artifact id: 'd8f7fb1cd2ee180b06d8de7f4d5f53b4') in 0.0023811 seconds
Number of updated asset objects reloaded before import = 0Number of asset objects unloaded after import = 1

========================================================================
Received Import Request.
  Time since last request: 0.000013 seconds.
  path: Assets/Models/KayKit/Nature/Assets/obj/Tree_3_B_Color1.mtl
  artifactKey: Guid(b3781d727605b17459364812c4cd980e) Importer(2089858483,192608db42251d675da83286b1cce702)
Start importing Assets/Models/KayKit/Nature/Assets/obj/Tree_3_B_Color1.mtl using Guid(b3781d727605b17459364812c4cd980e) Importer(2089858483,192608db42251d675da83286b1cce702) (ScriptedImporter) -> (artifact id: 'c6ca1a1000969c201726be66ab24c493') in 0.002009 seconds
Number of updated asset objects reloaded before import = 0Number of asset objects unloaded after import = 1

========================================================================
Received Import Request.
  Time since last request: 0.000013 seconds.
  path: Assets/Models/KayKit/Nature/Assets/gltf/Grass_2_B_Singlesided_Color1.gltf
  artifactKey: Guid(fc7915bbf26bd9047bee83cd9f9843bc) Importer(2089858483,192608db42251d675da83286b1cce702)
Start importing Assets/Models/KayKit/Nature/Assets/gltf/Grass_2_B_Singlesided_Color1.gltf using Guid(fc7915bbf26bd9047bee83cd9f9843bc) Importer(2089858483,192608db42251d675da83286b1cce702) (ScriptedImporter) -> (artifact id: 'fa4c537cf58b765cb123e5598d123345') in 0.0019023 seconds
Number of updated asset objects reloaded before import = 0Number of asset objects unloaded after import = 1

========================================================================
Received Import Request.
  Time since last request: 0.000013 seconds.
  path: Assets/Models/KayKit/Nature/Assets/gltf/Grass_2_C_Color1.gltf
  artifactKey: Guid(e56ea89e9fa183647bc21b7dee6de37e) Importer(2089858483,192608db42251d675da83286b1cce702)
Start importing Assets/Models/KayKit/Nature/Assets/gltf/Grass_2_C_Color1.gltf using Guid(e56ea89e9fa183647bc21b7dee6de37e) Importer(2089858483,192608db42251d675da83286b1cce702) (ScriptedImporter) -> (artifact id: '86fbd89df3ad28f5bbe4b6bb94e85e2a') in 0.0031494 seconds
Number of updated asset objects reloaded before import = 0Number of asset objects unloaded after import = 1

========================================================================
Received Import Request.
  Time since last request: 0.000015 seconds.
  path: Assets/Models/KayKit/Nature/Assets/obj/Rock_3_P_Color1.obj
  artifactKey: Guid(983acef66a8fc96418713fc24545e843) Importer(2089858483,192608db42251d675da83286b1cce702)
Start importing Assets/Models/KayKit/Nature/Assets/obj/Rock_3_P_Color1.obj using Guid(983acef66a8fc96418713fc24545e843) Importer(2089858483,192608db42251d675da83286b1cce702) (ScriptedImporter) -> (artifact id: '67ff79bbeb45b4fdf4d096f52646a8e0') in 0.0075914 seconds
Number of updated asset objects reloaded before import = 0Number of asset objects unloaded after import = 11

========================================================================
Received Import Request.
  Time since last request: 0.000014 seconds.
  path: Assets/Models/KayKit/Nature/Assets/obj/Bush_1_E_Color1.mtl
  artifactKey: Guid(548685ad6610fa947a63f0930d3dddab) Importer(2089858483,192608db42251d675da83286b1cce702)
Start importing Assets/Models/KayKit/Nature/Assets/obj/Bush_1_E_Color1.mtl using Guid(548685ad6610fa947a63f0930d3dddab) Importer(2089858483,192608db42251d675da83286b1cce702) (ScriptedImporter) -> (artifact id: 'dcdb42a3310c8f6c4dd766ed488edac2') in 0.0018466 seconds
Number of updated asset objects reloaded before import = 0Number of asset objects unloaded after import = 1

========================================================================
Received Import Request.
  Time since last request: 0.000021 seconds.
  path: Assets/Models/KayKit/Nature/Assets/gltf/Rock_2_E_Color1.gltf
  artifactKey: Guid(579dd2b27292daa47bf8130aeb53cf03) Importer(2089858483,192608db42251d675da83286b1cce702)
Start importing Assets/Models/KayKit/Nature/Assets/gltf/Rock_2_E_Color1.gltf using Guid(579dd2b27292daa47bf8130aeb53cf03) Importer(2089858483,192608db42251d675da83286b1cce702) (ScriptedImporter) -> (artifact id: 'e06048b5e287479ac5c6b3a4bdbaaa90') in 0.0019099 seconds
Number of updated asset objects reloaded before import = 0Number of asset objects unloaded after import = 1

========================================================================
Received Import Request.
  Time since last request: 0.000017 seconds.
  path: Assets/Settings/Low_PipelineAsset.asset
  artifactKey: Guid(57ba3465827eea34fad49fecb37b1aae) Importer(2089858483,192608db42251d675da83286b1cce702)
Start importing Assets/Settings/Low_PipelineAsset.asset using Guid(57ba3465827eea34fad49fecb37b1aae) Importer(2089858483,192608db42251d675da83286b1cce702) (ScriptedImporter) -> (artifact id: 'dabec53aa541a87ade3e51917f4ba113') in 0.0090804 seconds
Number of updated asset objects reloaded before import = 0Number of asset objects unloaded after import = 2

========================================================================
Received Import Request.
  Time since last request: 0.000014 seconds.
  path: Assets/Models/KayKit/Nature/Assets/gltf/Tree_1_A_Color1.gltf
  artifactKey: Guid(e74ea607c2ea26447a8c7dc0f252e7fb) Importer(2089858483,192608db42251d675da83286b1cce702)
Start importing Assets/Models/KayKit/Nature/Assets/gltf/Tree_1_A_Color1.gltf using Guid(e74ea607c2ea26447a8c7dc0f252e7fb) Importer(2089858483,192608db42251d675da83286b1cce702) (ScriptedImporter) -> (artifact id: '875ed7d4cd6647e7dcd80dc0f7ffa603') in 0.0245458 seconds
Number of updated asset objects reloaded before import = 0Number of asset objects unloaded after import = 1

========================================================================
Received Import Request.
  Time since last request: 0.000013 seconds.
  path: Assets/Models/KayKit/Nature/Assets/gltf/Rock_3_I_Color1.gltf
  artifactKey: Guid(762abbccd5232b64bb7d34526a1992b5) Importer(2089858483,192608db42251d675da83286b1cce702)
Start importing Assets/Models/KayKit/Nature/Assets/gltf/Rock_3_I_Color1.gltf using Guid(762abbccd5232b64bb7d34526a1992b5) Importer(2089858483,192608db42251d675da83286b1cce702) (ScriptedImporter) -> (artifact id: '3841516a29b7c4ab60daf652fc11dddf') in 0.0022026 seconds
Number of updated asset objects reloaded before import = 0Number of asset objects unloaded after import = 1

========================================================================
Received Import Request.
  Time since last request: 0.000015 seconds.
  path: Assets/Models/KayKit/Nature/Assets/obj/Tree_4_A_Color1.obj
  artifactKey: Guid(bb88e79e6d54663439f610389b1c9ce3) Importer(2089858483,192608db42251d675da83286b1cce702)
Start importing Assets/Models/KayKit/Nature/Assets/obj/Tree_4_A_Color1.obj using Guid(bb88e79e6d54663439f610389b1c9ce3) Importer(2089858483,192608db42251d675da83286b1cce702) (ScriptedImporter) -> (artifact id: '875f881b8f99d973d889f79d965ae3d7') in 0.0066103 seconds
Number of updated asset objects reloaded before import = 0Number of asset objects unloaded after import = 11

========================================================================
Received Import Request.
  Time since last request: 0.000016 seconds.
  path: Assets/Models/KayKit/Nature/Assets/gltf/Rock_3_G_Color1.gltf
  artifactKey: Guid(b81d74d0f677bc9418883ff7b6305f48) Importer(2089858483,192608db42251d675da83286b1cce702)
Start importing Assets/Models/KayKit/Nature/Assets/gltf/Rock_3_G_Color1.gltf using Guid(b81d74d0f677bc9418883ff7b6305f48) Importer(2089858483,192608db42251d675da83286b1cce702) (ScriptedImporter) -> (artifact id: 'b88c7f023b0ea0bb9d4e18d835ba499d') in 0.0027734 seconds
Number of updated asset objects reloaded before import = 0Number of asset objects unloaded after import = 1

========================================================================
Received Import Request.
  Time since last request: 0.000024 seconds.
  path: Assets/Models/KayKit/Nature/Assets/gltf/Rock_1_K_Color1.gltf
  artifactKey: Guid(550044910c835594dafefad4a5e6c957) Importer(2089858483,192608db42251d675da83286b1cce702)
Start importing Assets/Models/KayKit/Nature/Assets/gltf/Rock_1_K_Color1.gltf using Guid(550044910c835594dafefad4a5e6c957) Importer(2089858483,192608db42251d675da83286b1cce702) (ScriptedImporter) -> (artifact id: '8837ef4656fc00237f61b071d7692e3a') in 0.0969945 seconds
Number of updated asset objects reloaded before import = 0Number of asset objects unloaded after import = 1

========================================================================
Received Import Request.
  Time since last request: 0.000015 seconds.
  path: Assets/Models/KayKit/Nature/Assets/obj/Rock_1_Q_Color1.obj
  artifactKey: Guid(df8d60b2f674a354685c03b429d87dab) Importer(2089858483,192608db42251d675da83286b1cce702)
Start importing Assets/Models/KayKit/Nature/Assets/obj/Rock_1_Q_Color1.obj using Guid(df8d60b2f674a354685c03b429d87dab) Importer(2089858483,192608db42251d675da83286b1cce702) (ScriptedImporter) -> (artifact id: '752e75689cd2f5b45c504902d62fff0c') in 0.0124875 seconds
Number of updated asset objects reloaded before import = 0Number of asset objects unloaded after import = 11

========================================================================
Received Import Request.
  Time since last request: 0.000016 seconds.
  path: Assets/Settings/Medium_PipelineAsset.asset
  artifactKey: Guid(759f44a5284113a4597a70ac4e283219) Importer(2089858483,192608db42251d675da83286b1cce702)
Start importing Assets/Settings/Medium_PipelineAsset.asset using Guid(759f44a5284113a4597a70ac4e283219) Importer(2089858483,192608db42251d675da83286b1cce702) (ScriptedImporter) -> (artifact id: '31a1689885c99a47564c5899037e7f7b') in 0.0096379 seconds
Number of updated asset objects reloaded before import = 0Number of asset objects unloaded after import = 2

========================================================================
Received Import Request.
  Time since last request: 0.000017 seconds.
  path: Assets/Models/OccaSoftware/Low Poly Fantasy Village/Prefabs/Pine Tree_3.prefab
  artifactKey: Guid(6df0c32e24342b845b0ca643604fe0ef) Importer(2089858483,192608db42251d675da83286b1cce702)
Start importing Assets/Models/OccaSoftware/Low Poly Fantasy Village/Prefabs/Pine Tree_3.prefab using Guid(6df0c32e24342b845b0ca643604fe0ef) Importer(2089858483,192608db42251d675da83286b1cce702) (ScriptedImporter) -> (artifact id: '01dced4069b4cee080b689782ce65873') in 0.0129597 seconds
Number of updated asset objects reloaded before import = 0Number of asset objects unloaded after import = 9

========================================================================
Received Import Request.
  Time since last request: 0.000013 seconds.
  path: Assets/Models/KayKit/Nature/Assets/obj/Rock_3_I_Color1.obj
  artifactKey: Guid(719da654050c46d40bd044864facec51) Importer(2089858483,192608db42251d675da83286b1cce702)
Start importing Assets/Models/KayKit/Nature/Assets/obj/Rock_3_I_Color1.obj using Guid(719da654050c46d40bd044864facec51) Importer(2089858483,192608db42251d675da83286b1cce702) (ScriptedImporter) -> (artifact id: '3fdb0b61fc62f8f4497263480492333b') in 0.0162439 seconds
Number of updated asset objects reloaded before import = 0Number of asset objects unloaded after import = 11

========================================================================
Received Import Request.
  Time since last request: 0.000021 seconds.
  path: Assets/Models/OccaSoftware/Low Poly Fantasy Village/Prefabs/Path_2.prefab
  artifactKey: Guid(54908593d3b9f614b85d81ea61bee672) Importer(2089858483,192608db42251d675da83286b1cce702)
Start importing Assets/Models/OccaSoftware/Low Poly Fantasy Village/Prefabs/Path_2.prefab using Guid(54908593d3b9f614b85d81ea61bee672) Importer(2089858483,192608db42251d675da83286b1cce702) (ScriptedImporter) -> (artifact id: '001be0b31ade9d092226986033d96c35') in 0.0324616 seconds
Number of updated asset objects reloaded before import = 0Number of asset objects unloaded after import = 45

========================================================================
Received Import Request.
  Time since last request: 0.000014 seconds.
  path: Assets/Models/KayKit/Nature/Assets/gltf/Tree_1_B_Color1.gltf
  artifactKey: Guid(bceb9e3fd112821418929f306442a6a5) Importer(2089858483,192608db42251d675da83286b1cce702)
Start importing Assets/Models/KayKit/Nature/Assets/gltf/Tree_1_B_Color1.gltf using Guid(bceb9e3fd112821418929f306442a6a5) Importer(2089858483,192608db42251d675da83286b1cce702) (ScriptedImporter) -> (artifact id: '93d028177ca5e82022893cdf040072be') in 0.0023504 seconds
Number of updated asset objects reloaded before import = 0Number of asset objects unloaded after import = 1

========================================================================
Received Import Request.
  Time since last request: 0.000012 seconds.
  path: Assets/Models/KayKit/Nature/Assets/gltf/Tree_1_C_Color1.gltf
  artifactKey: Guid(abe2558830b30214bb14a7de80de5798) Importer(2089858483,192608db42251d675da83286b1cce702)
Start importing Assets/Models/KayKit/Nature/Assets/gltf/Tree_1_C_Color1.gltf using Guid(abe2558830b30214bb14a7de80de5798) Importer(2089858483,192608db42251d675da83286b1cce702) (ScriptedImporter) -> (artifact id: '2fd4da80bcea48c3f3cea82b0edcf65c') in 0.0022731 seconds
Number of updated asset objects reloaded before import = 0Number of asset objects unloaded after import = 1

========================================================================
Received Import Request.
  Time since last request: 0.000013 seconds.
  path: Assets/Models/KayKit/Nature/Assets/gltf/Grass_1_C_Singlesided_Color1.gltf
  artifactKey: Guid(e8fa01d29ff4521439d484d27fd6ad09) Importer(2089858483,192608db42251d675da83286b1cce702)
Start importing Assets/Models/KayKit/Nature/Assets/gltf/Grass_1_C_Singlesided_Color1.gltf using Guid(e8fa01d29ff4521439d484d27fd6ad09) Importer(2089858483,192608db42251d675da83286b1cce702) (ScriptedImporter) -> (artifact id: '0375d1f03d7daada0689a36451adfe56') in 0.0039419 seconds
Number of updated asset objects reloaded before import = 0Number of asset objects unloaded after import = 1

========================================================================
Received Import Request.
  Time since last request: 0.000018 seconds.
  path: Assets/Models/KayKit/Nature/Assets/obj/Rock_2_H_Color1.mtl
  artifactKey: Guid(35b9d900c9d338a4faf2b65622ae9bdc) Importer(2089858483,192608db42251d675da83286b1cce702)
Start importing Assets/Models/KayKit/Nature/Assets/obj/Rock_2_H_Color1.mtl using Guid(35b9d900c9d338a4faf2b65622ae9bdc) Importer(2089858483,192608db42251d675da83286b1cce702) (ScriptedImporter) -> (artifact id: 'e9dc0aea0161d0f0cf0de9ed019a6606') in 0.0303618 seconds
Number of updated asset objects reloaded before import = 0Number of asset objects unloaded after import = 1

========================================================================
Received Import Request.
  Time since last request: 0.000015 seconds.
  path: Assets/Joystick Pack/Scripts/Base
  artifactKey: Guid(04bf1fec540b6ee4987dc6524756477c) Importer(2089858483,192608db42251d675da83286b1cce702)
Start importing Assets/Joystick Pack/Scripts/Base using Guid(04bf1fec540b6ee4987dc6524756477c) Importer(2089858483,192608db42251d675da83286b1cce702) (ScriptedImporter) -> (artifact id: 'c16f3a5761caff88c77713766dff4b09') in 0.0021709 seconds
Number of updated asset objects reloaded before import = 0Number of asset objects unloaded after import = 1

========================================================================
Received Import Request.
  Time since last request: 0.000014 seconds.
  path: Assets/Models/KayKit/Nature/Assets/obj/Grass_1_B_Singlesided_Color1.mtl
  artifactKey: Guid(7cd5114fc12355740a21720f1c930e1c) Importer(2089858483,192608db42251d675da83286b1cce702)
Start importing Assets/Models/KayKit/Nature/Assets/obj/Grass_1_B_Singlesided_Color1.mtl using Guid(7cd5114fc12355740a21720f1c930e1c) Importer(2089858483,192608db42251d675da83286b1cce702) (ScriptedImporter) -> (artifact id: 'dc4045bfe1d5cb1a803e52529376a211') in 0.0024612 seconds
Number of updated asset objects reloaded before import = 0Number of asset objects unloaded after import = 1

========================================================================
Received Import Request.
  Time since last request: 0.000014 seconds.
  path: Assets/Models/KayKit/Nature/Assets/gltf/Bush_2_F_Color1.gltf
  artifactKey: Guid(f5178e2a18a41ad48b91cba7ad30fd60) Importer(2089858483,192608db42251d675da83286b1cce702)
Start importing Assets/Models/KayKit/Nature/Assets/gltf/Bush_2_F_Color1.gltf using Guid(f5178e2a18a41ad48b91cba7ad30fd60) Importer(2089858483,192608db42251d675da83286b1cce702) (ScriptedImporter) -> (artifact id: '95d78e39ad40006b1cf65ae62f8b6397') in 0.003937 seconds
Number of updated asset objects reloaded before import = 0Number of asset objects unloaded after import = 1

========================================================================
Received Import Request.
  Time since last request: 0.000018 seconds.
  path: Assets/Materials/Gridbox Prototype Materials/Materials/Standard/Prototype_512x512_Grey3.mat
  artifactKey: Guid(17c44fb3e5be9644586a0728a5f5a386) Importer(2089858483,192608db42251d675da83286b1cce702)
Start importing Assets/Materials/Gridbox Prototype Materials/Materials/Standard/Prototype_512x512_Grey3.mat using Guid(17c44fb3e5be9644586a0728a5f5a386) Importer(2089858483,192608db42251d675da83286b1cce702) (ScriptedImporter) -> (artifact id: 'f3d859ed3292020821f26857a65ad569') in 0.0090743 seconds
Number of updated asset objects reloaded before import = 0Number of asset objects unloaded after import = 3

========================================================================
Received Import Request.
  Time since last request: 0.000013 seconds.
  path: Assets/Models/KayKit/Nature/Assets/gltf/Bush_2_E_Color1.gltf
  artifactKey: Guid(a78a9550aab13d34b9193e79fdee17c5) Importer(2089858483,192608db42251d675da83286b1cce702)
Start importing Assets/Models/KayKit/Nature/Assets/gltf/Bush_2_E_Color1.gltf using Guid(a78a9550aab13d34b9193e79fdee17c5) Importer(2089858483,192608db42251d675da83286b1cce702) (ScriptedImporter) -> (artifact id: '690289648cb260027658cfdba4a1f9d2') in 0.0020531 seconds
Number of updated asset objects reloaded before import = 0Number of asset objects unloaded after import = 1

========================================================================
Received Import Request.
  Time since last request: 0.000016 seconds.
  path: Assets/Models/KayKit/Nature/Assets/gltf/Tree_3_A_Color1.gltf
  artifactKey: Guid(aaff449efbdaaa34e8e7c2efcbbbf360) Importer(2089858483,192608db42251d675da83286b1cce702)
Start importing Assets/Models/KayKit/Nature/Assets/gltf/Tree_3_A_Color1.gltf using Guid(aaff449efbdaaa34e8e7c2efcbbbf360) Importer(2089858483,192608db42251d675da83286b1cce702) (ScriptedImporter) -> (artifact id: 'ca02525b59f758496409106e644b63bd') in 0.0097671 seconds
Number of updated asset objects reloaded before import = 0Number of asset objects unloaded after import = 1

========================================================================
Received Import Request.
  Time since last request: 0.000013 seconds.
  path: Assets/Models/KayKit/Nature/Assets/obj/Rock_3_N_Color1.obj
  artifactKey: Guid(14cb4ece81f8ef14f83f1635521821de) Importer(2089858483,192608db42251d675da83286b1cce702)
Start importing Assets/Models/KayKit/Nature/Assets/obj/Rock_3_N_Color1.obj using Guid(14cb4ece81f8ef14f83f1635521821de) Importer(2089858483,192608db42251d675da83286b1cce702) (ScriptedImporter) -> (artifact id: '18093f30b29963af22f54b1c0e83653a') in 0.0089759 seconds
Number of updated asset objects reloaded before import = 0Number of asset objects unloaded after import = 11

========================================================================
Received Import Request.
  Time since last request: 0.000013 seconds.
  path: Assets/Materials/Gridbox Prototype Materials/Materials/Standard/Prototype_512x512_Brown.mat
  artifactKey: Guid(a54b7ad866d3a9b47bbf3b53baa0acc4) Importer(2089858483,192608db42251d675da83286b1cce702)
Start importing Assets/Materials/Gridbox Prototype Materials/Materials/Standard/Prototype_512x512_Brown.mat using Guid(a54b7ad866d3a9b47bbf3b53baa0acc4) Importer(2089858483,192608db42251d675da83286b1cce702) (ScriptedImporter) -> (artifact id: '1759af427ccea3bc6482c7bf7ce3b5be') in 0.0082144 seconds
Number of updated asset objects reloaded before import = 0Number of asset objects unloaded after import = 3

========================================================================
Received Import Request.
  Time since last request: 0.000015 seconds.
  path: Assets/Models/PolyRonin/Pine Forest Pack/Prefabs/Pine2.prefab
  artifactKey: Guid(26993d92f0b1be744aa9ec6e7ac50c41) Importer(2089858483,192608db42251d675da83286b1cce702)
Start importing Assets/Models/PolyRonin/Pine Forest Pack/Prefabs/Pine2.prefab using Guid(26993d92f0b1be744aa9ec6e7ac50c41) Importer(2089858483,192608db42251d675da83286b1cce702) (ScriptedImporter) -> (artifact id: '2b493daf8badde6d9008f1d6544a8b57') in 0.0060375 seconds
Number of updated asset objects reloaded before import = 0Number of asset objects unloaded after import = 8

========================================================================
Received Import Request.
  Time since last request: 0.000032 seconds.
  path: Assets/Models/PolyRonin/Pine Forest Pack/Meshes/pine-trees-pack-1.fbx
  artifactKey: Guid(38c88e570311a2141920c22be7f01df0) Importer(2089858483,192608db42251d675da83286b1cce702)
Start importing Assets/Models/PolyRonin/Pine Forest Pack/Meshes/pine-trees-pack-1.fbx using Guid(38c88e570311a2141920c22be7f01df0) Importer(2089858483,192608db42251d675da83286b1cce702) (ScriptedImporter) -> (artifact id: '580590aeea1653c6e37f9252234f5334') in 1.684185 seconds
Number of updated asset objects reloaded before import = 0Number of asset objects unloaded after import = 17585

========================================================================
Received Import Request.
  Time since last request: 1.159456 seconds.
  path: Assets/Models/KayKit/Nature/Assets/gltf/Tree_Bare_2_B_Color1.gltf
  artifactKey: Guid(e66b83d2418bb8044a274685a2aa7616) Importer(2089858483,192608db42251d675da83286b1cce702)
Start importing Assets/Models/KayKit/Nature/Assets/gltf/Tree_Bare_2_B_Color1.gltf using Guid(e66b83d2418bb8044a274685a2aa7616) Importer(2089858483,192608db42251d675da83286b1cce702) (ScriptedImporter) -> (artifact id: '84ad43a8c53abd44349c9081189d6d07') in 0.0029932 seconds
Number of updated asset objects reloaded before import = 0Number of asset objects unloaded after import = 1

Editor requested this worker to shutdown with reason: Scaling down because of idle timeout
AssetImportWorker is now disconnected from the server
Process exiting
Exiting without the bug reporter. Application will terminate with return code 0