[Licensing::Module] Trying to connect to existing licensing client channel...
Built from '6000.0/staging' branch; Version is '6000.0.62f1 (f99f05b3e950) revision 16359173'; Using compiler version '193933523'; Build Type 'Release'
OS: 'Windows 11  (10.0.26100) 64bit Professional' Language: 'tr' Physical Memory: 32621 MB
BatchMode: 1, IsHumanControllingUs: 0, StartBugReporterOnCrash: 0, Is64bit: 1
[Licensing::IpcConnector] Successfully connected to: "LicenseClient-Mehmet" at "2025-12-15T08:35:16.1097975Z"
Date: 2025-12-15T08:35:16Z

COMMAND LINE ARGUMENTS:
C:\Program Files\Unity\Hub\Editor\6000.0.62f1\Editor\Unity.exe
-adb2
-batchMode
-noUpm
-name
AssetImportWorker14
-projectPath
D:/Github/Project-Survival
-logFile
Logs/AssetImportWorker14.log
-srvPort
51519
-licensingIpc
LicenseClient-Mehmet
-job-worker-count
11
-background-job-worker-count
8
-gc-helper-count
1
-name
AssetImport
Successfully changed project path to: D:/Github/Project-Survival
D:/Github/Project-Survival
[UnityMemory] Configuration Parameters - Can be set up in boot.config
    "memorysetup-bucket-allocator-granularity=16"
    "memorysetup-bucket-allocator-bucket-count=8"
    "memorysetup-bucket-allocator-block-size=33554432"
    "memorysetup-bucket-allocator-block-count=8"
    "memorysetup-main-allocator-block-size=16777216"
    "memorysetup-thread-allocator-block-size=16777216"
    "memorysetup-gfx-main-allocator-block-size=16777216"
    "memorysetup-gfx-thread-allocator-block-size=16777216"
    "memorysetup-cache-allocator-block-size=4194304"
    "memorysetup-typetree-allocator-block-size=2097152"
    "memorysetup-profiler-bucket-allocator-granularity=16"
    "memorysetup-profiler-bucket-allocator-bucket-count=8"
    "memorysetup-profiler-bucket-allocator-block-size=33554432"
    "memorysetup-profiler-bucket-allocator-block-count=8"
    "memorysetup-profiler-allocator-block-size=16777216"
    "memorysetup-profiler-editor-allocator-block-size=1048576"
    "memorysetup-temp-allocator-size-main=16777216"
    "memorysetup-job-temp-allocator-block-size=2097152"
    "memorysetup-job-temp-allocator-block-size-background=1048576"
    "memorysetup-job-temp-allocator-reduction-small-platforms=262144"
    "memorysetup-allocator-temp-initial-block-size-main=262144"
    "memorysetup-allocator-temp-initial-block-size-worker=262144"
    "memorysetup-temp-allocator-size-background-worker=32768"
    "memorysetup-temp-allocator-size-job-worker=262144"
    "memorysetup-temp-allocator-size-preload-manager=33554432"
    "memorysetup-temp-allocator-size-nav-mesh-worker=65536"
    "memorysetup-temp-allocator-size-audio-worker=65536"
    "memorysetup-temp-allocator-size-cloud-worker=32768"
    "memorysetup-temp-allocator-size-gi-baking-worker=262144"
    "memorysetup-temp-allocator-size-gi-baking-worker=262144"
    "memorysetup-temp-allocator-size-gi-baking-worker=262144"
    "memorysetup-temp-allocator-size-gi-baking-worker=262144"
    "memorysetup-temp-allocator-size-gi-baking-worker=262144"
    "memorysetup-temp-allocator-size-gfx=262144"
Player connection [34576]  Target information:

Player connection [34576]  * "[IP] 10.0.1.102 [Port] 0 [Flags] 2 [Guid] 3068156427 [EditorId] 3068156427 [Version] 1048832 [Id] WindowsEditor(7,DESKTOP-P02AFH1) [Debug] 1 [PackageName] WindowsEditor [ProjectName] Editor" 

Player connection [34576] Host joined multi-casting on [225.0.0.222:54997]...
Player connection [34576] Host joined alternative multi-casting on [225.0.0.222:34997]...
JobSystem: Creating JobQueue using job-worker-count value 11
Input System module state changed to: Initialized.
[Physics::Module] Initialized fallback backend.
[Physics::Module] Id: 0xdecafbad
[Licensing::Client] Code 10 while verifying Licensing Client signature (process Id: 12252, path: "C:/Program Files/Unity Hub/UnityLicensingClient_V1/Unity.Licensing.Client.exe")
[Licensing::Module] LicensingClient has failed validation; ignoring
[Licensing::Client] Handshaking with LicensingClient:
  Version:                 1.17.3+a4e98f1
  Session Id:              91a90af09a924bc6b22ed4e3142a7886
  Correlation Id:          b780854bcde18a98b8c9fc5011d0894f
  External correlation Id: 3690187283999777376
  Machine Id:              zsDTylX/wbsPzAhj9VZkiZ+wIzE=
[Licensing::Module] Successfully connected to LicensingClient on channel: "LicenseClient-Mehmet" (connect: 0.00s, validation: 0.03s, handshake: 0.06s)
[Licensing::IpcConnector] Successfully connected to: "LicenseClient-Mehmet-notifications" at "2025-12-15T08:35:16.1991725Z"
[Licensing::Module] Licensing Background thread has ended after 0.09s
Library Redirect Path: Library/
[Physics::Module] Selected backend.
[Physics::Module] Name: PhysX
[Physics::Module] Id: 0xf2b8ea05
[Physics::Module] SDK Version: 4.1.2
[Physics::Module] Integration Version: 1.0.0
[Physics::Module] Threading Mode: Multi-Threaded
Refreshing native plugins compatible for Editor in 5.46 ms, found 3 plugins.
Preloading 0 native plugins for Editor in 0.00 ms.
Initialize engine version: 6000.0.62f1 (f99f05b3e950)
[Subsystems] Discovering subsystems at path C:/Program Files/Unity/Hub/Editor/6000.0.62f1/Editor/Data/Resources/UnitySubsystems
[Subsystems] Discovering subsystems at path D:/Github/Project-Survival/Assets
GfxDevice: creating device client; kGfxThreadingModeNonThreaded
Direct3D:
    Version:  Direct3D 11.0 [level 11.1]
    Renderer: NVIDIA GeForce RTX 3050 (ID=0x2507)
    Vendor:   NVIDIA
    VRAM:     8042 MB
    Driver:   32.0.15.8157
Initialize mono
Mono path[0] = 'C:/Program Files/Unity/Hub/Editor/6000.0.62f1/Editor/Data/Managed'
Mono path[1] = 'C:/Program Files/Unity/Hub/Editor/6000.0.62f1/Editor/Data/MonoBleedingEdge/lib/mono/unityjit-win32'
Mono config path = 'C:/Program Files/Unity/Hub/Editor/6000.0.62f1/Editor/Data/MonoBleedingEdge/etc'
Using monoOptions --debugger-agent=transport=dt_socket,embedding=1,server=y,suspend=n,address=127.0.0.1:56572
Begin MonoManager ReloadAssembly
Registering precompiled unity dll's ...
Register platform support module: C:/Program Files/Unity/Hub/Editor/6000.0.62f1/Editor/Data/PlaybackEngines/WebGLSupport/UnityEditor.WebGL.Extensions.dll
Register platform support module: C:/Program Files/Unity/Hub/Editor/6000.0.62f1/Editor/Data/PlaybackEngines/WindowsStandaloneSupport/UnityEditor.WindowsStandalone.Extensions.dll
Registered in 0.003798 seconds.
- Loaded All Assemblies, in  0.472 seconds
Native extension for WindowsStandalone target not found
Native extension for WebGL target not found
Mono: successfully reloaded assembly
- Finished resetting the current domain, in  0.426 seconds
Domain Reload Profiling: 895ms
	BeginReloadAssembly (210ms)
		ExecutionOrderSort (0ms)
		DisableScriptedObjects (0ms)
		BackupInstance (0ms)
		ReleaseScriptingObjects (0ms)
		CreateAndSetChildDomain (1ms)
	RebuildCommonClasses (46ms)
	RebuildNativeTypeToScriptingClass (11ms)
	initialDomainReloadingComplete (41ms)
	LoadAllAssembliesAndSetupDomain (162ms)
		LoadAssemblies (206ms)
		RebuildTransferFunctionScriptingTraits (0ms)
		AnalyzeDomain (158ms)
			TypeCache.Refresh (157ms)
				TypeCache.ScanAssembly (142ms)
			BuildScriptInfoCaches (0ms)
			ResolveRequiredComponents (0ms)
	FinalizeReload (426ms)
		ReleaseScriptCaches (0ms)
		RebuildScriptCaches (0ms)
		SetupLoadedEditorAssemblies (366ms)
			LogAssemblyErrors (0ms)
			InitializePlatformSupportModulesInManaged (29ms)
			SetLoadedEditorAssemblies (6ms)
			BeforeProcessingInitializeOnLoad (70ms)
			ProcessInitializeOnLoadAttributes (199ms)
			ProcessInitializeOnLoadMethodAttributes (62ms)
			AfterProcessingInitializeOnLoad (0ms)
			EditorAssembliesLoaded (0ms)
		ExecutionOrderSort2 (0ms)
		AwakeInstancesAfterBackupRestoration (0ms)
Assembly reference Packages/com.unity.cinemachine/Editor/Samples/ExposeHDRPInternals/HDRP-Editor-ref.asmref has no target assembly definition
========================================================================
Worker process is ready to serve import requests
Import Worker Mode flag is 0x00
Assembly reference Packages/com.unity.cinemachine/Editor/Samples/ExposeHDRPInternals/HDRP-Editor-ref.asmref has no target assembly definition
Assembly reference Packages/com.unity.cinemachine/Editor/Samples/ExposeHDRPInternals/HDRP-Editor-ref.asmref has no target assembly definition
Begin MonoManager ReloadAssembly
[Licensing::Client] Successfully resolved entitlement details
[Licensing::Module] License group:
  Id: 18966783445336-UnityPersXXXX
  Product: Unity Personal
  Type: Assigned
  Expiration: Unlimited
- Loaded All Assemblies, in  1.313 seconds
Assembly reference Packages/com.unity.cinemachine/Editor/Samples/ExposeHDRPInternals/HDRP-Editor-ref.asmref has no target assembly definition
'Packages/com.unity.cinemachine/Editor/Obsolete/CinemachineVirtualCameraBaseEditor.cs' contains partial class of Unity.Object, exactly 1 of the partial classes needs to be in a file with the same filename. This is to know the one that can be referenced from ie. GameObjects
'Packages/com.unity.cinemachine/Editor/Editors/CinemachineVirtualCameraBaseEditor.cs' contains partial class of Unity.Object, exactly 1 of the partial classes needs to be in a file with the same filename. This is to know the one that can be referenced from ie. GameObjects
Refreshing native plugins compatible for Editor in 0.60 ms, found 3 plugins.
Native extension for WindowsStandalone target not found
Native extension for WebGL target not found
Assembly reference Packages/com.unity.cinemachine/Editor/Samples/ExposeHDRPInternals/HDRP-Editor-ref.asmref has no target assembly definition
[MODES] ModeService[none].Initialize
[MODES] ModeService[none].LoadModes
[MODES] Loading mode Default (0) for mode-current-id-Project Survivor
Package Manager log level set to [2]
[Package Manager] Failed to launch server process. Reason: Unity was launched with the -noUpm command-line argument
[Package Manager] Unable to send message (not connected to server process).
[Package Manager] Cannot connect to Unity Package Manager local server
[Package Manager] Failed to launch server process. Reason: Unity was launched with the -noUpm command-line argument
[Package Manager] Unable to send message (not connected to server process).
[Package Manager] Cannot connect to Unity Package Manager local server
Mono: successfully reloaded assembly
- Finished resetting the current domain, in  1.060 seconds
Domain Reload Profiling: 2369ms
	BeginReloadAssembly (219ms)
		ExecutionOrderSort (0ms)
		DisableScriptedObjects (6ms)
		BackupInstance (0ms)
		ReleaseScriptingObjects (0ms)
		CreateAndSetChildDomain (39ms)
	RebuildCommonClasses (38ms)
	RebuildNativeTypeToScriptingClass (10ms)
	initialDomainReloadingComplete (45ms)
	LoadAllAssembliesAndSetupDomain (996ms)
		LoadAssemblies (759ms)
		RebuildTransferFunctionScriptingTraits (0ms)
		AnalyzeDomain (353ms)
			TypeCache.Refresh (264ms)
				TypeCache.ScanAssembly (243ms)
			BuildScriptInfoCaches (71ms)
			ResolveRequiredComponents (14ms)
	FinalizeReload (1060ms)
		ReleaseScriptCaches (0ms)
		RebuildScriptCaches (0ms)
		SetupLoadedEditorAssemblies (799ms)
			LogAssemblyErrors (0ms)
			InitializePlatformSupportModulesInManaged (4ms)
			SetLoadedEditorAssemblies (8ms)
			BeforeProcessingInitializeOnLoad (154ms)
			ProcessInitializeOnLoadAttributes (580ms)
			ProcessInitializeOnLoadMethodAttributes (49ms)
			AfterProcessingInitializeOnLoad (4ms)
			EditorAssembliesLoaded (0ms)
		ExecutionOrderSort2 (0ms)
		AwakeInstancesAfterBackupRestoration (5ms)
Launched and connected shader compiler UnityShaderCompiler.exe after 0.02 seconds
Refreshing native plugins compatible for Editor in 0.69 ms, found 3 plugins.
Preloading 0 native plugins for Editor in 0.00 ms.
Unloading 14 Unused Serialized files (Serialized files now loaded: 0)
Unloading 6665 unused Assets / (4.6 MB). Loaded Objects now: 7333.
Memory consumption went from 147.2 MB to 142.6 MB.
Total: 9.750400 ms (FindLiveObjects: 0.585800 ms CreateObjectMapping: 0.467300 ms MarkObjects: 6.007500 ms  DeleteObjects: 2.687200 ms)

========================================================================
Received Import Request.
  Time since last request: 14070.596076 seconds.
  path: Assets/Models/KayKit/Nature/Assets/gltf/Grass_2_Mesh.gltf
  artifactKey: Guid(95b41f981d9b9c841b266c08a62aca1b) Importer(2089858483,192608db42251d675da83286b1cce702)
Start importing Assets/Models/KayKit/Nature/Assets/gltf/Grass_2_Mesh.gltf using Guid(95b41f981d9b9c841b266c08a62aca1b) Importer(2089858483,192608db42251d675da83286b1cce702) (ScriptedImporter) -> (artifact id: 'd30449cdcafc829d26f985f46b15f73e') in 0.2801452 seconds
Number of updated asset objects reloaded before import = 0Number of asset objects unloaded after import = 1

========================================================================
Received Import Request.
  Time since last request: 0.316220 seconds.
  path: Assets/Models/PolyRonin/Pine Forest Pack/Prefabs/Log2.prefab
  artifactKey: Guid(1b27a90a694d1614dba4e3e3e0c8819d) Importer(815301076,1909f56bfc062723c751e8b465ee728b)
Start importing Assets/Models/PolyRonin/Pine Forest Pack/Prefabs/Log2.prefab using Guid(1b27a90a694d1614dba4e3e3e0c8819d) Importer(815301076,1909f56bfc062723c751e8b465ee728b) (PreviewImporter) -> (artifact id: '8a5ff982176e30eadf160f677b96066b') in 0.3735306 seconds
Number of updated asset objects reloaded before import = 0Number of asset objects unloaded after import = 9

========================================================================
Received Import Request.
  Time since last request: 0.087310 seconds.
  path: Assets/Models/KayKit/Nature/Assets/gltf/Rock_2_D_Color1.gltf
  artifactKey: Guid(162ed5768c746f3449cf2fc4a4af5f41) Importer(2089858483,192608db42251d675da83286b1cce702)
Start importing Assets/Models/KayKit/Nature/Assets/gltf/Rock_2_D_Color1.gltf using Guid(162ed5768c746f3449cf2fc4a4af5f41) Importer(2089858483,192608db42251d675da83286b1cce702) (ScriptedImporter) -> (artifact id: 'feaf77dc45eb98d2c6cae23c74b06e68') in 0.0032907 seconds
Number of updated asset objects reloaded before import = 0Number of asset objects unloaded after import = 1

========================================================================
Received Import Request.
  Time since last request: 0.473164 seconds.
  path: Assets/Models/OccaSoftware/Low Poly Fantasy Village/Prefabs/Flower_2.prefab
  artifactKey: Guid(58777b70911a0084593f6197c89476aa) Importer(2089858483,192608db42251d675da83286b1cce702)
Start importing Assets/Models/OccaSoftware/Low Poly Fantasy Village/Prefabs/Flower_2.prefab using Guid(58777b70911a0084593f6197c89476aa) Importer(2089858483,192608db42251d675da83286b1cce702) (ScriptedImporter) -> (artifact id: '81d23e694dac479f74a6bb85b249948c') in 0.0602567 seconds
Number of updated asset objects reloaded before import = 0Number of asset objects unloaded after import = 9

========================================================================
Received Import Request.
  Time since last request: 0.423104 seconds.
  path: Assets/Animations/DownloadedAnims/Combat
  artifactKey: Guid(35b149b905f5c4645896e69ce79c884a) Importer(2089858483,192608db42251d675da83286b1cce702)
Start importing Assets/Animations/DownloadedAnims/Combat using Guid(35b149b905f5c4645896e69ce79c884a) Importer(2089858483,192608db42251d675da83286b1cce702) (ScriptedImporter) -> (artifact id: 'b8bc9834900a3158d4afd6e04c92625c') in 0.0021732 seconds
Number of updated asset objects reloaded before import = 0Number of asset objects unloaded after import = 1

========================================================================
Received Import Request.
  Time since last request: 0.480527 seconds.
  path: Assets/Models/KayKit/Nature/Assets/obj/Bush_3_C_Color1.obj
  artifactKey: Guid(788c0ca75bc0f0e4ea61f892e5d9dc53) Importer(2089858483,192608db42251d675da83286b1cce702)
Start importing Assets/Models/KayKit/Nature/Assets/obj/Bush_3_C_Color1.obj using Guid(788c0ca75bc0f0e4ea61f892e5d9dc53) Importer(2089858483,192608db42251d675da83286b1cce702) (ScriptedImporter) -> (artifact id: '0ed4cc6a138b0a0e0e0ee7b0eee62b45') in 0.0254599 seconds
Number of updated asset objects reloaded before import = 0Number of asset objects unloaded after import = 11

========================================================================
Received Import Request.
  Time since last request: 0.452587 seconds.
  path: Assets/Models/KayKit/Nature/Assets/obj/Grass_2_A_Color1.obj
  artifactKey: Guid(6ab12dafd46b269418a0acd2eaab1826) Importer(2089858483,192608db42251d675da83286b1cce702)
Start importing Assets/Models/KayKit/Nature/Assets/obj/Grass_2_A_Color1.obj using Guid(6ab12dafd46b269418a0acd2eaab1826) Importer(2089858483,192608db42251d675da83286b1cce702) (ScriptedImporter) -> (artifact id: '00e2e75bdb2fb28abd54ec997d80bef5') in 0.0076863 seconds
Number of updated asset objects reloaded before import = 0Number of asset objects unloaded after import = 11

========================================================================
Received Import Request.
  Time since last request: 0.000015 seconds.
  path: Assets/Models/KayKit/Nature/Assets/obj/Rock_3_H_Color1.obj
  artifactKey: Guid(87bf925630c475146b355ddc36404af1) Importer(2089858483,192608db42251d675da83286b1cce702)
Start importing Assets/Models/KayKit/Nature/Assets/obj/Rock_3_H_Color1.obj using Guid(87bf925630c475146b355ddc36404af1) Importer(2089858483,192608db42251d675da83286b1cce702) (ScriptedImporter) -> (artifact id: '17d942f2855124c99357c9c7a739f3e0') in 0.0248895 seconds
Number of updated asset objects reloaded before import = 0Number of asset objects unloaded after import = 11

========================================================================
Received Import Request.
  Time since last request: 0.000016 seconds.
  path: Assets/Materials/Gridbox Prototype Materials/Materials/Standard/Prototype_512x512_Grey1.mat
  artifactKey: Guid(c181c23a6120fbe4aadd5bb53a58dd78) Importer(2089858483,192608db42251d675da83286b1cce702)
Start importing Assets/Materials/Gridbox Prototype Materials/Materials/Standard/Prototype_512x512_Grey1.mat using Guid(c181c23a6120fbe4aadd5bb53a58dd78) Importer(2089858483,192608db42251d675da83286b1cce702) (ScriptedImporter) -> (artifact id: 'f26644c3ca3f75f76af9f228166ec2ca') in 0.0271889 seconds
Number of updated asset objects reloaded before import = 0Number of asset objects unloaded after import = 3

========================================================================
Received Import Request.
  Time since last request: 0.000015 seconds.
  path: Assets/Models/KayKit/Nature/Assets/obj/Rock_3_M_Color1.mtl
  artifactKey: Guid(4be428100e98aed42a50252aeba6cb78) Importer(2089858483,192608db42251d675da83286b1cce702)
Start importing Assets/Models/KayKit/Nature/Assets/obj/Rock_3_M_Color1.mtl using Guid(4be428100e98aed42a50252aeba6cb78) Importer(2089858483,192608db42251d675da83286b1cce702) (ScriptedImporter) -> (artifact id: '29073c9ed75da3f75b4ff70345039870') in 0.0019708 seconds
Number of updated asset objects reloaded before import = 0Number of asset objects unloaded after import = 1

========================================================================
Received Import Request.
  Time since last request: 0.000020 seconds.
  path: Assets/Models/KayKit/Nature/Assets/obj/Rock_1_N_Color1.mtl
  artifactKey: Guid(b93c3cc1653b1dd4687b5e202697281f) Importer(2089858483,192608db42251d675da83286b1cce702)
Start importing Assets/Models/KayKit/Nature/Assets/obj/Rock_1_N_Color1.mtl using Guid(b93c3cc1653b1dd4687b5e202697281f) Importer(2089858483,192608db42251d675da83286b1cce702) (ScriptedImporter) -> (artifact id: 'f3effb38d30ef4e2bead75e261be10ca') in 0.0024357 seconds
Number of updated asset objects reloaded before import = 0Number of asset objects unloaded after import = 1

========================================================================
Received Import Request.
  Time since last request: 0.000017 seconds.
  path: Assets/InputSystem_Actions.inputactions
  artifactKey: Guid(289c1b55c9541489481df5cc06664110) Importer(2089858483,192608db42251d675da83286b1cce702)
Start importing Assets/InputSystem_Actions.inputactions using Guid(289c1b55c9541489481df5cc06664110) Importer(2089858483,192608db42251d675da83286b1cce702) (ScriptedImporter) -> (artifact id: '25bdd68f23d3a64e5a62ab4f3eeb84a4') in 0.1454016 seconds
Number of updated asset objects reloaded before import = 0Number of asset objects unloaded after import = 22

========================================================================
Received Import Request.
  Time since last request: 0.000031 seconds.
  path: Assets/Models/KayKit/Nature/Assets/obj/Rock_3_G_Color1.obj
  artifactKey: Guid(998181acb239420439208c29382ad8bc) Importer(2089858483,192608db42251d675da83286b1cce702)
Start importing Assets/Models/KayKit/Nature/Assets/obj/Rock_3_G_Color1.obj using Guid(998181acb239420439208c29382ad8bc) Importer(2089858483,192608db42251d675da83286b1cce702) (ScriptedImporter) -> (artifact id: '4c0ca4840e3debfd8ba9016138358260') in 0.0089487 seconds
Number of updated asset objects reloaded before import = 0Number of asset objects unloaded after import = 11

========================================================================
Received Import Request.
  Time since last request: 0.000018 seconds.
  path: Assets/Models/KayKit/Nature/Assets/obj/Grass_2_Mesh.mtl
  artifactKey: Guid(7eacb859f070b9c489a49969a3011359) Importer(2089858483,192608db42251d675da83286b1cce702)
Start importing Assets/Models/KayKit/Nature/Assets/obj/Grass_2_Mesh.mtl using Guid(7eacb859f070b9c489a49969a3011359) Importer(2089858483,192608db42251d675da83286b1cce702) (ScriptedImporter) -> (artifact id: '758e01768ec399505594590d88d86e27') in 0.0091787 seconds
Number of updated asset objects reloaded before import = 0Number of asset objects unloaded after import = 1

========================================================================
Received Import Request.
  Time since last request: 0.000018 seconds.
  path: Assets/Models/KayKit/Nature/Assets/obj/Rock_2_F_Color1.obj
  artifactKey: Guid(8d4d0c66c6af2fa408da338cc46a3713) Importer(2089858483,192608db42251d675da83286b1cce702)
Start importing Assets/Models/KayKit/Nature/Assets/obj/Rock_2_F_Color1.obj using Guid(8d4d0c66c6af2fa408da338cc46a3713) Importer(2089858483,192608db42251d675da83286b1cce702) (ScriptedImporter) -> (artifact id: '925603b9c271cd08cde0f22baf20012e') in 0.0172311 seconds
Number of updated asset objects reloaded before import = 0Number of asset objects unloaded after import = 11

========================================================================
Received Import Request.
  Time since last request: 0.000018 seconds.
  path: Assets/Models/KayKit/Nature/Assets/gltf/Grass_1_D_Color1.gltf
  artifactKey: Guid(d7713cc215648b944b0e03585a7356c0) Importer(2089858483,192608db42251d675da83286b1cce702)
Start importing Assets/Models/KayKit/Nature/Assets/gltf/Grass_1_D_Color1.gltf using Guid(d7713cc215648b944b0e03585a7356c0) Importer(2089858483,192608db42251d675da83286b1cce702) (ScriptedImporter) -> (artifact id: 'be55e0618ea3976eabc65afa31736648') in 0.0027072 seconds
Number of updated asset objects reloaded before import = 0Number of asset objects unloaded after import = 1

========================================================================
Received Import Request.
  Time since last request: 0.017885 seconds.
  path: Assets/Models/KayKit/Nature/Assets/obj/Bush_1_G_Color1.obj
  artifactKey: Guid(032a2e58dd8355d43a41db07a35887a7) Importer(2089858483,192608db42251d675da83286b1cce702)
Start importing Assets/Models/KayKit/Nature/Assets/obj/Bush_1_G_Color1.obj using Guid(032a2e58dd8355d43a41db07a35887a7) Importer(2089858483,192608db42251d675da83286b1cce702) (ScriptedImporter) -> (artifact id: '70ae0d49dfd207bdc098fadb88129301') in 0.0075887 seconds
Number of updated asset objects reloaded before import = 0Number of asset objects unloaded after import = 11

========================================================================
Received Import Request.
  Time since last request: 0.000017 seconds.
  path: Assets/Models/KayKit/Nature/Assets/obj/Rock_3_J_Color1.mtl
  artifactKey: Guid(2316cebcb4fba6746ad2dffd09b7bb1a) Importer(2089858483,192608db42251d675da83286b1cce702)
Start importing Assets/Models/KayKit/Nature/Assets/obj/Rock_3_J_Color1.mtl using Guid(2316cebcb4fba6746ad2dffd09b7bb1a) Importer(2089858483,192608db42251d675da83286b1cce702) (ScriptedImporter) -> (artifact id: 'fd11300ae7288e895aa9ccf5fe459542') in 0.0027961 seconds
Number of updated asset objects reloaded before import = 0Number of asset objects unloaded after import = 1

========================================================================
Received Import Request.
  Time since last request: 0.000017 seconds.
  path: Assets/Joystick Pack/Scripts/Joysticks
  artifactKey: Guid(30f674d88470a814e8648e216b61b9ef) Importer(2089858483,192608db42251d675da83286b1cce702)
Start importing Assets/Joystick Pack/Scripts/Joysticks using Guid(30f674d88470a814e8648e216b61b9ef) Importer(2089858483,192608db42251d675da83286b1cce702) (ScriptedImporter) -> (artifact id: 'd307b8499bc0617133fcde41f26e12f1') in 0.003166 seconds
Number of updated asset objects reloaded before import = 0Number of asset objects unloaded after import = 1

========================================================================
Received Import Request.
  Time since last request: 0.000019 seconds.
  path: Assets/Models/KayKit/Nature/Assets/obj/Bush_2_C_Color1.obj
  artifactKey: Guid(384bb5bb58f51784c8c29c52d1a50617) Importer(2089858483,192608db42251d675da83286b1cce702)
Start importing Assets/Models/KayKit/Nature/Assets/obj/Bush_2_C_Color1.obj using Guid(384bb5bb58f51784c8c29c52d1a50617) Importer(2089858483,192608db42251d675da83286b1cce702) (ScriptedImporter) -> (artifact id: '3cc8e72fd4c84ab19f684248460a80f4') in 0.0828939 seconds
Number of updated asset objects reloaded before import = 0Number of asset objects unloaded after import = 11

========================================================================
Received Import Request.
  Time since last request: 0.000021 seconds.
  path: Assets/Models/KayKit/Nature/Assets/obj/Rock_3_B_Color1.obj
  artifactKey: Guid(d2895ab434f33db4c85488e937329e01) Importer(2089858483,192608db42251d675da83286b1cce702)
Start importing Assets/Models/KayKit/Nature/Assets/obj/Rock_3_B_Color1.obj using Guid(d2895ab434f33db4c85488e937329e01) Importer(2089858483,192608db42251d675da83286b1cce702) (ScriptedImporter) -> (artifact id: '0c794f01f1f2477dd76d806ff1e0421f') in 0.0082774 seconds
Number of updated asset objects reloaded before import = 0Number of asset objects unloaded after import = 11

========================================================================
Received Import Request.
  Time since last request: 0.000018 seconds.
  path: Assets/Models/KayKit/Nature/Assets/obj/Bush_2_B_Color1.obj
  artifactKey: Guid(78e9d6aac7d6aa741897883f5347fd2a) Importer(2089858483,192608db42251d675da83286b1cce702)
Start importing Assets/Models/KayKit/Nature/Assets/obj/Bush_2_B_Color1.obj using Guid(78e9d6aac7d6aa741897883f5347fd2a) Importer(2089858483,192608db42251d675da83286b1cce702) (ScriptedImporter) -> (artifact id: '5fcb082af0a9cb8311a7aec257168a32') in 0.007651 seconds
Number of updated asset objects reloaded before import = 0Number of asset objects unloaded after import = 11

========================================================================
Received Import Request.
  Time since last request: 0.000019 seconds.
  path: Assets/Models/OccaSoftware/Low Poly Fantasy Village/Prefabs/Path_1.prefab
  artifactKey: Guid(2159f826a7fb5944b8baff7839d55f5b) Importer(2089858483,192608db42251d675da83286b1cce702)
Start importing Assets/Models/OccaSoftware/Low Poly Fantasy Village/Prefabs/Path_1.prefab using Guid(2159f826a7fb5944b8baff7839d55f5b) Importer(2089858483,192608db42251d675da83286b1cce702) (ScriptedImporter) -> (artifact id: 'da18809885460caf2920ed4ea107c238') in 0.0568104 seconds
Number of updated asset objects reloaded before import = 0Number of asset objects unloaded after import = 45

========================================================================
Received Import Request.
  Time since last request: 0.000014 seconds.
  path: Assets/Models/OccaSoftware/Low Poly Fantasy Village/Prefabs/Tree_2.prefab
  artifactKey: Guid(f2c96353dc943e34bb0245e8155922fa) Importer(2089858483,192608db42251d675da83286b1cce702)
Start importing Assets/Models/OccaSoftware/Low Poly Fantasy Village/Prefabs/Tree_2.prefab using Guid(f2c96353dc943e34bb0245e8155922fa) Importer(2089858483,192608db42251d675da83286b1cce702) (ScriptedImporter) -> (artifact id: '02c38bd99f08f2f3a5ec4f5350b760df') in 0.1098202 seconds
Number of updated asset objects reloaded before import = 0Number of asset objects unloaded after import = 9

========================================================================
Received Import Request.
  Time since last request: 0.000023 seconds.
  path: Assets/Models/KayKit/Nature/Assets/gltf/Bush_2_D_Color1.gltf
  artifactKey: Guid(bf0500844dd098047b06e36bf7c2d19e) Importer(2089858483,192608db42251d675da83286b1cce702)
Start importing Assets/Models/KayKit/Nature/Assets/gltf/Bush_2_D_Color1.gltf using Guid(bf0500844dd098047b06e36bf7c2d19e) Importer(2089858483,192608db42251d675da83286b1cce702) (ScriptedImporter) -> (artifact id: 'b477185bf2fa6071098381cde8788ae9') in 0.0022002 seconds
Number of updated asset objects reloaded before import = 0Number of asset objects unloaded after import = 1

========================================================================
Received Import Request.
  Time since last request: 0.000024 seconds.
  path: Assets/Models/KayKit/Nature/Assets/obj/Rock_3_O_Color1.obj
  artifactKey: Guid(8d10f465a4fbd6741b6a05157226edad) Importer(2089858483,192608db42251d675da83286b1cce702)
Start importing Assets/Models/KayKit/Nature/Assets/obj/Rock_3_O_Color1.obj using Guid(8d10f465a4fbd6741b6a05157226edad) Importer(2089858483,192608db42251d675da83286b1cce702) (ScriptedImporter) -> (artifact id: 'a37d5657d4927e2b06129d496bb224d1') in 0.007563 seconds
Number of updated asset objects reloaded before import = 0Number of asset objects unloaded after import = 11

========================================================================
Received Import Request.
  Time since last request: 0.000014 seconds.
  path: Assets/Models/KayKit/Nature/Assets/obj/Tree_4_B_Color1.mtl
  artifactKey: Guid(a546f5dac70ff9d47b04a8912d210f48) Importer(2089858483,192608db42251d675da83286b1cce702)
Start importing Assets/Models/KayKit/Nature/Assets/obj/Tree_4_B_Color1.mtl using Guid(a546f5dac70ff9d47b04a8912d210f48) Importer(2089858483,192608db42251d675da83286b1cce702) (ScriptedImporter) -> (artifact id: 'c178ca8cabaa95b228f0c558fefbe08d') in 0.0044023 seconds
Number of updated asset objects reloaded before import = 0Number of asset objects unloaded after import = 1

========================================================================
Received Import Request.
  Time since last request: 0.000016 seconds.
  path: Assets/Models/OccaSoftware/Low Poly Fantasy Village/Prefabs/Rock_4.prefab
  artifactKey: Guid(7ee2debd6ad2dd2498222dd51ab640c2) Importer(2089858483,192608db42251d675da83286b1cce702)
Start importing Assets/Models/OccaSoftware/Low Poly Fantasy Village/Prefabs/Rock_4.prefab using Guid(7ee2debd6ad2dd2498222dd51ab640c2) Importer(2089858483,192608db42251d675da83286b1cce702) (ScriptedImporter) -> (artifact id: 'e590000c00ac754fe732e83b5dcfca7d') in 0.377813 seconds
Number of updated asset objects reloaded before import = 0Number of asset objects unloaded after import = 9

========================================================================
Received Import Request.
  Time since last request: 0.000022 seconds.
  path: Assets/Models/KayKit/Nature/Assets/obj/Grass_1_A_Color1.obj
  artifactKey: Guid(2c7951fa1630b40478466a1e0a2e449c) Importer(2089858483,192608db42251d675da83286b1cce702)
Start importing Assets/Models/KayKit/Nature/Assets/obj/Grass_1_A_Color1.obj using Guid(2c7951fa1630b40478466a1e0a2e449c) Importer(2089858483,192608db42251d675da83286b1cce702) (ScriptedImporter) -> (artifact id: 'e8b8ae65157f763bf017f084949ac1b5') in 0.0063171 seconds
Number of updated asset objects reloaded before import = 0Number of asset objects unloaded after import = 11

========================================================================
Received Import Request.
  Time since last request: 0.000014 seconds.
  path: Assets/Models/KayKit/Nature/Assets/obj/Rock_2_B_Color1.mtl
  artifactKey: Guid(b0b85ad88870d8b4b9c02bd6d8a7755c) Importer(2089858483,192608db42251d675da83286b1cce702)
Start importing Assets/Models/KayKit/Nature/Assets/obj/Rock_2_B_Color1.mtl using Guid(b0b85ad88870d8b4b9c02bd6d8a7755c) Importer(2089858483,192608db42251d675da83286b1cce702) (ScriptedImporter) -> (artifact id: '084ff0f45bcd8a2968df73f73d589bfc') in 0.0041967 seconds
Number of updated asset objects reloaded before import = 0Number of asset objects unloaded after import = 1

========================================================================
Received Import Request.
  Time since last request: 0.000016 seconds.
  path: Assets/Models/KayKit/Nature/Assets/obj/Rock_3_F_Color1.mtl
  artifactKey: Guid(03387ec755178ad4d83c9d2a0de7a4ce) Importer(2089858483,192608db42251d675da83286b1cce702)
Start importing Assets/Models/KayKit/Nature/Assets/obj/Rock_3_F_Color1.mtl using Guid(03387ec755178ad4d83c9d2a0de7a4ce) Importer(2089858483,192608db42251d675da83286b1cce702) (ScriptedImporter) -> (artifact id: '4e1201d7395083e16221ad6869cb4021') in 0.0032097 seconds
Number of updated asset objects reloaded before import = 0Number of asset objects unloaded after import = 1

========================================================================
Received Import Request.
  Time since last request: 0.000021 seconds.
  path: Assets/Animations/AnimatorControllers/Player_AC 1.controller
  artifactKey: Guid(60a234a57fd3d1244841e6f07189ef32) Importer(2089858483,192608db42251d675da83286b1cce702)
Start importing Assets/Animations/AnimatorControllers/Player_AC 1.controller using Guid(60a234a57fd3d1244841e6f07189ef32) Importer(2089858483,192608db42251d675da83286b1cce702) (ScriptedImporter) -> (artifact id: 'fd9d1b1de049caa2c9d989c07191c730') in 0.0579114 seconds
Number of updated asset objects reloaded before import = 0Number of asset objects unloaded after import = 21

========================================================================
Received Import Request.
  Time since last request: 0.000022 seconds.
  path: Assets/Models/KayKit/Nature/Assets/gltf/Bush_3_B_Color1.gltf
  artifactKey: Guid(6437c574837d69e4bb6e4600c654bc40) Importer(2089858483,192608db42251d675da83286b1cce702)
Start importing Assets/Models/KayKit/Nature/Assets/gltf/Bush_3_B_Color1.gltf using Guid(6437c574837d69e4bb6e4600c654bc40) Importer(2089858483,192608db42251d675da83286b1cce702) (ScriptedImporter) -> (artifact id: '24b51bea69421f714da9a8881d4d7f33') in 0.001757 seconds
Number of updated asset objects reloaded before import = 0Number of asset objects unloaded after import = 1

========================================================================
Received Import Request.
  Time since last request: 0.000016 seconds.
  path: Assets/Materials/Gridbox Prototype Materials
  artifactKey: Guid(6a2861bb1fc2bf549863c6fc8bd13f3b) Importer(2089858483,192608db42251d675da83286b1cce702)
Start importing Assets/Materials/Gridbox Prototype Materials using Guid(6a2861bb1fc2bf549863c6fc8bd13f3b) Importer(2089858483,192608db42251d675da83286b1cce702) (ScriptedImporter) -> (artifact id: 'd812bd7eabc7ae1921f8d310bb314571') in 0.2737355 seconds
Number of updated asset objects reloaded before import = 0Number of asset objects unloaded after import = 1

========================================================================
Received Import Request.
  Time since last request: 0.000026 seconds.
  path: Assets/Materials/Gridbox Prototype Materials/Textures
  artifactKey: Guid(c40ab282904050149a8f559c4a28bc5d) Importer(2089858483,192608db42251d675da83286b1cce702)
Start importing Assets/Materials/Gridbox Prototype Materials/Textures using Guid(c40ab282904050149a8f559c4a28bc5d) Importer(2089858483,192608db42251d675da83286b1cce702) (ScriptedImporter) -> (artifact id: 'f03265a9d8fa4c908c0f2b8743ec8f5d') in 0.0023655 seconds
Number of updated asset objects reloaded before import = 0Number of asset objects unloaded after import = 1

========================================================================
Received Import Request.
  Time since last request: 0.000026 seconds.
  path: Assets/Models/KayKit/Nature/Assets/obj/Rock_1_K_Color1.mtl
  artifactKey: Guid(1ce371a836715a34ea7e8a552b32d0cc) Importer(2089858483,192608db42251d675da83286b1cce702)
Start importing Assets/Models/KayKit/Nature/Assets/obj/Rock_1_K_Color1.mtl using Guid(1ce371a836715a34ea7e8a552b32d0cc) Importer(2089858483,192608db42251d675da83286b1cce702) (ScriptedImporter) -> (artifact id: '48b784faa5682d1dd096bfe8a0b710c1') in 0.0041187 seconds
Number of updated asset objects reloaded before import = 0Number of asset objects unloaded after import = 1

========================================================================
Received Import Request.
  Time since last request: 0.000016 seconds.
  path: Assets/Prefabs
  artifactKey: Guid(0ab72210d218ab348b19fb9db6af484e) Importer(2089858483,192608db42251d675da83286b1cce702)
Start importing Assets/Prefabs using Guid(0ab72210d218ab348b19fb9db6af484e) Importer(2089858483,192608db42251d675da83286b1cce702) (ScriptedImporter) -> (artifact id: '94aec74a05438c2174d9296047cb4da6') in 0.0017385 seconds
Number of updated asset objects reloaded before import = 0Number of asset objects unloaded after import = 1

========================================================================
Received Import Request.
  Time since last request: 0.000013 seconds.
  path: Assets/Models/KayKit/Nature/Assets/gltf/Tree_Bare_1_A_Color1.gltf
  artifactKey: Guid(b35ef23339dc7724d9650a92fc12d919) Importer(2089858483,192608db42251d675da83286b1cce702)
Start importing Assets/Models/KayKit/Nature/Assets/gltf/Tree_Bare_1_A_Color1.gltf using Guid(b35ef23339dc7724d9650a92fc12d919) Importer(2089858483,192608db42251d675da83286b1cce702) (ScriptedImporter) -> (artifact id: '4a74953259cfe5ad7ab378dfcd98c873') in 0.0044559 seconds
Number of updated asset objects reloaded before import = 0Number of asset objects unloaded after import = 1

========================================================================
Received Import Request.
  Time since last request: 0.000015 seconds.
  path: Assets/Models/KayKit/Nature/Assets/obj/Tree_2_C_Color1.obj
  artifactKey: Guid(4b965d485e77f0d4b8ac7b4a9ee8fe29) Importer(2089858483,192608db42251d675da83286b1cce702)
Start importing Assets/Models/KayKit/Nature/Assets/obj/Tree_2_C_Color1.obj using Guid(4b965d485e77f0d4b8ac7b4a9ee8fe29) Importer(2089858483,192608db42251d675da83286b1cce702) (ScriptedImporter) -> (artifact id: 'cf1675215acf2a9b02ad623fc2ce45ad') in 0.0115809 seconds
Number of updated asset objects reloaded before import = 0Number of asset objects unloaded after import = 11

========================================================================
Received Import Request.
  Time since last request: 0.000015 seconds.
  path: Assets/Models/KayKit/Nature/Assets/obj/Rock_1_P_Color1.mtl
  artifactKey: Guid(8403759074d3da443a246c574a6ff034) Importer(2089858483,192608db42251d675da83286b1cce702)
Start importing Assets/Models/KayKit/Nature/Assets/obj/Rock_1_P_Color1.mtl using Guid(8403759074d3da443a246c574a6ff034) Importer(2089858483,192608db42251d675da83286b1cce702) (ScriptedImporter) -> (artifact id: '0ccedf082a56973f9ea7344168ae24a0') in 0.248817 seconds
Number of updated asset objects reloaded before import = 0Number of asset objects unloaded after import = 1

========================================================================
Received Import Request.
  Time since last request: 0.000019 seconds.
  path: Assets/Materials/Gridbox Prototype Materials/Materials/Standard/Prototype_512x512_Red.mat
  artifactKey: Guid(5a26de236ce89e94b963be8fa2b7ade6) Importer(2089858483,192608db42251d675da83286b1cce702)
Start importing Assets/Materials/Gridbox Prototype Materials/Materials/Standard/Prototype_512x512_Red.mat using Guid(5a26de236ce89e94b963be8fa2b7ade6) Importer(2089858483,192608db42251d675da83286b1cce702) (ScriptedImporter) -> (artifact id: 'c3737e8d371333245ada48f1ce5b1a82') in 0.0113149 seconds
Number of updated asset objects reloaded before import = 0Number of asset objects unloaded after import = 3

========================================================================
Received Import Request.
  Time since last request: 0.000022 seconds.
  path: Assets/Models/KayKit/Nature/Assets/obj/Bush_4_F_Color1.mtl
  artifactKey: Guid(4e6f45ea118ffb540bcdcc148ce735c0) Importer(2089858483,192608db42251d675da83286b1cce702)
Start importing Assets/Models/KayKit/Nature/Assets/obj/Bush_4_F_Color1.mtl using Guid(4e6f45ea118ffb540bcdcc148ce735c0) Importer(2089858483,192608db42251d675da83286b1cce702) (ScriptedImporter) -> (artifact id: 'a3dd187b451cb385b159332ed6d403ca') in 0.0030327 seconds
Number of updated asset objects reloaded before import = 0Number of asset objects unloaded after import = 1

========================================================================
Received Import Request.
  Time since last request: 0.000015 seconds.
  path: Assets/Models/OccaSoftware/Low Poly Fantasy Village/Meshes
  artifactKey: Guid(24ebd87a20b5efc42b89fec96faef59c) Importer(2089858483,192608db42251d675da83286b1cce702)
Start importing Assets/Models/OccaSoftware/Low Poly Fantasy Village/Meshes using Guid(24ebd87a20b5efc42b89fec96faef59c) Importer(2089858483,192608db42251d675da83286b1cce702) (ScriptedImporter) -> (artifact id: '6c2d44f686a08480f8ca89f92816d1f7') in 0.0023603 seconds
Number of updated asset objects reloaded before import = 0Number of asset objects unloaded after import = 1

========================================================================
Received Import Request.
  Time since last request: 0.000017 seconds.
  path: Assets/Models/OccaSoftware/Low Poly Fantasy Village/Prefabs/Boat.prefab
  artifactKey: Guid(7c99531c61bfcb649a63fecaa465073c) Importer(2089858483,192608db42251d675da83286b1cce702)
Start importing Assets/Models/OccaSoftware/Low Poly Fantasy Village/Prefabs/Boat.prefab using Guid(7c99531c61bfcb649a63fecaa465073c) Importer(2089858483,192608db42251d675da83286b1cce702) (ScriptedImporter) -> (artifact id: 'a482f6fbc0e14bce30eff187853944fe') in 0.0430173 seconds
Number of updated asset objects reloaded before import = 0Number of asset objects unloaded after import = 9

========================================================================
Received Import Request.
  Time since last request: 0.000015 seconds.
  path: Assets/Models/OccaSoftware/Low Poly Fantasy Village/Prefabs/Cliff_1.prefab
  artifactKey: Guid(1c90b0e142219f043bba4cd103ad74a7) Importer(2089858483,192608db42251d675da83286b1cce702)
Start importing Assets/Models/OccaSoftware/Low Poly Fantasy Village/Prefabs/Cliff_1.prefab using Guid(1c90b0e142219f043bba4cd103ad74a7) Importer(2089858483,192608db42251d675da83286b1cce702) (ScriptedImporter) -> (artifact id: 'f4a5b6980b634288caf80be9c540f472') in 0.0988502 seconds
Number of updated asset objects reloaded before import = 0Number of asset objects unloaded after import = 9

========================================================================
Received Import Request.
  Time since last request: 0.000016 seconds.
  path: Assets/Animations/DownloadedAnims
  artifactKey: Guid(7fcfa0defdde9044c839fc5ae54b8ec2) Importer(2089858483,192608db42251d675da83286b1cce702)
Start importing Assets/Animations/DownloadedAnims using Guid(7fcfa0defdde9044c839fc5ae54b8ec2) Importer(2089858483,192608db42251d675da83286b1cce702) (ScriptedImporter) -> (artifact id: 'a95905bbd87ada044cc57dd975d77a47') in 0.0018466 seconds
Number of updated asset objects reloaded before import = 0Number of asset objects unloaded after import = 1

========================================================================
Received Import Request.
  Time since last request: 0.000020 seconds.
  path: Assets/Models/KayKit/Nature/Assets/gltf/Grass_2_A_Color1.gltf
  artifactKey: Guid(90661ec78b68712448648ebce8e5ce3e) Importer(2089858483,192608db42251d675da83286b1cce702)
Start importing Assets/Models/KayKit/Nature/Assets/gltf/Grass_2_A_Color1.gltf using Guid(90661ec78b68712448648ebce8e5ce3e) Importer(2089858483,192608db42251d675da83286b1cce702) (ScriptedImporter) -> (artifact id: 'ac832663b57b9b821ba294d2ad328476') in 0.001901 seconds
Number of updated asset objects reloaded before import = 0Number of asset objects unloaded after import = 1

========================================================================
Received Import Request.
  Time since last request: 0.000015 seconds.
  path: Assets/Models/KayKit/Nature/Assets/obj/Tree_4_B_Color1.obj
  artifactKey: Guid(f1fde6038b2169e468e72c4b9eac66f6) Importer(2089858483,192608db42251d675da83286b1cce702)
Start importing Assets/Models/KayKit/Nature/Assets/obj/Tree_4_B_Color1.obj using Guid(f1fde6038b2169e468e72c4b9eac66f6) Importer(2089858483,192608db42251d675da83286b1cce702) (ScriptedImporter) -> (artifact id: '27e3772ea22287e2c32514578ba034d6') in 0.0064514 seconds
Number of updated asset objects reloaded before import = 0Number of asset objects unloaded after import = 11

========================================================================
Received Import Request.
  Time since last request: 0.000013 seconds.
  path: Assets/Models/KayKit/Nature/Assets/obj/Rock_1_I_Color1.obj
  artifactKey: Guid(31fe05401b4d3a74d9f5ac6d9c47bd3a) Importer(2089858483,192608db42251d675da83286b1cce702)
Start importing Assets/Models/KayKit/Nature/Assets/obj/Rock_1_I_Color1.obj using Guid(31fe05401b4d3a74d9f5ac6d9c47bd3a) Importer(2089858483,192608db42251d675da83286b1cce702) (ScriptedImporter) -> (artifact id: 'ad75bd1fa81dc9803c891ad81c63b280') in 0.0275618 seconds
Number of updated asset objects reloaded before import = 0Number of asset objects unloaded after import = 11

========================================================================
Received Import Request.
  Time since last request: 0.000021 seconds.
  path: Assets/Models/KayKit/Nature/Assets/obj/Rock_3_D_Color1.mtl
  artifactKey: Guid(0865ee0682e5094408978f2de70d08dc) Importer(2089858483,192608db42251d675da83286b1cce702)
Start importing Assets/Models/KayKit/Nature/Assets/obj/Rock_3_D_Color1.mtl using Guid(0865ee0682e5094408978f2de70d08dc) Importer(2089858483,192608db42251d675da83286b1cce702) (ScriptedImporter) -> (artifact id: '07f63035aecdb5821052986babafa4eb') in 0.0018228 seconds
Number of updated asset objects reloaded before import = 0Number of asset objects unloaded after import = 1

========================================================================
Received Import Request.
  Time since last request: 0.000014 seconds.
  path: Assets/Models/KayKit/Nature/Assets/gltf/Tree_2_D_Color1.gltf
  artifactKey: Guid(9619ee5c3a65f414bbb1bdc0361c6469) Importer(2089858483,192608db42251d675da83286b1cce702)
Start importing Assets/Models/KayKit/Nature/Assets/gltf/Tree_2_D_Color1.gltf using Guid(9619ee5c3a65f414bbb1bdc0361c6469) Importer(2089858483,192608db42251d675da83286b1cce702) (ScriptedImporter) -> (artifact id: '68a051c9bed6400d47a868da64ea059f') in 0.002457 seconds
Number of updated asset objects reloaded before import = 0Number of asset objects unloaded after import = 1

========================================================================
Received Import Request.
  Time since last request: 0.000015 seconds.
  path: Assets/Settings/High_PipelineAsset_ForwardRenderer.asset
  artifactKey: Guid(19dd89061187df344b12bc346efd8649) Importer(2089858483,192608db42251d675da83286b1cce702)
Start importing Assets/Settings/High_PipelineAsset_ForwardRenderer.asset using Guid(19dd89061187df344b12bc346efd8649) Importer(2089858483,192608db42251d675da83286b1cce702) (ScriptedImporter) -> (artifact id: '16ed938e65d525ed3bf6cee1bd14ce9d') in 0.1197602 seconds
Number of updated asset objects reloaded before import = 0Number of asset objects unloaded after import = 1

========================================================================
Received Import Request.
  Time since last request: 0.000019 seconds.
  path: Assets/Models/KayKit/Nature/Assets/obj/Tree_2_E_Color1.obj
  artifactKey: Guid(ac3d3e8428fce2c41aa92dc7de0c183e) Importer(2089858483,192608db42251d675da83286b1cce702)
Start importing Assets/Models/KayKit/Nature/Assets/obj/Tree_2_E_Color1.obj using Guid(ac3d3e8428fce2c41aa92dc7de0c183e) Importer(2089858483,192608db42251d675da83286b1cce702) (ScriptedImporter) -> (artifact id: 'ffd59668de8b50a05748744789d0943f') in 0.0127505 seconds
Number of updated asset objects reloaded before import = 0Number of asset objects unloaded after import = 11

========================================================================
Received Import Request.
  Time since last request: 0.000023 seconds.
  path: Assets/Models/OccaSoftware
  artifactKey: Guid(b3f626ab97596354c9a5a2e80c968986) Importer(2089858483,192608db42251d675da83286b1cce702)
Start importing Assets/Models/OccaSoftware using Guid(b3f626ab97596354c9a5a2e80c968986) Importer(2089858483,192608db42251d675da83286b1cce702) (ScriptedImporter) -> (artifact id: '05ca24f9c70dbb13f2ac909e84edf46a') in 0.0018509 seconds
Number of updated asset objects reloaded before import = 0Number of asset objects unloaded after import = 1

========================================================================
Received Import Request.
  Time since last request: 0.000024 seconds.
  path: Assets/Models/KayKit/Nature/Assets/obj/Grass_1_A_Color1.mtl
  artifactKey: Guid(e249d067aae200445ac2105e695bcae2) Importer(2089858483,192608db42251d675da83286b1cce702)
Start importing Assets/Models/KayKit/Nature/Assets/obj/Grass_1_A_Color1.mtl using Guid(e249d067aae200445ac2105e695bcae2) Importer(2089858483,192608db42251d675da83286b1cce702) (ScriptedImporter) -> (artifact id: 'ae1816a237ba7541e66c669c9264316d') in 0.0019386 seconds
Number of updated asset objects reloaded before import = 0Number of asset objects unloaded after import = 1

========================================================================
Received Import Request.
  Time since last request: 0.000015 seconds.
  path: Assets/Models/KayKit/Nature/Assets/gltf/Rock_3_D_Color1.gltf
  artifactKey: Guid(bdbafea8015de484a940c4896f95a5c6) Importer(2089858483,192608db42251d675da83286b1cce702)
Start importing Assets/Models/KayKit/Nature/Assets/gltf/Rock_3_D_Color1.gltf using Guid(bdbafea8015de484a940c4896f95a5c6) Importer(2089858483,192608db42251d675da83286b1cce702) (ScriptedImporter) -> (artifact id: '161c9789dd79eef485604a310878f4ad') in 0.0019331 seconds
Number of updated asset objects reloaded before import = 0Number of asset objects unloaded after import = 1

========================================================================
Received Import Request.
  Time since last request: 0.000014 seconds.
  path: Assets/Models/KayKit/Nature/Assets/obj/Rock_1_E_Color1.obj
  artifactKey: Guid(5d098f63565513b4e9e13afd389888da) Importer(2089858483,192608db42251d675da83286b1cce702)
Start importing Assets/Models/KayKit/Nature/Assets/obj/Rock_1_E_Color1.obj using Guid(5d098f63565513b4e9e13afd389888da) Importer(2089858483,192608db42251d675da83286b1cce702) (ScriptedImporter) -> (artifact id: 'a95411a76fc18069a74a09ef645fd5aa') in 0.0088716 seconds
Number of updated asset objects reloaded before import = 0Number of asset objects unloaded after import = 11

========================================================================
Received Import Request.
  Time since last request: 0.000016 seconds.
  path: Assets/Materials/Gridbox Prototype Materials/Materials/Standard/Prototype_512x512_Green3.mat
  artifactKey: Guid(f6298605825d7154f8923c76872aa46e) Importer(2089858483,192608db42251d675da83286b1cce702)
Start importing Assets/Materials/Gridbox Prototype Materials/Materials/Standard/Prototype_512x512_Green3.mat using Guid(f6298605825d7154f8923c76872aa46e) Importer(2089858483,192608db42251d675da83286b1cce702) (ScriptedImporter) -> (artifact id: 'f631f0f76e1c0a3898bb7aa51006926e') in 0.1591365 seconds
Number of updated asset objects reloaded before import = 0Number of asset objects unloaded after import = 3

========================================================================
Received Import Request.
  Time since last request: 0.000017 seconds.
  path: Assets/Models/KayKit/Nature/Assets/obj/Grass_2_SingleSided_Mesh.obj
  artifactKey: Guid(47cb5d5837562d64ebbce56f69b9379c) Importer(2089858483,192608db42251d675da83286b1cce702)
Start importing Assets/Models/KayKit/Nature/Assets/obj/Grass_2_SingleSided_Mesh.obj using Guid(47cb5d5837562d64ebbce56f69b9379c) Importer(2089858483,192608db42251d675da83286b1cce702) (ScriptedImporter) -> (artifact id: '888ceac73719a40f6dcf8f267350d77c') in 0.0065069 seconds
Number of updated asset objects reloaded before import = 0Number of asset objects unloaded after import = 10

========================================================================
Received Import Request.
  Time since last request: 0.000022 seconds.
  path: Assets/Models/KayKit/Nature/Assets/gltf/Rock_1_H_Color1.gltf
  artifactKey: Guid(29af61e2a474c5f40af3d6776ec26a6e) Importer(2089858483,192608db42251d675da83286b1cce702)
Start importing Assets/Models/KayKit/Nature/Assets/gltf/Rock_1_H_Color1.gltf using Guid(29af61e2a474c5f40af3d6776ec26a6e) Importer(2089858483,192608db42251d675da83286b1cce702) (ScriptedImporter) -> (artifact id: '7f7f0a8630c88e5499925d184a9728eb') in 0.0026408 seconds
Number of updated asset objects reloaded before import = 0Number of asset objects unloaded after import = 1

========================================================================
Received Import Request.
  Time since last request: 0.000016 seconds.
  path: Assets/Models/KayKit/Nature/Assets/gltf/Bush_4_B_Color1.gltf
  artifactKey: Guid(790f0bf101892f94f99efc33da8e6b05) Importer(2089858483,192608db42251d675da83286b1cce702)
Start importing Assets/Models/KayKit/Nature/Assets/gltf/Bush_4_B_Color1.gltf using Guid(790f0bf101892f94f99efc33da8e6b05) Importer(2089858483,192608db42251d675da83286b1cce702) (ScriptedImporter) -> (artifact id: '9dfd79e1512edda0431a238f1cf1bdf8') in 0.0056782 seconds
Number of updated asset objects reloaded before import = 0Number of asset objects unloaded after import = 1

========================================================================
Received Import Request.
  Time since last request: 0.000015 seconds.
  path: Assets/Models/KayKit/Nature/Assets/gltf/Bush_4_F_Color1.gltf
  artifactKey: Guid(0d532c188995d384f8dd55e773171072) Importer(2089858483,192608db42251d675da83286b1cce702)
Start importing Assets/Models/KayKit/Nature/Assets/gltf/Bush_4_F_Color1.gltf using Guid(0d532c188995d384f8dd55e773171072) Importer(2089858483,192608db42251d675da83286b1cce702) (ScriptedImporter) -> (artifact id: '5cea54490d929123e28189b7b5de64f5') in 0.0023708 seconds
Number of updated asset objects reloaded before import = 0Number of asset objects unloaded after import = 1

========================================================================
Received Import Request.
  Time since last request: 0.000015 seconds.
  path: Assets/Models/KayKit/Nature/Assets/obj/Tree_3_A_Color1.obj
  artifactKey: Guid(0f16440c4fb442c4bbffa07596bc4b25) Importer(2089858483,192608db42251d675da83286b1cce702)
Start importing Assets/Models/KayKit/Nature/Assets/obj/Tree_3_A_Color1.obj using Guid(0f16440c4fb442c4bbffa07596bc4b25) Importer(2089858483,192608db42251d675da83286b1cce702) (ScriptedImporter) -> (artifact id: 'c6de9206f25847351a04a858b72fbf0b') in 0.0081619 seconds
Number of updated asset objects reloaded before import = 0Number of asset objects unloaded after import = 11

========================================================================
Received Import Request.
  Time since last request: 0.000014 seconds.
  path: Assets/Models/KayKit/Nature/Assets/obj/Tree_2_A_Color1.obj
  artifactKey: Guid(e19f393d1d26f0443b7b202cdacd8425) Importer(2089858483,192608db42251d675da83286b1cce702)
Start importing Assets/Models/KayKit/Nature/Assets/obj/Tree_2_A_Color1.obj using Guid(e19f393d1d26f0443b7b202cdacd8425) Importer(2089858483,192608db42251d675da83286b1cce702) (ScriptedImporter) -> (artifact id: '043d893a4d9c90d0fcaf9149ef0289ef') in 0.0083567 seconds
Number of updated asset objects reloaded before import = 0Number of asset objects unloaded after import = 11

========================================================================
Received Import Request.
  Time since last request: 0.000017 seconds.
  path: Assets/Models/KayKit/Nature/Assets/obj/Rock_3_R_Color1.obj
  artifactKey: Guid(95c698c8b415f204ba65261cfcd39ab6) Importer(2089858483,192608db42251d675da83286b1cce702)
Start importing Assets/Models/KayKit/Nature/Assets/obj/Rock_3_R_Color1.obj using Guid(95c698c8b415f204ba65261cfcd39ab6) Importer(2089858483,192608db42251d675da83286b1cce702) (ScriptedImporter) -> (artifact id: '8dd0da6757d64a12596a6621e6f1e81a') in 0.0069277 seconds
Number of updated asset objects reloaded before import = 0Number of asset objects unloaded after import = 11

========================================================================
Received Import Request.
  Time since last request: 0.000016 seconds.
  path: Assets/Models/KayKit/Nature/Assets/gltf/Rock_3_E_Color1.gltf
  artifactKey: Guid(5d8a77b22e1b0e84894af75355a46d2c) Importer(2089858483,192608db42251d675da83286b1cce702)
Start importing Assets/Models/KayKit/Nature/Assets/gltf/Rock_3_E_Color1.gltf using Guid(5d8a77b22e1b0e84894af75355a46d2c) Importer(2089858483,192608db42251d675da83286b1cce702) (ScriptedImporter) -> (artifact id: '1bab9a1929cd54f8007a5b2e5b90ee9b') in 0.0023431 seconds
Number of updated asset objects reloaded before import = 0Number of asset objects unloaded after import = 1

========================================================================
Received Import Request.
  Time since last request: 0.000022 seconds.
  path: Assets/Models/OccaSoftware/Low Poly Fantasy Village/Prefabs/Tree_1.prefab
  artifactKey: Guid(dd76da60b484c7c45a2bdc5c0271808f) Importer(2089858483,192608db42251d675da83286b1cce702)
Start importing Assets/Models/OccaSoftware/Low Poly Fantasy Village/Prefabs/Tree_1.prefab using Guid(dd76da60b484c7c45a2bdc5c0271808f) Importer(2089858483,192608db42251d675da83286b1cce702) (ScriptedImporter) -> (artifact id: '1101138e7a0ec66adbdb54a39182d9e6') in 0.0784193 seconds
Number of updated asset objects reloaded before import = 0Number of asset objects unloaded after import = 9

========================================================================
Received Import Request.
  Time since last request: 0.000018 seconds.
  path: Assets/Models/PolyRonin/Pine Forest Pack/Materials
  artifactKey: Guid(566e42dd1dc144740b9d1f1cbad2c432) Importer(2089858483,192608db42251d675da83286b1cce702)
Start importing Assets/Models/PolyRonin/Pine Forest Pack/Materials using Guid(566e42dd1dc144740b9d1f1cbad2c432) Importer(2089858483,192608db42251d675da83286b1cce702) (ScriptedImporter) -> (artifact id: 'f9a434a7bfc29024e7fc66339fa23c52') in 0.0022614 seconds
Number of updated asset objects reloaded before import = 0Number of asset objects unloaded after import = 1

========================================================================
Received Import Request.
  Time since last request: 0.000016 seconds.
  path: Assets/Models/PolyRonin/Pine Forest Pack/Prefabs/Log1.prefab
  artifactKey: Guid(de56f59a4256a6e43833ef44bc66477f) Importer(2089858483,192608db42251d675da83286b1cce702)
Start importing Assets/Models/PolyRonin/Pine Forest Pack/Prefabs/Log1.prefab using Guid(de56f59a4256a6e43833ef44bc66477f) Importer(2089858483,192608db42251d675da83286b1cce702) (ScriptedImporter) -> (artifact id: 'a1b326860025f10b30342c3394b31a3d') in 0.0118693 seconds
Number of updated asset objects reloaded before import = 0Number of asset objects unloaded after import = 8

========================================================================
Received Import Request.
  Time since last request: 0.000023 seconds.
  path: Assets/Models/PolyRonin/Pine Forest Pack/Demo.unity
  artifactKey: Guid(4bc9c39831207aa4081f39b7af5f0288) Importer(2089858483,192608db42251d675da83286b1cce702)
Start importing Assets/Models/PolyRonin/Pine Forest Pack/Demo.unity using Guid(4bc9c39831207aa4081f39b7af5f0288) Importer(2089858483,192608db42251d675da83286b1cce702) (ScriptedImporter) -> (artifact id: '7a9c6d986ab4912823c3b924eb436aed') in 0.0656158 seconds
Number of updated asset objects reloaded before import = 0Number of asset objects unloaded after import = 1

========================================================================
Received Import Request.
  Time since last request: 0.000020 seconds.
  path: Assets/Models/OccaSoftware/Low Poly Fantasy Village/Prefabs/Flower_5.prefab
  artifactKey: Guid(ac9e976c13c875648856e6486297ee60) Importer(2089858483,192608db42251d675da83286b1cce702)
Start importing Assets/Models/OccaSoftware/Low Poly Fantasy Village/Prefabs/Flower_5.prefab using Guid(ac9e976c13c875648856e6486297ee60) Importer(2089858483,192608db42251d675da83286b1cce702) (ScriptedImporter) -> (artifact id: '71dd4c7f2ea5d323cd06bec17f5e485a') in 0.0197506 seconds
Number of updated asset objects reloaded before import = 0Number of asset objects unloaded after import = 9

Editor requested this worker to shutdown with reason: Scaling down because of idle timeout
AssetImportWorker is now disconnected from the server
Process exiting
Exiting without the bug reporter. Application will terminate with return code 0