[Licensing::Module] Trying to connect to existing licensing client channel...
Built from '6000.0/staging' branch; Version is '6000.0.62f1 (f99f05b3e950) revision 16359173'; Using compiler version '193933523'; Build Type 'Release'
OS: 'Windows 11  (10.0.26100) 64bit Professional' Language: 'tr' Physical Memory: 32621 MB
BatchMode: 1, IsHumanControllingUs: 0, StartBugReporterOnCrash: 0, Is64bit: 1
Date: 2025-12-15T08:35:03Z
[Licensing::IpcConnector] Successfully connected to: "LicenseClient-Mehmet" at "2025-12-15T08:35:03.4398212Z"

COMMAND LINE ARGUMENTS:
C:\Program Files\Unity\Hub\Editor\6000.0.62f1\Editor\Unity.exe
-adb2
-batchMode
-noUpm
-name
AssetImportWorker9
-projectPath
D:/Github/Project-Survival
-logFile
Logs/AssetImportWorker9.log
-srvPort
51519
-licensingIpc
LicenseClient-Mehmet
-job-worker-count
11
-background-job-worker-count
8
-gc-helper-count
1
-name
AssetImport
Successfully changed project path to: D:/Github/Project-Survival
D:/Github/Project-Survival
[UnityMemory] Configuration Parameters - Can be set up in boot.config
    "memorysetup-bucket-allocator-granularity=16"
    "memorysetup-bucket-allocator-bucket-count=8"
    "memorysetup-bucket-allocator-block-size=33554432"
    "memorysetup-bucket-allocator-block-count=8"
    "memorysetup-main-allocator-block-size=16777216"
    "memorysetup-thread-allocator-block-size=16777216"
    "memorysetup-gfx-main-allocator-block-size=16777216"
    "memorysetup-gfx-thread-allocator-block-size=16777216"
    "memorysetup-cache-allocator-block-size=4194304"
    "memorysetup-typetree-allocator-block-size=2097152"
    "memorysetup-profiler-bucket-allocator-granularity=16"
    "memorysetup-profiler-bucket-allocator-bucket-count=8"
    "memorysetup-profiler-bucket-allocator-block-size=33554432"
    "memorysetup-profiler-bucket-allocator-block-count=8"
    "memorysetup-profiler-allocator-block-size=16777216"
    "memorysetup-profiler-editor-allocator-block-size=1048576"
    "memorysetup-temp-allocator-size-main=16777216"
    "memorysetup-job-temp-allocator-block-size=2097152"
    "memorysetup-job-temp-allocator-block-size-background=1048576"
    "memorysetup-job-temp-allocator-reduction-small-platforms=262144"
    "memorysetup-allocator-temp-initial-block-size-main=262144"
    "memorysetup-allocator-temp-initial-block-size-worker=262144"
    "memorysetup-temp-allocator-size-background-worker=32768"
    "memorysetup-temp-allocator-size-job-worker=262144"
    "memorysetup-temp-allocator-size-preload-manager=33554432"
    "memorysetup-temp-allocator-size-nav-mesh-worker=65536"
    "memorysetup-temp-allocator-size-audio-worker=65536"
    "memorysetup-temp-allocator-size-cloud-worker=32768"
    "memorysetup-temp-allocator-size-gi-baking-worker=262144"
    "memorysetup-temp-allocator-size-gi-baking-worker=262144"
    "memorysetup-temp-allocator-size-gi-baking-worker=262144"
    "memorysetup-temp-allocator-size-gi-baking-worker=262144"
    "memorysetup-temp-allocator-size-gi-baking-worker=262144"
    "memorysetup-temp-allocator-size-gfx=262144"
Player connection [23180]  Target information:

Player connection [23180]  * "[IP] 10.0.1.102 [Port] 0 [Flags] 2 [Guid] 3669925799 [EditorId] 3669925799 [Version] 1048832 [Id] WindowsEditor(7,DESKTOP-P02AFH1) [Debug] 1 [PackageName] WindowsEditor [ProjectName] Editor" 

Player connection [23180] Host joined multi-casting on [225.0.0.222:54997]...
Player connection [23180] Host joined alternative multi-casting on [225.0.0.222:34997]...
JobSystem: Creating JobQueue using job-worker-count value 11
Input System module state changed to: Initialized.
[Physics::Module] Initialized fallback backend.
[Physics::Module] Id: 0xdecafbad
[Licensing::Client] Code 10 while verifying Licensing Client signature (process Id: 12252, path: "C:/Program Files/Unity Hub/UnityLicensingClient_V1/Unity.Licensing.Client.exe")
[Licensing::Module] LicensingClient has failed validation; ignoring
[Licensing::Client] Handshaking with LicensingClient:
  Version:                 1.17.3+a4e98f1
  Session Id:              c432edcad4e44684901f6dc80d5f4bbf
  Correlation Id:          b780854bcde18a98b8c9fc5011d0894f
  External correlation Id: 8996760992101682832
  Machine Id:              zsDTylX/wbsPzAhj9VZkiZ+wIzE=
[Licensing::Module] Successfully connected to LicensingClient on channel: "LicenseClient-Mehmet" (connect: 0.00s, validation: 0.00s, handshake: 0.03s)
[Licensing::IpcConnector] Successfully connected to: "LicenseClient-Mehmet-notifications" at "2025-12-15T08:35:03.4738317Z"
[Licensing::Module] Licensing Background thread has ended after 0.03s
Library Redirect Path: Library/
[Physics::Module] Selected backend.
[Physics::Module] Name: PhysX
[Physics::Module] Id: 0xf2b8ea05
[Physics::Module] SDK Version: 4.1.2
[Physics::Module] Integration Version: 1.0.0
[Physics::Module] Threading Mode: Multi-Threaded
Refreshing native plugins compatible for Editor in 0.72 ms, found 3 plugins.
Preloading 0 native plugins for Editor in 0.00 ms.
Initialize engine version: 6000.0.62f1 (f99f05b3e950)
[Subsystems] Discovering subsystems at path C:/Program Files/Unity/Hub/Editor/6000.0.62f1/Editor/Data/Resources/UnitySubsystems
[Subsystems] Discovering subsystems at path D:/Github/Project-Survival/Assets
GfxDevice: creating device client; kGfxThreadingModeNonThreaded
Direct3D:
    Version:  Direct3D 11.0 [level 11.1]
    Renderer: NVIDIA GeForce RTX 3050 (ID=0x2507)
    Vendor:   NVIDIA
    VRAM:     8042 MB
    Driver:   32.0.15.8157
Initialize mono
Mono path[0] = 'C:/Program Files/Unity/Hub/Editor/6000.0.62f1/Editor/Data/Managed'
Mono path[1] = 'C:/Program Files/Unity/Hub/Editor/6000.0.62f1/Editor/Data/MonoBleedingEdge/lib/mono/unityjit-win32'
Mono config path = 'C:/Program Files/Unity/Hub/Editor/6000.0.62f1/Editor/Data/MonoBleedingEdge/etc'
Using monoOptions --debugger-agent=transport=dt_socket,embedding=1,server=y,suspend=n,address=127.0.0.1:56304
Begin MonoManager ReloadAssembly
Registering precompiled unity dll's ...
Register platform support module: C:/Program Files/Unity/Hub/Editor/6000.0.62f1/Editor/Data/PlaybackEngines/WebGLSupport/UnityEditor.WebGL.Extensions.dll
Register platform support module: C:/Program Files/Unity/Hub/Editor/6000.0.62f1/Editor/Data/PlaybackEngines/WindowsStandaloneSupport/UnityEditor.WindowsStandalone.Extensions.dll
Registered in 0.002124 seconds.
- Loaded All Assemblies, in  0.275 seconds
Native extension for WindowsStandalone target not found
Native extension for WebGL target not found
Mono: successfully reloaded assembly
- Finished resetting the current domain, in  0.204 seconds
Domain Reload Profiling: 478ms
	BeginReloadAssembly (102ms)
		ExecutionOrderSort (0ms)
		DisableScriptedObjects (0ms)
		BackupInstance (0ms)
		ReleaseScriptingObjects (0ms)
		CreateAndSetChildDomain (0ms)
	RebuildCommonClasses (26ms)
	RebuildNativeTypeToScriptingClass (10ms)
	initialDomainReloadingComplete (36ms)
	LoadAllAssembliesAndSetupDomain (100ms)
		LoadAssemblies (99ms)
		RebuildTransferFunctionScriptingTraits (0ms)
		AnalyzeDomain (98ms)
			TypeCache.Refresh (97ms)
				TypeCache.ScanAssembly (87ms)
			BuildScriptInfoCaches (0ms)
			ResolveRequiredComponents (0ms)
	FinalizeReload (205ms)
		ReleaseScriptCaches (0ms)
		RebuildScriptCaches (0ms)
		SetupLoadedEditorAssemblies (175ms)
			LogAssemblyErrors (0ms)
			InitializePlatformSupportModulesInManaged (15ms)
			SetLoadedEditorAssemblies (3ms)
			BeforeProcessingInitializeOnLoad (36ms)
			ProcessInitializeOnLoadAttributes (90ms)
			ProcessInitializeOnLoadMethodAttributes (31ms)
			AfterProcessingInitializeOnLoad (0ms)
			EditorAssembliesLoaded (0ms)
		ExecutionOrderSort2 (0ms)
		AwakeInstancesAfterBackupRestoration (0ms)
Assembly reference Packages/com.unity.cinemachine/Editor/Samples/ExposeHDRPInternals/HDRP-Editor-ref.asmref has no target assembly definition
========================================================================
Worker process is ready to serve import requests
Import Worker Mode flag is 0x00
Assembly reference Packages/com.unity.cinemachine/Editor/Samples/ExposeHDRPInternals/HDRP-Editor-ref.asmref has no target assembly definition
Assembly reference Packages/com.unity.cinemachine/Editor/Samples/ExposeHDRPInternals/HDRP-Editor-ref.asmref has no target assembly definition
Begin MonoManager ReloadAssembly
[Licensing::Client] Successfully resolved entitlement details
[Licensing::Module] License group:
  Id: 18966783445336-UnityPersXXXX
  Product: Unity Personal
  Type: Assigned
  Expiration: Unlimited
- Loaded All Assemblies, in  0.538 seconds
Assembly reference Packages/com.unity.cinemachine/Editor/Samples/ExposeHDRPInternals/HDRP-Editor-ref.asmref has no target assembly definition
'Packages/com.unity.cinemachine/Editor/Obsolete/CinemachineVirtualCameraBaseEditor.cs' contains partial class of Unity.Object, exactly 1 of the partial classes needs to be in a file with the same filename. This is to know the one that can be referenced from ie. GameObjects
'Packages/com.unity.cinemachine/Editor/Editors/CinemachineVirtualCameraBaseEditor.cs' contains partial class of Unity.Object, exactly 1 of the partial classes needs to be in a file with the same filename. This is to know the one that can be referenced from ie. GameObjects
Refreshing native plugins compatible for Editor in 0.35 ms, found 3 plugins.
Native extension for WindowsStandalone target not found
Native extension for WebGL target not found
Assembly reference Packages/com.unity.cinemachine/Editor/Samples/ExposeHDRPInternals/HDRP-Editor-ref.asmref has no target assembly definition
Error loading file Library/StateCache/LayerSettings/9e/9ecc5c3c162a7aba29bafa64c8b94b7c.json. Error: System.IO.IOException: Sharing violation on path D:\Github\Project-Survival\Library\StateCache\LayerSettings\9e\9ecc5c3c162a7aba29bafa64c8b94b7c.json
  at System.IO.FileStream..ctor (System.String path, System.IO.FileMode mode, System.IO.FileAccess access, System.IO.FileShare share, System.Int32 bufferSize, System.Boolean anonymous, System.IO.FileOptions options) [0x0019e] in <73ac12a12f9a4ebca156b41ddce95fbe>:0 
  at System.IO.FileStream..ctor (System.String path, System.IO.FileMode mode, System.IO.FileAccess access, System.IO.FileShare share, System.Int32 bufferSize, System.IO.FileOptions options) [0x00000] in <73ac12a12f9a4ebca156b41ddce95fbe>:0 
  at (wrapper remoting-invoke-with-check) System.IO.FileStream..ctor(string,System.IO.FileMode,System.IO.FileAccess,System.IO.FileShare,int,System.IO.FileOptions)
  at System.IO.StreamReader..ctor (System.String path, System.Text.Encoding encoding, System.Boolean detectEncodingFromByteOrderMarks, System.Int32 bufferSize) [0x00055] in <73ac12a12f9a4ebca156b41ddce95fbe>:0 
  at System.IO.StreamReader..ctor (System.String path, System.Text.Encoding encoding, System.Boolean detectEncodingFromByteOrderMarks) [0x00000] in <73ac12a12f9a4ebca156b41ddce95fbe>:0 
  at (wrapper remoting-invoke-with-check) System.IO.StreamReader..ctor(string,System.Text.Encoding,bool)
  at System.IO.File.InternalReadAllText (System.String path, System.Text.Encoding encoding) [0x00000] in <73ac12a12f9a4ebca156b41ddce95fbe>:0 
  at System.IO.File.ReadAllText (System.String path, System.Text.Encoding encoding) [0x00034] in <73ac12a12f9a4ebca156b41ddce95fbe>:0 
  at UnityEditor.StateCache`1[T].GetState (UnityEngine.Hash128 key, T defaultValue) [0x00044] in <cd9b23508c04492a9e7051cbb9076578>:0 
UnityEngine.Debug:ExtractStackTraceNoAlloc (byte*,int,string)
UnityEngine.StackTraceUtility:ExtractStackTrace ()
UnityEngine.DebugLogHandler:Internal_Log (UnityEngine.LogType,UnityEngine.LogOption,string,UnityEngine.Object)
UnityEngine.DebugLogHandler:LogFormat (UnityEngine.LogType,UnityEngine.Object,string,object[])
UnityEngine.Logger:Log (UnityEngine.LogType,object)
UnityEngine.Debug:LogError (object)
UnityEditor.StateCache`1<UnityEditor.Tools/LayerSettings>:GetState (UnityEngine.Hash128,UnityEditor.Tools/LayerSettings)
UnityEditor.Tools:OnEnable ()
UnityEngine.ScriptableObject:CreateScriptableObjectInstanceFromType (System.Type,bool)
UnityEngine.ScriptableObject:CreateInstance (System.Type)
UnityEngine.ScriptableObject:CreateInstance<UnityEditor.Tools> ()
UnityEditor.Tools:get_get ()
UnityEditor.Tools:get_visibleLayers ()
UnityEditor.Animations.Rigging.BoneRendererUtils:.cctor () (at ./Library/PackageCache/com.unity.animation.rigging@e106d1f78228/Editor/Utils/BoneRendererUtils.cs:121)
System.Runtime.CompilerServices.RuntimeHelpers:RunClassConstructor (System.RuntimeTypeHandle)
UnityEditor.EditorAssemblies:ProcessInitializeOnLoadAttributes (System.Type[])

(Filename: ./Library/PackageCache/com.unity.animation.rigging@e106d1f78228/Editor/Utils/BoneRendererUtils.cs Line: 121)

[MODES] ModeService[none].Initialize
[MODES] ModeService[none].LoadModes
[MODES] Loading mode Default (0) for mode-current-id-Project Survivor
Package Manager log level set to [2]
[Package Manager] Failed to launch server process. Reason: Unity was launched with the -noUpm command-line argument
[Package Manager] Unable to send message (not connected to server process).
[Package Manager] Cannot connect to Unity Package Manager local server
[Package Manager] Failed to launch server process. Reason: Unity was launched with the -noUpm command-line argument
[Package Manager] Unable to send message (not connected to server process).
[Package Manager] Cannot connect to Unity Package Manager local server
Mono: successfully reloaded assembly
- Finished resetting the current domain, in  0.618 seconds
Domain Reload Profiling: 1155ms
	BeginReloadAssembly (109ms)
		ExecutionOrderSort (0ms)
		DisableScriptedObjects (4ms)
		BackupInstance (0ms)
		ReleaseScriptingObjects (0ms)
		CreateAndSetChildDomain (17ms)
	RebuildCommonClasses (23ms)
	RebuildNativeTypeToScriptingClass (7ms)
	initialDomainReloadingComplete (25ms)
	LoadAllAssembliesAndSetupDomain (372ms)
		LoadAssemblies (244ms)
		RebuildTransferFunctionScriptingTraits (0ms)
		AnalyzeDomain (189ms)
			TypeCache.Refresh (143ms)
				TypeCache.ScanAssembly (132ms)
			BuildScriptInfoCaches (35ms)
			ResolveRequiredComponents (8ms)
	FinalizeReload (619ms)
		ReleaseScriptCaches (0ms)
		RebuildScriptCaches (0ms)
		SetupLoadedEditorAssemblies (496ms)
			LogAssemblyErrors (0ms)
			InitializePlatformSupportModulesInManaged (2ms)
			SetLoadedEditorAssemblies (3ms)
			BeforeProcessingInitializeOnLoad (90ms)
			ProcessInitializeOnLoadAttributes (367ms)
			ProcessInitializeOnLoadMethodAttributes (29ms)
			AfterProcessingInitializeOnLoad (3ms)
			EditorAssembliesLoaded (0ms)
		ExecutionOrderSort2 (0ms)
		AwakeInstancesAfterBackupRestoration (4ms)
Launched and connected shader compiler UnityShaderCompiler.exe after 0.01 seconds
Refreshing native plugins compatible for Editor in 0.44 ms, found 3 plugins.
Preloading 0 native plugins for Editor in 0.00 ms.
Unloading 14 Unused Serialized files (Serialized files now loaded: 0)
Unloading 6665 unused Assets / (4.9 MB). Loaded Objects now: 7333.
Memory consumption went from 147.0 MB to 142.1 MB.
Total: 5.913600 ms (FindLiveObjects: 0.457100 ms CreateObjectMapping: 0.290600 ms MarkObjects: 3.536500 ms  DeleteObjects: 1.628600 ms)

========================================================================
Received Import Request.
  Time since last request: 14063.204466 seconds.
  path: Assets/Settings/Medium_PipelineAsset_ForwardRenderer.asset
  artifactKey: Guid(eb77d89c1fe237649b29f1d5063653e9) Importer(2089858483,3d70f49cd1c2eb9ae422958d1c652c6b)
Start importing Assets/Settings/Medium_PipelineAsset_ForwardRenderer.asset using Guid(eb77d89c1fe237649b29f1d5063653e9) Importer(2089858483,3d70f49cd1c2eb9ae422958d1c652c6b) (ScriptedImporter) -> (artifact id: '1efb42bd52c085af6b7c3cd4a0efe0f1') in 0.1635783 seconds
Number of updated asset objects reloaded before import = 0Number of asset objects unloaded after import = 0

========================================================================
Received Import Request.
  Time since last request: 0.000016 seconds.
  path: Assets/Joystick Pack/Prefabs/Variable Joystick.prefab
  artifactKey: Guid(ec536a7718376554185e4a856d5ae230) Importer(2089858483,3d70f49cd1c2eb9ae422958d1c652c6b)
Start importing Assets/Joystick Pack/Prefabs/Variable Joystick.prefab using Guid(ec536a7718376554185e4a856d5ae230) Importer(2089858483,3d70f49cd1c2eb9ae422958d1c652c6b) (ScriptedImporter) -> (artifact id: '514ca5f1c29ee17f227c08cb70f07dc8') in 0.0545162 seconds
Number of updated asset objects reloaded before import = 0Number of asset objects unloaded after import = 17

========================================================================
Received Import Request.
  Time since last request: 0.000032 seconds.
  path: Assets/Joystick Pack/Prefabs/Fixed Joystick.prefab
  artifactKey: Guid(aaa2c939c0359ac4dbce3f49e8b90252) Importer(2089858483,3d70f49cd1c2eb9ae422958d1c652c6b)
Start importing Assets/Joystick Pack/Prefabs/Fixed Joystick.prefab using Guid(aaa2c939c0359ac4dbce3f49e8b90252) Importer(2089858483,3d70f49cd1c2eb9ae422958d1c652c6b) (ScriptedImporter) -> (artifact id: 'ba811699fc9637f29ad602b56c57ba73') in 0.0832355 seconds
Number of updated asset objects reloaded before import = 0Number of asset objects unloaded after import = 13

========================================================================
Received Import Request.
  Time since last request: 0.000013 seconds.
  path: Assets/Models/KayKit/Nature/Assets/gltf/Rock_3_O_Color1.gltf
  artifactKey: Guid(ae59e0aad61559f4ba569d295b94123e) Importer(2089858483,192608db42251d675da83286b1cce702)
Start importing Assets/Models/KayKit/Nature/Assets/gltf/Rock_3_O_Color1.gltf using Guid(ae59e0aad61559f4ba569d295b94123e) Importer(2089858483,192608db42251d675da83286b1cce702) (ScriptedImporter) -> (artifact id: 'e687f0ad860bfb428af9d0f8bce4d9f4') in 0.0046 seconds
Number of updated asset objects reloaded before import = 0Number of asset objects unloaded after import = 1

========================================================================
Received Import Request.
  Time since last request: 0.000011 seconds.
  path: Assets/Models/PolyRonin/Pine Forest Pack/Prefabs/PineNoLeaf.prefab
  artifactKey: Guid(65aeeb11b7ebb7a46a3afec35f224e90) Importer(2089858483,3d70f49cd1c2eb9ae422958d1c652c6b)
Start importing Assets/Models/PolyRonin/Pine Forest Pack/Prefabs/PineNoLeaf.prefab using Guid(65aeeb11b7ebb7a46a3afec35f224e90) Importer(2089858483,3d70f49cd1c2eb9ae422958d1c652c6b) (ScriptedImporter) -> (artifact id: '99fa7c5148f1d71dbf395d95e64464a8') in 0.011361 seconds
Number of updated asset objects reloaded before import = 0Number of asset objects unloaded after import = 8

========================================================================
Received Import Request.
  Time since last request: 0.000086 seconds.
  path: Assets/Models/KayKit/Nature/Assets/obj/Rock_1_L_Color1.mtl
  artifactKey: Guid(5f007e5b455aa5e4493cf7c2f4522272) Importer(2089858483,192608db42251d675da83286b1cce702)
Start importing Assets/Models/KayKit/Nature/Assets/obj/Rock_1_L_Color1.mtl using Guid(5f007e5b455aa5e4493cf7c2f4522272) Importer(2089858483,192608db42251d675da83286b1cce702) (ScriptedImporter) -> (artifact id: '6e550d5c061005887149e73ba3f2844e') in 0.0031958 seconds
Number of updated asset objects reloaded before import = 0Number of asset objects unloaded after import = 1

========================================================================
Received Import Request.
  Time since last request: 6.506169 seconds.
  path: Assets/Models/KayKit/Nature/Assets/obj/Bush_4_D_Color1.mtl
  artifactKey: Guid(95a3a45bc1516b74785591a1a8c7c12a) Importer(2089858483,192608db42251d675da83286b1cce702)
Start importing Assets/Models/KayKit/Nature/Assets/obj/Bush_4_D_Color1.mtl using Guid(95a3a45bc1516b74785591a1a8c7c12a) Importer(2089858483,192608db42251d675da83286b1cce702) (ScriptedImporter) -> (artifact id: '62904782ecb82783d7d33c13a8259a1c') in 0.0037008 seconds
Number of updated asset objects reloaded before import = 0Number of asset objects unloaded after import = 1

========================================================================
Received Import Request.
  Time since last request: 0.000023 seconds.
  path: Assets/Models/PolyRonin/Pine Forest Pack/Prefabs/Flower2.prefab
  artifactKey: Guid(c0d47bd4183663b4d959045e4b3d4643) Importer(815301076,1909f56bfc062723c751e8b465ee728b)
Start importing Assets/Models/PolyRonin/Pine Forest Pack/Prefabs/Flower2.prefab using Guid(c0d47bd4183663b4d959045e4b3d4643) Importer(815301076,1909f56bfc062723c751e8b465ee728b) (PreviewImporter) -> (artifact id: '5b9beef5dd5e55c6e1721cdafff1f727') in 0.4719003 seconds
Number of updated asset objects reloaded before import = 0Number of asset objects unloaded after import = 9

========================================================================
Received Import Request.
  Time since last request: 0.008594 seconds.
  path: Assets/Models/PolyRonin/Pine Forest Pack/Prefabs/Grass.prefab
  artifactKey: Guid(a260f8e864547c24c9732e81afb6bd89) Importer(815301076,1909f56bfc062723c751e8b465ee728b)
Start importing Assets/Models/PolyRonin/Pine Forest Pack/Prefabs/Grass.prefab using Guid(a260f8e864547c24c9732e81afb6bd89) Importer(815301076,1909f56bfc062723c751e8b465ee728b) (PreviewImporter) -> (artifact id: '14fa51ed12e3bbfbd76ef3ca63a84719') in 0.0123158 seconds
Number of updated asset objects reloaded before import = 0Number of asset objects unloaded after import = 9

========================================================================
Received Import Request.
  Time since last request: 0.000053 seconds.
  path: Assets/Models/PolyRonin/Pine Forest Pack/Prefabs/PineNoLeaf.prefab
  artifactKey: Guid(65aeeb11b7ebb7a46a3afec35f224e90) Importer(815301076,1909f56bfc062723c751e8b465ee728b)
Start importing Assets/Models/PolyRonin/Pine Forest Pack/Prefabs/PineNoLeaf.prefab using Guid(65aeeb11b7ebb7a46a3afec35f224e90) Importer(815301076,1909f56bfc062723c751e8b465ee728b) (PreviewImporter) -> (artifact id: 'b3dc2ac744c07b7f7b68a6e19f4ae77f') in 0.0084035 seconds
Number of updated asset objects reloaded before import = 0Number of asset objects unloaded after import = 9

========================================================================
Received Import Request.
  Time since last request: 0.000024 seconds.
  path: Assets/Models/PolyRonin/Pine Forest Pack/Prefabs/Rock2.prefab
  artifactKey: Guid(e857a9c356abc164980b269f1ea536b2) Importer(815301076,1909f56bfc062723c751e8b465ee728b)
Start importing Assets/Models/PolyRonin/Pine Forest Pack/Prefabs/Rock2.prefab using Guid(e857a9c356abc164980b269f1ea536b2) Importer(815301076,1909f56bfc062723c751e8b465ee728b) (PreviewImporter) -> (artifact id: '37bd2543b96a40a2d0e2ef0296d686e9') in 0.00832 seconds
Number of updated asset objects reloaded before import = 0Number of asset objects unloaded after import = 9

========================================================================
Received Import Request.
  Time since last request: 0.000029 seconds.
  path: Assets/Models/KayKit/Nature/Assets/obj/Rock_1_P_Color1.obj
  artifactKey: Guid(8909bce51c44f7a4d9621b0102f07c41) Importer(2089858483,192608db42251d675da83286b1cce702)
Start importing Assets/Models/KayKit/Nature/Assets/obj/Rock_1_P_Color1.obj using Guid(8909bce51c44f7a4d9621b0102f07c41) Importer(2089858483,192608db42251d675da83286b1cce702) (ScriptedImporter) -> (artifact id: '3e51804564f1820a9b1a269a3f81b4b8') in 0.07233 seconds
Number of updated asset objects reloaded before import = 0Number of asset objects unloaded after import = 11

========================================================================
Received Import Request.
  Time since last request: 0.000033 seconds.
  path: Assets/Models/PolyRonin/Pine Forest Pack/Prefabs/Rock3.prefab
  artifactKey: Guid(88a8e441e17de8541ae76077c1b7c2ae) Importer(815301076,1909f56bfc062723c751e8b465ee728b)
Start importing Assets/Models/PolyRonin/Pine Forest Pack/Prefabs/Rock3.prefab using Guid(88a8e441e17de8541ae76077c1b7c2ae) Importer(815301076,1909f56bfc062723c751e8b465ee728b) (PreviewImporter) -> (artifact id: '93a8d2067da8d1f820231cc2017e0875') in 0.0081588 seconds
Number of updated asset objects reloaded before import = 0Number of asset objects unloaded after import = 9

========================================================================
Received Import Request.
  Time since last request: 0.000032 seconds.
  path: Assets/Models/PolyRonin/Pine Forest Pack/Prefabs/Pine2.prefab
  artifactKey: Guid(26993d92f0b1be744aa9ec6e7ac50c41) Importer(815301076,1909f56bfc062723c751e8b465ee728b)
Start importing Assets/Models/PolyRonin/Pine Forest Pack/Prefabs/Pine2.prefab using Guid(26993d92f0b1be744aa9ec6e7ac50c41) Importer(815301076,1909f56bfc062723c751e8b465ee728b) (PreviewImporter) -> (artifact id: 'ea99dc94648bc64a8ab7d5691555d65f') in 0.008277 seconds
Number of updated asset objects reloaded before import = 0Number of asset objects unloaded after import = 9

========================================================================
Received Import Request.
  Time since last request: 0.000023 seconds.
  path: Assets/Models/KayKit/Nature/Assets/obj/Rock_2_D_Color1.mtl
  artifactKey: Guid(1bc6daf33f9af2e4994bf8b3190d728b) Importer(2089858483,192608db42251d675da83286b1cce702)
Start importing Assets/Models/KayKit/Nature/Assets/obj/Rock_2_D_Color1.mtl using Guid(1bc6daf33f9af2e4994bf8b3190d728b) Importer(2089858483,192608db42251d675da83286b1cce702) (ScriptedImporter) -> (artifact id: '38465c436211a1669ac1e72fbfb1ccc2') in 0.0024006 seconds
Number of updated asset objects reloaded before import = 0Number of asset objects unloaded after import = 1

========================================================================
Received Import Request.
  Time since last request: 0.000019 seconds.
  path: Assets/Materials/Gridbox Prototype Materials/Materials/Standard/Prototype_512x512_Olive.mat
  artifactKey: Guid(f794c8451763f354c84ed1f9b0ea15a5) Importer(2089858483,192608db42251d675da83286b1cce702)
Start importing Assets/Materials/Gridbox Prototype Materials/Materials/Standard/Prototype_512x512_Olive.mat using Guid(f794c8451763f354c84ed1f9b0ea15a5) Importer(2089858483,192608db42251d675da83286b1cce702) (ScriptedImporter) -> (artifact id: '12cff47f1d5a078f7d88995c78ac83fc') in 0.0193619 seconds
Number of updated asset objects reloaded before import = 0Number of asset objects unloaded after import = 3

========================================================================
Received Import Request.
  Time since last request: 0.000022 seconds.
  path: Assets/Models/PolyRonin/Pine Forest Pack/Prefabs/Pine3.prefab
  artifactKey: Guid(f8751881d9b5353469de9c27b61f5021) Importer(815301076,1909f56bfc062723c751e8b465ee728b)
Start importing Assets/Models/PolyRonin/Pine Forest Pack/Prefabs/Pine3.prefab using Guid(f8751881d9b5353469de9c27b61f5021) Importer(815301076,1909f56bfc062723c751e8b465ee728b) (PreviewImporter) -> (artifact id: '6095e44e4b29bed91e14140a3ea96955') in 0.0091451 seconds
Number of updated asset objects reloaded before import = 0Number of asset objects unloaded after import = 9

========================================================================
Received Import Request.
  Time since last request: 0.088493 seconds.
  path: Assets/Models/KayKit/Nature/Assets/gltf/Rock_1_O_Color1.gltf
  artifactKey: Guid(34d69fb2c9ff6194381928a374227298) Importer(2089858483,192608db42251d675da83286b1cce702)
Start importing Assets/Models/KayKit/Nature/Assets/gltf/Rock_1_O_Color1.gltf using Guid(34d69fb2c9ff6194381928a374227298) Importer(2089858483,192608db42251d675da83286b1cce702) (ScriptedImporter) -> (artifact id: 'efa1758b2abc139e2483dd9f79834c4b') in 0.0028025 seconds
Number of updated asset objects reloaded before import = 0Number of asset objects unloaded after import = 1

========================================================================
Received Import Request.
  Time since last request: 0.472744 seconds.
  path: Assets/Models/OccaSoftware/Low Poly Fantasy Village/Prefabs/Path Piece_1.prefab
  artifactKey: Guid(2f1bf4cd7a3cdcd4ea279d67496dfee9) Importer(2089858483,192608db42251d675da83286b1cce702)
Start importing Assets/Models/OccaSoftware/Low Poly Fantasy Village/Prefabs/Path Piece_1.prefab using Guid(2f1bf4cd7a3cdcd4ea279d67496dfee9) Importer(2089858483,192608db42251d675da83286b1cce702) (ScriptedImporter) -> (artifact id: '3a7e8af4a2981cb845c31e67c678890e') in 0.0244518 seconds
Number of updated asset objects reloaded before import = 0Number of asset objects unloaded after import = 9

========================================================================
Received Import Request.
  Time since last request: 0.456517 seconds.
  path: Assets/Models/KayKit/Nature/Assets/obj/Tree_Bare_2_B_Color1.mtl
  artifactKey: Guid(3a214f42380b1d94fa4f67f483214916) Importer(2089858483,192608db42251d675da83286b1cce702)
Start importing Assets/Models/KayKit/Nature/Assets/obj/Tree_Bare_2_B_Color1.mtl using Guid(3a214f42380b1d94fa4f67f483214916) Importer(2089858483,192608db42251d675da83286b1cce702) (ScriptedImporter) -> (artifact id: '899b53738a6d72236ff239ef78e33d95') in 0.0031271 seconds
Number of updated asset objects reloaded before import = 0Number of asset objects unloaded after import = 1

========================================================================
Received Import Request.
  Time since last request: 0.480324 seconds.
  path: Assets/Models/KayKit/Nature/Assets/gltf/Rock_2_A_Color1.gltf
  artifactKey: Guid(1e3739f55c6713c478d9208a921dac3d) Importer(2089858483,192608db42251d675da83286b1cce702)
Start importing Assets/Models/KayKit/Nature/Assets/gltf/Rock_2_A_Color1.gltf using Guid(1e3739f55c6713c478d9208a921dac3d) Importer(2089858483,192608db42251d675da83286b1cce702) (ScriptedImporter) -> (artifact id: 'a2012b195a6549ff32f1fbc98fa8d68f') in 0.003021 seconds
Number of updated asset objects reloaded before import = 0Number of asset objects unloaded after import = 1

========================================================================
Received Import Request.
  Time since last request: 0.000018 seconds.
  path: Assets/Settings/Medium_PipelineAsset_ForwardRenderer.asset
  artifactKey: Guid(eb77d89c1fe237649b29f1d5063653e9) Importer(2089858483,192608db42251d675da83286b1cce702)
Start importing Assets/Settings/Medium_PipelineAsset_ForwardRenderer.asset using Guid(eb77d89c1fe237649b29f1d5063653e9) Importer(2089858483,192608db42251d675da83286b1cce702) (ScriptedImporter) -> (artifact id: '64423ebaafb8f15f065116154c1f4a07') in 0.0223082 seconds
Number of updated asset objects reloaded before import = 0Number of asset objects unloaded after import = 1

========================================================================
Received Import Request.
  Time since last request: 0.434212 seconds.
  path: Assets/Models/KayKit/Nature/Assets/obj/Grass_1_D_Singlesided_Color1.obj
  artifactKey: Guid(0aa4730b5b0b4aa4c8fe8cf5adb06399) Importer(2089858483,192608db42251d675da83286b1cce702)
Start importing Assets/Models/KayKit/Nature/Assets/obj/Grass_1_D_Singlesided_Color1.obj using Guid(0aa4730b5b0b4aa4c8fe8cf5adb06399) Importer(2089858483,192608db42251d675da83286b1cce702) (ScriptedImporter) -> (artifact id: '196bc52f5674bfbea117e012d7952c41') in 0.0080036 seconds
Number of updated asset objects reloaded before import = 0Number of asset objects unloaded after import = 11

========================================================================
Received Import Request.
  Time since last request: 0.000015 seconds.
  path: Assets/Models/KayKit/Nature/Assets/obj/Rock_3_C_Color1.obj
  artifactKey: Guid(f52d8ce03608a6d4f89ccef31b5997e3) Importer(2089858483,192608db42251d675da83286b1cce702)
Start importing Assets/Models/KayKit/Nature/Assets/obj/Rock_3_C_Color1.obj using Guid(f52d8ce03608a6d4f89ccef31b5997e3) Importer(2089858483,192608db42251d675da83286b1cce702) (ScriptedImporter) -> (artifact id: 'c6602c303167fef0e16a7b630ae5ee5a') in 0.0110843 seconds
Number of updated asset objects reloaded before import = 0Number of asset objects unloaded after import = 11

========================================================================
Received Import Request.
  Time since last request: 0.000017 seconds.
  path: Assets/Models/KayKit/Nature/Assets/gltf/Grass_2_A_Singlesided_Color1.gltf
  artifactKey: Guid(1b6d00b310442fb489674c2a07a73cec) Importer(2089858483,192608db42251d675da83286b1cce702)
Start importing Assets/Models/KayKit/Nature/Assets/gltf/Grass_2_A_Singlesided_Color1.gltf using Guid(1b6d00b310442fb489674c2a07a73cec) Importer(2089858483,192608db42251d675da83286b1cce702) (ScriptedImporter) -> (artifact id: 'ea584787a2a3bf434785d650298f680a') in 0.0025823 seconds
Number of updated asset objects reloaded before import = 0Number of asset objects unloaded after import = 1

========================================================================
Received Import Request.
  Time since last request: 0.000015 seconds.
  path: Assets/Models/KayKit/Nature/Assets/gltf/Grass_1_C_Color1.gltf
  artifactKey: Guid(b1e1e9d0c7a8e1b49ab610879e2fb3f0) Importer(2089858483,192608db42251d675da83286b1cce702)
Start importing Assets/Models/KayKit/Nature/Assets/gltf/Grass_1_C_Color1.gltf using Guid(b1e1e9d0c7a8e1b49ab610879e2fb3f0) Importer(2089858483,192608db42251d675da83286b1cce702) (ScriptedImporter) -> (artifact id: '6a8b88587c78cc9d2db81f9068a9300b') in 0.0019911 seconds
Number of updated asset objects reloaded before import = 0Number of asset objects unloaded after import = 1

========================================================================
Received Import Request.
  Time since last request: 0.000016 seconds.
  path: Assets/Models/KayKit/Nature/Assets/obj/Rock_2_F_Color1.mtl
  artifactKey: Guid(f6d0e1defc2351d4abfccbce52ebc762) Importer(2089858483,192608db42251d675da83286b1cce702)
Start importing Assets/Models/KayKit/Nature/Assets/obj/Rock_2_F_Color1.mtl using Guid(f6d0e1defc2351d4abfccbce52ebc762) Importer(2089858483,192608db42251d675da83286b1cce702) (ScriptedImporter) -> (artifact id: '48fc7071b2baaa88b5db94d23466055b') in 0.0020766 seconds
Number of updated asset objects reloaded before import = 0Number of asset objects unloaded after import = 1

========================================================================
Received Import Request.
  Time since last request: 0.000026 seconds.
  path: Assets/Models/KayKit/Nature/Assets/obj/Grass_2_Mesh.obj
  artifactKey: Guid(d124a75a2253d1345996c9f6c932c526) Importer(2089858483,192608db42251d675da83286b1cce702)
Start importing Assets/Models/KayKit/Nature/Assets/obj/Grass_2_Mesh.obj using Guid(d124a75a2253d1345996c9f6c932c526) Importer(2089858483,192608db42251d675da83286b1cce702) (ScriptedImporter) -> (artifact id: 'f2fde64d1938bddc9d7dbf50d0f28cf3') in 0.0082338 seconds
Number of updated asset objects reloaded before import = 0Number of asset objects unloaded after import = 10

========================================================================
Received Import Request.
  Time since last request: 0.000020 seconds.
  path: Assets/DefaultVolumeProfile.asset
  artifactKey: Guid(a5ce473cfbd646443998390e48a5a5fa) Importer(2089858483,192608db42251d675da83286b1cce702)
Start importing Assets/DefaultVolumeProfile.asset using Guid(a5ce473cfbd646443998390e48a5a5fa) Importer(2089858483,192608db42251d675da83286b1cce702) (ScriptedImporter) -> (artifact id: '03d1a0f9b1aed7f1c1f3c0fd263ccda4') in 0.0027678 seconds
Number of updated asset objects reloaded before import = 0Number of asset objects unloaded after import = 0

========================================================================
Received Import Request.
  Time since last request: 0.000023 seconds.
  path: Assets/Models/KayKit/Nature/Assets/obj/Tree_1_C_Color1.obj
  artifactKey: Guid(7d58834f3a17f9a4b9d59262de14798d) Importer(2089858483,192608db42251d675da83286b1cce702)
Start importing Assets/Models/KayKit/Nature/Assets/obj/Tree_1_C_Color1.obj using Guid(7d58834f3a17f9a4b9d59262de14798d) Importer(2089858483,192608db42251d675da83286b1cce702) (ScriptedImporter) -> (artifact id: '9d0eb3167a8dd48a79459b16b8f063b7') in 0.0084631 seconds
Number of updated asset objects reloaded before import = 0Number of asset objects unloaded after import = 11

========================================================================
Received Import Request.
  Time since last request: 0.000016 seconds.
  path: Assets/Models/KayKit/Nature/Assets/gltf/Bush_1_G_Color1.gltf
  artifactKey: Guid(0527b8a1886e3a0408fd64e2b56cf66e) Importer(2089858483,192608db42251d675da83286b1cce702)
Start importing Assets/Models/KayKit/Nature/Assets/gltf/Bush_1_G_Color1.gltf using Guid(0527b8a1886e3a0408fd64e2b56cf66e) Importer(2089858483,192608db42251d675da83286b1cce702) (ScriptedImporter) -> (artifact id: '635ff9e7f7ac88ad26367bad3bac4ee4') in 0.0023956 seconds
Number of updated asset objects reloaded before import = 0Number of asset objects unloaded after import = 1

========================================================================
Received Import Request.
  Time since last request: 0.000016 seconds.
  path: Assets/Models/KayKit/Nature/Assets/obj/Bush_4_A_Color1.mtl
  artifactKey: Guid(3ff6ba6b16ccb6243b1f23df3c5b4253) Importer(2089858483,192608db42251d675da83286b1cce702)
Start importing Assets/Models/KayKit/Nature/Assets/obj/Bush_4_A_Color1.mtl using Guid(3ff6ba6b16ccb6243b1f23df3c5b4253) Importer(2089858483,192608db42251d675da83286b1cce702) (ScriptedImporter) -> (artifact id: '7931e34185a05ab9bb5c1c08e06dc37d') in 0.0021945 seconds
Number of updated asset objects reloaded before import = 0Number of asset objects unloaded after import = 1

========================================================================
Received Import Request.
  Time since last request: 0.000020 seconds.
  path: Assets/Models/KayKit/Nature/Assets/gltf/Bush_3_A_Color1.gltf
  artifactKey: Guid(c75d2a13f5e5ef744a8dda6c8646d643) Importer(2089858483,192608db42251d675da83286b1cce702)
Start importing Assets/Models/KayKit/Nature/Assets/gltf/Bush_3_A_Color1.gltf using Guid(c75d2a13f5e5ef744a8dda6c8646d643) Importer(2089858483,192608db42251d675da83286b1cce702) (ScriptedImporter) -> (artifact id: '20c728daa6c0fc561ec6f88074ce2f91') in 0.0025466 seconds
Number of updated asset objects reloaded before import = 0Number of asset objects unloaded after import = 1

========================================================================
Received Import Request.
  Time since last request: 0.000017 seconds.
  path: Assets/Models/KayKit/Nature/Assets/obj/Grass_1_C_Singlesided_Color1.obj
  artifactKey: Guid(326ca15dbd27b9e4e9e275a1ad509c89) Importer(2089858483,192608db42251d675da83286b1cce702)
Start importing Assets/Models/KayKit/Nature/Assets/obj/Grass_1_C_Singlesided_Color1.obj using Guid(326ca15dbd27b9e4e9e275a1ad509c89) Importer(2089858483,192608db42251d675da83286b1cce702) (ScriptedImporter) -> (artifact id: '892d5d958d3f985d9e1d09d7ef66114b') in 0.0099781 seconds
Number of updated asset objects reloaded before import = 0Number of asset objects unloaded after import = 11

========================================================================
Received Import Request.
  Time since last request: 0.000052 seconds.
  path: Assets/Models/KayKit/Nature/Assets/gltf/Rock_1_M_Color1.gltf
  artifactKey: Guid(91adbd23035d4a84d9ba769e594f9bc5) Importer(2089858483,192608db42251d675da83286b1cce702)
Start importing Assets/Models/KayKit/Nature/Assets/gltf/Rock_1_M_Color1.gltf using Guid(91adbd23035d4a84d9ba769e594f9bc5) Importer(2089858483,192608db42251d675da83286b1cce702) (ScriptedImporter) -> (artifact id: '986fa4767abeeb36f95d2b0d42446165') in 0.0023895 seconds
Number of updated asset objects reloaded before import = 0Number of asset objects unloaded after import = 1

========================================================================
Received Import Request.
  Time since last request: 0.000021 seconds.
  path: Assets/Models/KayKit/Nature/Assets/obj/Grass_2_D_Color1.mtl
  artifactKey: Guid(ec74fd251447b0643bc6cdf5783080cc) Importer(2089858483,192608db42251d675da83286b1cce702)
Start importing Assets/Models/KayKit/Nature/Assets/obj/Grass_2_D_Color1.mtl using Guid(ec74fd251447b0643bc6cdf5783080cc) Importer(2089858483,192608db42251d675da83286b1cce702) (ScriptedImporter) -> (artifact id: 'e5871a6d85ca62543bae47e72bb48b0d') in 0.0023774 seconds
Number of updated asset objects reloaded before import = 0Number of asset objects unloaded after import = 1

========================================================================
Received Import Request.
  Time since last request: 0.000017 seconds.
  path: Assets/Models/KayKit/Nature/Assets/obj/Grass_2_A_Singlesided_Color1.mtl
  artifactKey: Guid(f7e37f4f974149648a2a315bf0029e99) Importer(2089858483,192608db42251d675da83286b1cce702)
Start importing Assets/Models/KayKit/Nature/Assets/obj/Grass_2_A_Singlesided_Color1.mtl using Guid(f7e37f4f974149648a2a315bf0029e99) Importer(2089858483,192608db42251d675da83286b1cce702) (ScriptedImporter) -> (artifact id: '978ca1db24f6d1e02e568018a6e92825') in 0.0023222 seconds
Number of updated asset objects reloaded before import = 0Number of asset objects unloaded after import = 1

========================================================================
Received Import Request.
  Time since last request: 0.000017 seconds.
  path: Assets/Models/KayKit/Nature/Assets/obj/Rock_3_E_Color1.mtl
  artifactKey: Guid(4f81d0e916f62994e9b6ddb10703b87c) Importer(2089858483,192608db42251d675da83286b1cce702)
Start importing Assets/Models/KayKit/Nature/Assets/obj/Rock_3_E_Color1.mtl using Guid(4f81d0e916f62994e9b6ddb10703b87c) Importer(2089858483,192608db42251d675da83286b1cce702) (ScriptedImporter) -> (artifact id: 'adc0ddf075585b5b591303b9cc123d08') in 0.0020604 seconds
Number of updated asset objects reloaded before import = 0Number of asset objects unloaded after import = 1

========================================================================
Received Import Request.
  Time since last request: 0.000018 seconds.
  path: Assets/Models/KayKit/Nature/Assets/gltf/Rock_3_R_Color1.gltf
  artifactKey: Guid(a3434f63469a7344ba775fd42dfe8f67) Importer(2089858483,192608db42251d675da83286b1cce702)
Start importing Assets/Models/KayKit/Nature/Assets/gltf/Rock_3_R_Color1.gltf using Guid(a3434f63469a7344ba775fd42dfe8f67) Importer(2089858483,192608db42251d675da83286b1cce702) (ScriptedImporter) -> (artifact id: '846f9dda5c46f91976c33f40094ba298') in 0.0027642 seconds
Number of updated asset objects reloaded before import = 0Number of asset objects unloaded after import = 1

========================================================================
Received Import Request.
  Time since last request: 0.000034 seconds.
  path: Assets/Models/OccaSoftware/Low Poly Fantasy Village/Prefabs/Showcase.prefab
  artifactKey: Guid(5a0a54a0bf253ff4fa48daadf86c34f6) Importer(2089858483,192608db42251d675da83286b1cce702)
Start importing Assets/Models/OccaSoftware/Low Poly Fantasy Village/Prefabs/Showcase.prefab using Guid(5a0a54a0bf253ff4fa48daadf86c34f6) Importer(2089858483,192608db42251d675da83286b1cce702) (ScriptedImporter) -> (artifact id: 'fe4577dabacd28b36b70d45ba91b5ae7') in 0.3060802 seconds
Number of updated asset objects reloaded before import = 0Number of asset objects unloaded after import = 324

========================================================================
Received Import Request.
  Time since last request: 0.000027 seconds.
  path: Assets/Models/OccaSoftware/Low Poly Fantasy Village/Prefabs/Fence.prefab
  artifactKey: Guid(94f6b81a91774dd40b60e935197c3144) Importer(2089858483,192608db42251d675da83286b1cce702)
Start importing Assets/Models/OccaSoftware/Low Poly Fantasy Village/Prefabs/Fence.prefab using Guid(94f6b81a91774dd40b60e935197c3144) Importer(2089858483,192608db42251d675da83286b1cce702) (ScriptedImporter) -> (artifact id: '3368e94aaf6d6d6b0ae26c3ca0a7ff9b') in 0.0411847 seconds
Number of updated asset objects reloaded before import = 0Number of asset objects unloaded after import = 9

========================================================================
Received Import Request.
  Time since last request: 0.000024 seconds.
  path: Assets/Models/KayKit/Nature/Assets/obj/Bush_1_E_Color1.obj
  artifactKey: Guid(f3efc1a246e67e54682298337f83fe58) Importer(2089858483,192608db42251d675da83286b1cce702)
Start importing Assets/Models/KayKit/Nature/Assets/obj/Bush_1_E_Color1.obj using Guid(f3efc1a246e67e54682298337f83fe58) Importer(2089858483,192608db42251d675da83286b1cce702) (ScriptedImporter) -> (artifact id: 'c1eddb448e8e96fd4b38527f0ab0d262') in 0.007318 seconds
Number of updated asset objects reloaded before import = 0Number of asset objects unloaded after import = 11

========================================================================
Received Import Request.
  Time since last request: 0.000014 seconds.
  path: Assets/Models/KayKit/Nature/Assets/gltf/Rock_2_C_Color1.gltf
  artifactKey: Guid(6e4831f22ef290b4887c1970d94ecc67) Importer(2089858483,192608db42251d675da83286b1cce702)
Start importing Assets/Models/KayKit/Nature/Assets/gltf/Rock_2_C_Color1.gltf using Guid(6e4831f22ef290b4887c1970d94ecc67) Importer(2089858483,192608db42251d675da83286b1cce702) (ScriptedImporter) -> (artifact id: 'ad9e4f10124f898a45326394b81064fb') in 0.0019274 seconds
Number of updated asset objects reloaded before import = 0Number of asset objects unloaded after import = 1

========================================================================
Received Import Request.
  Time since last request: 0.000027 seconds.
  path: Assets/Models/KayKit/Nature/Assets/obj/Bush_2_D_Color1.obj
  artifactKey: Guid(1a4df4e98e9dda84391c9d8ae63fcc25) Importer(2089858483,192608db42251d675da83286b1cce702)
Start importing Assets/Models/KayKit/Nature/Assets/obj/Bush_2_D_Color1.obj using Guid(1a4df4e98e9dda84391c9d8ae63fcc25) Importer(2089858483,192608db42251d675da83286b1cce702) (ScriptedImporter) -> (artifact id: '5960c78391960858264e337838537abc') in 0.0090441 seconds
Number of updated asset objects reloaded before import = 0Number of asset objects unloaded after import = 11

========================================================================
Received Import Request.
  Time since last request: 0.000020 seconds.
  path: Assets/Models/KayKit/Nature/Assets/gltf/Tree_2_E_Color1.gltf
  artifactKey: Guid(10231739e82892a438160ffe387ef683) Importer(2089858483,192608db42251d675da83286b1cce702)
Start importing Assets/Models/KayKit/Nature/Assets/gltf/Tree_2_E_Color1.gltf using Guid(10231739e82892a438160ffe387ef683) Importer(2089858483,192608db42251d675da83286b1cce702) (ScriptedImporter) -> (artifact id: '0147cf04d7a2754e2ee8071bde2384e8') in 0.0023507 seconds
Number of updated asset objects reloaded before import = 0Number of asset objects unloaded after import = 1

========================================================================
Received Import Request.
  Time since last request: 0.000016 seconds.
  path: Assets/Settings/Ultra_PipelineAsset.asset
  artifactKey: Guid(71f3e6856c27f3f44bf3b19bb3a2e41f) Importer(2089858483,192608db42251d675da83286b1cce702)
Start importing Assets/Settings/Ultra_PipelineAsset.asset using Guid(71f3e6856c27f3f44bf3b19bb3a2e41f) Importer(2089858483,192608db42251d675da83286b1cce702) (ScriptedImporter) -> (artifact id: 'a0c4445f8761cab0816705e0030c3b73') in 0.0220754 seconds
Number of updated asset objects reloaded before import = 0Number of asset objects unloaded after import = 1

========================================================================
Received Import Request.
  Time since last request: 0.000055 seconds.
  path: Assets/Models/KayKit/Adventurers/Animations/fbx/Rig_Medium/Lockpicking.anim
  artifactKey: Guid(0c8df610f13eca74c9781c4c5bf0896c) Importer(2089858483,192608db42251d675da83286b1cce702)
Start importing Assets/Models/KayKit/Adventurers/Animations/fbx/Rig_Medium/Lockpicking.anim using Guid(0c8df610f13eca74c9781c4c5bf0896c) Importer(2089858483,192608db42251d675da83286b1cce702) (ScriptedImporter) -> (artifact id: '280d11cef55cf63ed2c176de3d41a11c') in 0.009484 seconds
Number of updated asset objects reloaded before import = 0Number of asset objects unloaded after import = 1

========================================================================
Received Import Request.
  Time since last request: 0.000025 seconds.
  path: Assets/Models/KayKit/Nature
  artifactKey: Guid(394a3e6d728dd694897b28816284272d) Importer(2089858483,192608db42251d675da83286b1cce702)
Start importing Assets/Models/KayKit/Nature using Guid(394a3e6d728dd694897b28816284272d) Importer(2089858483,192608db42251d675da83286b1cce702) (ScriptedImporter) -> (artifact id: '6b514e5105a0fd10089042fe7653b06b') in 0.0026248 seconds
Number of updated asset objects reloaded before import = 0Number of asset objects unloaded after import = 1

========================================================================
Received Import Request.
  Time since last request: 0.000017 seconds.
  path: Assets/Models/KayKit/Nature/Assets/gltf/Grass_2_D_Color1.gltf
  artifactKey: Guid(ee50d939bda9c8547a5c3657682f081f) Importer(2089858483,192608db42251d675da83286b1cce702)
Start importing Assets/Models/KayKit/Nature/Assets/gltf/Grass_2_D_Color1.gltf using Guid(ee50d939bda9c8547a5c3657682f081f) Importer(2089858483,192608db42251d675da83286b1cce702) (ScriptedImporter) -> (artifact id: '8a349b6bfa7bdcc3dbf70ad3747fca32') in 0.002528 seconds
Number of updated asset objects reloaded before import = 0Number of asset objects unloaded after import = 1

========================================================================
Received Import Request.
  Time since last request: 0.000031 seconds.
  path: Assets/Models/KayKit/Nature/Assets/obj/Rock_1_A_Color1.obj
  artifactKey: Guid(05b5df771dc6a544cbecf2f611c153e8) Importer(2089858483,192608db42251d675da83286b1cce702)
Start importing Assets/Models/KayKit/Nature/Assets/obj/Rock_1_A_Color1.obj using Guid(05b5df771dc6a544cbecf2f611c153e8) Importer(2089858483,192608db42251d675da83286b1cce702) (ScriptedImporter) -> (artifact id: '9cd57e7516b51b019bc402a716ec5439') in 0.0103655 seconds
Number of updated asset objects reloaded before import = 0Number of asset objects unloaded after import = 11

========================================================================
Received Import Request.
  Time since last request: 0.000016 seconds.
  path: Assets/Models/OccaSoftware/Low Poly Fantasy Village/Samples/Demo
  artifactKey: Guid(52dfdfa72220ad740896ddd251870e2c) Importer(2089858483,192608db42251d675da83286b1cce702)
Start importing Assets/Models/OccaSoftware/Low Poly Fantasy Village/Samples/Demo using Guid(52dfdfa72220ad740896ddd251870e2c) Importer(2089858483,192608db42251d675da83286b1cce702) (ScriptedImporter) -> (artifact id: '5d4de738ddddd646e38e626176ca90a2') in 0.0021138 seconds
Number of updated asset objects reloaded before import = 0Number of asset objects unloaded after import = 1

========================================================================
Received Import Request.
  Time since last request: 0.000018 seconds.
  path: Assets/Animations/AnimatorControllers
  artifactKey: Guid(d552ac6af31b0e044813aa89e66ac4d6) Importer(2089858483,192608db42251d675da83286b1cce702)
Start importing Assets/Animations/AnimatorControllers using Guid(d552ac6af31b0e044813aa89e66ac4d6) Importer(2089858483,192608db42251d675da83286b1cce702) (ScriptedImporter) -> (artifact id: 'fb945ece941208eb265e82b656be9ab0') in 0.0096427 seconds
Number of updated asset objects reloaded before import = 0Number of asset objects unloaded after import = 1

========================================================================
Received Import Request.
  Time since last request: 0.000016 seconds.
  path: Assets/Models/KayKit/Nature/Assets/gltf/Rock_1_L_Color1.gltf
  artifactKey: Guid(660f30cecbec31e42849e43cd894332a) Importer(2089858483,192608db42251d675da83286b1cce702)
Start importing Assets/Models/KayKit/Nature/Assets/gltf/Rock_1_L_Color1.gltf using Guid(660f30cecbec31e42849e43cd894332a) Importer(2089858483,192608db42251d675da83286b1cce702) (ScriptedImporter) -> (artifact id: 'eaef6a8ee927d924c4ecd3c7325a91fa') in 0.0029222 seconds
Number of updated asset objects reloaded before import = 0Number of asset objects unloaded after import = 1

========================================================================
Received Import Request.
  Time since last request: 0.000016 seconds.
  path: Assets/Models/KayKit/Nature/Assets/obj/Rock_3_J_Color1.obj
  artifactKey: Guid(c4e34f9edee23564cb0b1c9fb8903c74) Importer(2089858483,192608db42251d675da83286b1cce702)
Start importing Assets/Models/KayKit/Nature/Assets/obj/Rock_3_J_Color1.obj using Guid(c4e34f9edee23564cb0b1c9fb8903c74) Importer(2089858483,192608db42251d675da83286b1cce702) (ScriptedImporter) -> (artifact id: '2b5509513c330388adab171c60674c31') in 0.0066992 seconds
Number of updated asset objects reloaded before import = 0Number of asset objects unloaded after import = 11

========================================================================
Received Import Request.
  Time since last request: 0.000015 seconds.
  path: Assets/Models/KayKit/Nature/Assets/obj/Grass_2_A_Color1.mtl
  artifactKey: Guid(3d4d44ec131b9da43b6323dec6c963e1) Importer(2089858483,192608db42251d675da83286b1cce702)
Start importing Assets/Models/KayKit/Nature/Assets/obj/Grass_2_A_Color1.mtl using Guid(3d4d44ec131b9da43b6323dec6c963e1) Importer(2089858483,192608db42251d675da83286b1cce702) (ScriptedImporter) -> (artifact id: 'f4d3a7cb739ed2cd6bd937fa26c09108') in 0.0017891 seconds
Number of updated asset objects reloaded before import = 0Number of asset objects unloaded after import = 1

========================================================================
Received Import Request.
  Time since last request: 0.000020 seconds.
  path: Assets/Models/KayKit/Nature/Assets/gltf/Tree_3_B_Color1.gltf
  artifactKey: Guid(7c8de8b5821f19449a7c4216e5a7c8f4) Importer(2089858483,192608db42251d675da83286b1cce702)
Start importing Assets/Models/KayKit/Nature/Assets/gltf/Tree_3_B_Color1.gltf using Guid(7c8de8b5821f19449a7c4216e5a7c8f4) Importer(2089858483,192608db42251d675da83286b1cce702) (ScriptedImporter) -> (artifact id: '40fdbdab22a1ed89199e91c56df09ade') in 0.0147881 seconds
Number of updated asset objects reloaded before import = 0Number of asset objects unloaded after import = 1

========================================================================
Received Import Request.
  Time since last request: 0.000017 seconds.
  path: Assets/Models/OccaSoftware/Low Poly Fantasy Village/Prefabs/Bench.prefab
  artifactKey: Guid(ee743d366a1d15f4280fcc33f72891e5) Importer(2089858483,192608db42251d675da83286b1cce702)
Start importing Assets/Models/OccaSoftware/Low Poly Fantasy Village/Prefabs/Bench.prefab using Guid(ee743d366a1d15f4280fcc33f72891e5) Importer(2089858483,192608db42251d675da83286b1cce702) (ScriptedImporter) -> (artifact id: 'a51b26b8fac0c5a6eafabe12d0079af6') in 0.3945784 seconds
Number of updated asset objects reloaded before import = 0Number of asset objects unloaded after import = 9

========================================================================
Received Import Request.
  Time since last request: 0.000020 seconds.
  path: Assets/Models/KayKit/Nature/Assets/obj/Grass_1_A_Singlesided_Color1.obj
  artifactKey: Guid(91a6ede90967fbf44bcf5d2335963c86) Importer(2089858483,192608db42251d675da83286b1cce702)
Start importing Assets/Models/KayKit/Nature/Assets/obj/Grass_1_A_Singlesided_Color1.obj using Guid(91a6ede90967fbf44bcf5d2335963c86) Importer(2089858483,192608db42251d675da83286b1cce702) (ScriptedImporter) -> (artifact id: '7265b9c303fa95a122d1e90ce69fe870') in 0.0116396 seconds
Number of updated asset objects reloaded before import = 0Number of asset objects unloaded after import = 11

========================================================================
Received Import Request.
  Time since last request: 0.000021 seconds.
  path: Assets/Settings/Low_PipelineAsset_ForwardRenderer.asset
  artifactKey: Guid(5aac3dcd0f9341d46a4419864c3de62d) Importer(2089858483,192608db42251d675da83286b1cce702)
Start importing Assets/Settings/Low_PipelineAsset_ForwardRenderer.asset using Guid(5aac3dcd0f9341d46a4419864c3de62d) Importer(2089858483,192608db42251d675da83286b1cce702) (ScriptedImporter) -> (artifact id: '402d12c933852dd48af025a2784938b8') in 0.0111788 seconds
Number of updated asset objects reloaded before import = 0Number of asset objects unloaded after import = 1

========================================================================
Received Import Request.
  Time since last request: 0.000014 seconds.
  path: Assets/Models/KayKit/Nature/Assets/obj/Tree_2_B_Color1.mtl
  artifactKey: Guid(fde36c0864cd57841a753aad4c0c92f1) Importer(2089858483,192608db42251d675da83286b1cce702)
Start importing Assets/Models/KayKit/Nature/Assets/obj/Tree_2_B_Color1.mtl using Guid(fde36c0864cd57841a753aad4c0c92f1) Importer(2089858483,192608db42251d675da83286b1cce702) (ScriptedImporter) -> (artifact id: '900f825a6ef3e5be52cd76054d85274d') in 0.0080169 seconds
Number of updated asset objects reloaded before import = 0Number of asset objects unloaded after import = 1

========================================================================
Received Import Request.
  Time since last request: 0.000015 seconds.
  path: Assets/Models/KayKit/Nature/Assets/fbx
  artifactKey: Guid(45fb96d3bdb15d9489262ca1e04161e2) Importer(2089858483,192608db42251d675da83286b1cce702)
Start importing Assets/Models/KayKit/Nature/Assets/fbx using Guid(45fb96d3bdb15d9489262ca1e04161e2) Importer(2089858483,192608db42251d675da83286b1cce702) (ScriptedImporter) -> (artifact id: '47728d2a7ee723a25d820c82a99c739d') in 0.1400456 seconds
Number of updated asset objects reloaded before import = 0Number of asset objects unloaded after import = 1

========================================================================
Received Import Request.
  Time since last request: 0.000015 seconds.
  path: Assets/Models/KayKit/Nature/Assets/obj/Bush_3_B_Color1.mtl
  artifactKey: Guid(8c56adcdd48501f4496b71371c2a7ebc) Importer(2089858483,192608db42251d675da83286b1cce702)
Start importing Assets/Models/KayKit/Nature/Assets/obj/Bush_3_B_Color1.mtl using Guid(8c56adcdd48501f4496b71371c2a7ebc) Importer(2089858483,192608db42251d675da83286b1cce702) (ScriptedImporter) -> (artifact id: '923edf95ddee869ab8a2919f42f858b7') in 0.0132202 seconds
Number of updated asset objects reloaded before import = 0Number of asset objects unloaded after import = 1

========================================================================
Received Import Request.
  Time since last request: 0.000021 seconds.
  path: Assets/Models/KayKit/Nature/Assets/obj/Tree_2_D_Color1.obj
  artifactKey: Guid(2181f557dc8a99a498a1b9438d8b3c6a) Importer(2089858483,192608db42251d675da83286b1cce702)
Start importing Assets/Models/KayKit/Nature/Assets/obj/Tree_2_D_Color1.obj using Guid(2181f557dc8a99a498a1b9438d8b3c6a) Importer(2089858483,192608db42251d675da83286b1cce702) (ScriptedImporter) -> (artifact id: 'dfcd4bca300e6236e843e401e6749280') in 0.0069213 seconds
Number of updated asset objects reloaded before import = 0Number of asset objects unloaded after import = 11

========================================================================
Received Import Request.
  Time since last request: 0.000014 seconds.
  path: Assets/Models/OccaSoftware/Low Poly Fantasy Village/Prefabs/Tree_7.prefab
  artifactKey: Guid(9c5f0d011cbb74f46a3eca1a97c7a485) Importer(2089858483,192608db42251d675da83286b1cce702)
Start importing Assets/Models/OccaSoftware/Low Poly Fantasy Village/Prefabs/Tree_7.prefab using Guid(9c5f0d011cbb74f46a3eca1a97c7a485) Importer(2089858483,192608db42251d675da83286b1cce702) (ScriptedImporter) -> (artifact id: '40141f581ab018cf38dad51529366493') in 0.1420679 seconds
Number of updated asset objects reloaded before import = 0Number of asset objects unloaded after import = 9

========================================================================
Received Import Request.
  Time since last request: 0.000013 seconds.
  path: Assets/Models/KayKit/Nature/Assets/obj/Tree_2_D_Color1.mtl
  artifactKey: Guid(9297e8dfaf2f21b41b9aad355b5959ca) Importer(2089858483,192608db42251d675da83286b1cce702)
Start importing Assets/Models/KayKit/Nature/Assets/obj/Tree_2_D_Color1.mtl using Guid(9297e8dfaf2f21b41b9aad355b5959ca) Importer(2089858483,192608db42251d675da83286b1cce702) (ScriptedImporter) -> (artifact id: 'b1012e9562c3690cd5cc869d97f03262') in 0.0026181 seconds
Number of updated asset objects reloaded before import = 0Number of asset objects unloaded after import = 1

========================================================================
Received Import Request.
  Time since last request: 0.000017 seconds.
  path: Assets/Models/KayKit/Nature/Assets/gltf/Bush_1_A_Color1.gltf
  artifactKey: Guid(487a951ceb6169940aed2ec2efe9b263) Importer(2089858483,192608db42251d675da83286b1cce702)
Start importing Assets/Models/KayKit/Nature/Assets/gltf/Bush_1_A_Color1.gltf using Guid(487a951ceb6169940aed2ec2efe9b263) Importer(2089858483,192608db42251d675da83286b1cce702) (ScriptedImporter) -> (artifact id: '55d00d8971f3af6b2a59861fa08a6c39') in 0.0019878 seconds
Number of updated asset objects reloaded before import = 0Number of asset objects unloaded after import = 1

========================================================================
Received Import Request.
  Time since last request: 0.000021 seconds.
  path: Assets/Models/KayKit/Nature/Assets/gltf/Rock_2_G_Color1.gltf
  artifactKey: Guid(e27249a7407d6ac40a371ff20dbc4513) Importer(2089858483,192608db42251d675da83286b1cce702)
Start importing Assets/Models/KayKit/Nature/Assets/gltf/Rock_2_G_Color1.gltf using Guid(e27249a7407d6ac40a371ff20dbc4513) Importer(2089858483,192608db42251d675da83286b1cce702) (ScriptedImporter) -> (artifact id: 'f52782174cf530f65d765ee36ed7ba82') in 0.0025605 seconds
Number of updated asset objects reloaded before import = 0Number of asset objects unloaded after import = 1

========================================================================
Received Import Request.
  Time since last request: 0.000015 seconds.
  path: Assets/Materials
  artifactKey: Guid(a67688c103afbf243b21d569ecf4d6b2) Importer(2089858483,192608db42251d675da83286b1cce702)
Start importing Assets/Materials using Guid(a67688c103afbf243b21d569ecf4d6b2) Importer(2089858483,192608db42251d675da83286b1cce702) (ScriptedImporter) -> (artifact id: 'd7c9e374222e5c485692b6c90f05199b') in 0.0018184 seconds
Number of updated asset objects reloaded before import = 0Number of asset objects unloaded after import = 1

========================================================================
Received Import Request.
  Time since last request: 0.000014 seconds.
  path: Assets/Models/OccaSoftware/Low Poly Fantasy Village/Prefabs/Path Piece_4.prefab
  artifactKey: Guid(8ea8ed222037d5c43947916767330d3d) Importer(2089858483,192608db42251d675da83286b1cce702)
Start importing Assets/Models/OccaSoftware/Low Poly Fantasy Village/Prefabs/Path Piece_4.prefab using Guid(8ea8ed222037d5c43947916767330d3d) Importer(2089858483,192608db42251d675da83286b1cce702) (ScriptedImporter) -> (artifact id: '3d0b5257684a237a784a6fe112d6146b') in 0.0069463 seconds
Number of updated asset objects reloaded before import = 0Number of asset objects unloaded after import = 9

========================================================================
Received Import Request.
  Time since last request: 0.000015 seconds.
  path: Assets/Models/KayKit/Nature/Assets/obj/Rock_1_J_Color1.mtl
  artifactKey: Guid(07cc1c7c7360d8e40a92b153b70df296) Importer(2089858483,192608db42251d675da83286b1cce702)
Start importing Assets/Models/KayKit/Nature/Assets/obj/Rock_1_J_Color1.mtl using Guid(07cc1c7c7360d8e40a92b153b70df296) Importer(2089858483,192608db42251d675da83286b1cce702) (ScriptedImporter) -> (artifact id: '6e012415753738cd63c8465920e7727b') in 0.0018375 seconds
Number of updated asset objects reloaded before import = 0Number of asset objects unloaded after import = 1

========================================================================
Received Import Request.
  Time since last request: 0.000015 seconds.
  path: Assets/Models/KayKit/Nature/Assets/obj/Rock_1_Q_Color1.mtl
  artifactKey: Guid(a629612786f6c6346a0740ecc8de14fd) Importer(2089858483,192608db42251d675da83286b1cce702)
Start importing Assets/Models/KayKit/Nature/Assets/obj/Rock_1_Q_Color1.mtl using Guid(a629612786f6c6346a0740ecc8de14fd) Importer(2089858483,192608db42251d675da83286b1cce702) (ScriptedImporter) -> (artifact id: '1a786be8f97f449436f001deea09ddc6') in 0.0020364 seconds
Number of updated asset objects reloaded before import = 0Number of asset objects unloaded after import = 1

========================================================================
Received Import Request.
  Time since last request: 0.000021 seconds.
  path: Assets/Models/KayKit/Nature/Assets/obj/Grass_1_B_Color1.obj
  artifactKey: Guid(e6e3ec4d1fc1f8740bb4ee30df748976) Importer(2089858483,192608db42251d675da83286b1cce702)
Start importing Assets/Models/KayKit/Nature/Assets/obj/Grass_1_B_Color1.obj using Guid(e6e3ec4d1fc1f8740bb4ee30df748976) Importer(2089858483,192608db42251d675da83286b1cce702) (ScriptedImporter) -> (artifact id: 'fe0213ad1e299270fed839ed6da54f3c') in 0.0108081 seconds
Number of updated asset objects reloaded before import = 0Number of asset objects unloaded after import = 11

========================================================================
Received Import Request.
  Time since last request: 0.000014 seconds.
  path: Assets/Models/KayKit/Nature/Assets/obj/Grass_2_B_Singlesided_Color1.mtl
  artifactKey: Guid(e87d637c50eb2bc478e2a9a487df3324) Importer(2089858483,192608db42251d675da83286b1cce702)
Start importing Assets/Models/KayKit/Nature/Assets/obj/Grass_2_B_Singlesided_Color1.mtl using Guid(e87d637c50eb2bc478e2a9a487df3324) Importer(2089858483,192608db42251d675da83286b1cce702) (ScriptedImporter) -> (artifact id: 'd8edd5ae1a24397aa93fa29e996006d2') in 0.0019542 seconds
Number of updated asset objects reloaded before import = 0Number of asset objects unloaded after import = 1

========================================================================
Received Import Request.
  Time since last request: 0.000014 seconds.
  path: Assets/Models/KayKit/Nature/Assets/obj/Rock_1_M_Color1.mtl
  artifactKey: Guid(41b42bb99215ac94ab8c56e46dee7555) Importer(2089858483,192608db42251d675da83286b1cce702)
Start importing Assets/Models/KayKit/Nature/Assets/obj/Rock_1_M_Color1.mtl using Guid(41b42bb99215ac94ab8c56e46dee7555) Importer(2089858483,192608db42251d675da83286b1cce702) (ScriptedImporter) -> (artifact id: '2d620764bee105c875090d59ac0b32bd') in 0.0024557 seconds
Number of updated asset objects reloaded before import = 0Number of asset objects unloaded after import = 1

========================================================================
Received Import Request.
  Time since last request: 0.000016 seconds.
  path: Assets/Models/KayKit/Nature/Assets/obj/Grass_1_Mesh.obj
  artifactKey: Guid(ddac72a7b2ec94e4d944678f7fa08ab6) Importer(2089858483,192608db42251d675da83286b1cce702)
Start importing Assets/Models/KayKit/Nature/Assets/obj/Grass_1_Mesh.obj using Guid(ddac72a7b2ec94e4d944678f7fa08ab6) Importer(2089858483,192608db42251d675da83286b1cce702) (ScriptedImporter) -> (artifact id: 'e6f24169ec6ddac7224714b54d1fc07e') in 0.1363946 seconds
Number of updated asset objects reloaded before import = 0Number of asset objects unloaded after import = 10

========================================================================
Received Import Request.
  Time since last request: 0.000019 seconds.
  path: Assets/Models/OccaSoftware/Low Poly Fantasy Village/Prefabs/Path Piece_8.prefab
  artifactKey: Guid(923c9ec6e1b12a64f9d29d8830b158aa) Importer(2089858483,192608db42251d675da83286b1cce702)
Start importing Assets/Models/OccaSoftware/Low Poly Fantasy Village/Prefabs/Path Piece_8.prefab using Guid(923c9ec6e1b12a64f9d29d8830b158aa) Importer(2089858483,192608db42251d675da83286b1cce702) (ScriptedImporter) -> (artifact id: 'a2aa150650b850089251d03684407983') in 0.0060486 seconds
Number of updated asset objects reloaded before import = 0Number of asset objects unloaded after import = 9

========================================================================
Received Import Request.
  Time since last request: 0.000023 seconds.
  path: Assets/Models/KayKit/Nature/Assets/obj/Rock_1_G_Color1.obj
  artifactKey: Guid(85c2979e076aa244c8a71bb792379a60) Importer(2089858483,192608db42251d675da83286b1cce702)
Start importing Assets/Models/KayKit/Nature/Assets/obj/Rock_1_G_Color1.obj using Guid(85c2979e076aa244c8a71bb792379a60) Importer(2089858483,192608db42251d675da83286b1cce702) (ScriptedImporter) -> (artifact id: 'd3e2c78989552f532bcabe5430f0171d') in 0.0093757 seconds
Number of updated asset objects reloaded before import = 0Number of asset objects unloaded after import = 11

========================================================================
Received Import Request.
  Time since last request: 0.000017 seconds.
  path: Assets/Models/KayKit/Nature/Assets/obj/Rock_3_Q_Color1.mtl
  artifactKey: Guid(560c58db2278cb34bbeda2c98544d19b) Importer(2089858483,192608db42251d675da83286b1cce702)
Start importing Assets/Models/KayKit/Nature/Assets/obj/Rock_3_Q_Color1.mtl using Guid(560c58db2278cb34bbeda2c98544d19b) Importer(2089858483,192608db42251d675da83286b1cce702) (ScriptedImporter) -> (artifact id: 'a1ea775a9a62a01653da193b0d88aaf6') in 0.0024526 seconds
Number of updated asset objects reloaded before import = 0Number of asset objects unloaded after import = 1

========================================================================
Received Import Request.
  Time since last request: 0.000016 seconds.
  path: Assets/Models/KayKit/Nature/Assets/obj/Grass_1_SingleSided_Mesh.mtl
  artifactKey: Guid(2b2d6b3722204f54280bceb8a4ba1c0d) Importer(2089858483,192608db42251d675da83286b1cce702)
Start importing Assets/Models/KayKit/Nature/Assets/obj/Grass_1_SingleSided_Mesh.mtl using Guid(2b2d6b3722204f54280bceb8a4ba1c0d) Importer(2089858483,192608db42251d675da83286b1cce702) (ScriptedImporter) -> (artifact id: 'de96636dfb132f50ae96a2d8901d779c') in 0.0159338 seconds
Number of updated asset objects reloaded before import = 0Number of asset objects unloaded after import = 1

========================================================================
Received Import Request.
  Time since last request: 0.000016 seconds.
  path: Assets/Models/KayKit/Nature/Assets/gltf/Grass_1_A_Color1.gltf
  artifactKey: Guid(c844acbc3a9c9ee4d8c6c243f46c0f67) Importer(2089858483,192608db42251d675da83286b1cce702)
Start importing Assets/Models/KayKit/Nature/Assets/gltf/Grass_1_A_Color1.gltf using Guid(c844acbc3a9c9ee4d8c6c243f46c0f67) Importer(2089858483,192608db42251d675da83286b1cce702) (ScriptedImporter) -> (artifact id: '1425e68d7c9a2c0c2c8240f7cda60663') in 0.0023303 seconds
Number of updated asset objects reloaded before import = 0Number of asset objects unloaded after import = 1

========================================================================
Received Import Request.
  Time since last request: 0.000022 seconds.
  path: Assets/Models/OccaSoftware/Low Poly Fantasy Village/Prefabs/Flower_3.prefab
  artifactKey: Guid(875a520d510886043836c1da07874b53) Importer(2089858483,192608db42251d675da83286b1cce702)
Start importing Assets/Models/OccaSoftware/Low Poly Fantasy Village/Prefabs/Flower_3.prefab using Guid(875a520d510886043836c1da07874b53) Importer(2089858483,192608db42251d675da83286b1cce702) (ScriptedImporter) -> (artifact id: 'b414e25144d86a43b4201570e02189cf') in 0.065441 seconds
Number of updated asset objects reloaded before import = 0Number of asset objects unloaded after import = 9

========================================================================
Received Import Request.
  Time since last request: 0.000017 seconds.
  path: Assets/Models/KayKit/Nature/Assets/obj/Bush_4_E_Color1.obj
  artifactKey: Guid(c4b2dff78c0ba5147a1c4721593259f6) Importer(2089858483,192608db42251d675da83286b1cce702)
Start importing Assets/Models/KayKit/Nature/Assets/obj/Bush_4_E_Color1.obj using Guid(c4b2dff78c0ba5147a1c4721593259f6) Importer(2089858483,192608db42251d675da83286b1cce702) (ScriptedImporter) -> (artifact id: '6762bb30a02abd50c41d005f934e23bb') in 0.0334264 seconds
Number of updated asset objects reloaded before import = 0Number of asset objects unloaded after import = 11

========================================================================
Received Import Request.
  Time since last request: 0.000017 seconds.
  path: Assets/Models/Mixamo/tripo_convert_9d79b687-9a1a-4bca-a5aa-7f730f15eb15.mtl
  artifactKey: Guid(24030f2787a95404fbe4c7983e29c235) Importer(2089858483,192608db42251d675da83286b1cce702)
Start importing Assets/Models/Mixamo/tripo_convert_9d79b687-9a1a-4bca-a5aa-7f730f15eb15.mtl using Guid(24030f2787a95404fbe4c7983e29c235) Importer(2089858483,192608db42251d675da83286b1cce702) (ScriptedImporter) -> (artifact id: '995f2a888977effba1ad39d929528d97') in 0.0024941 seconds
Number of updated asset objects reloaded before import = 0Number of asset objects unloaded after import = 1

========================================================================
Received Import Request.
  Time since last request: 0.000020 seconds.
  path: Assets/Models/KayKit/Nature/Assets/obj/Bush_3_A_Color1.obj
  artifactKey: Guid(63412611843a0bb499a6c692bd0c63b2) Importer(2089858483,192608db42251d675da83286b1cce702)
Start importing Assets/Models/KayKit/Nature/Assets/obj/Bush_3_A_Color1.obj using Guid(63412611843a0bb499a6c692bd0c63b2) Importer(2089858483,192608db42251d675da83286b1cce702) (ScriptedImporter) -> (artifact id: '6f4cf12e28e171b9d72a98cbdc130faf') in 0.0075794 seconds
Number of updated asset objects reloaded before import = 0Number of asset objects unloaded after import = 11

========================================================================
Received Import Request.
  Time since last request: 0.000017 seconds.
  path: Assets/Models/KayKit/Nature/Assets/gltf/Tree_2_B_Color1.gltf
  artifactKey: Guid(36970be97bfd78949bf40f07c636a46a) Importer(2089858483,192608db42251d675da83286b1cce702)
Start importing Assets/Models/KayKit/Nature/Assets/gltf/Tree_2_B_Color1.gltf using Guid(36970be97bfd78949bf40f07c636a46a) Importer(2089858483,192608db42251d675da83286b1cce702) (ScriptedImporter) -> (artifact id: '347123d0989ed271e6d240a7e247756e') in 0.00185 seconds
Number of updated asset objects reloaded before import = 0Number of asset objects unloaded after import = 1

========================================================================
Received Import Request.
  Time since last request: 0.000014 seconds.
  path: Assets/Joystick Pack/Prefabs/Variable Joystick.prefab
  artifactKey: Guid(ec536a7718376554185e4a856d5ae230) Importer(2089858483,192608db42251d675da83286b1cce702)
Start importing Assets/Joystick Pack/Prefabs/Variable Joystick.prefab using Guid(ec536a7718376554185e4a856d5ae230) Importer(2089858483,192608db42251d675da83286b1cce702) (ScriptedImporter) -> (artifact id: '880bffe2acbdc388bdfa4cf6d259441d') in 0.0157754 seconds
Number of updated asset objects reloaded before import = 0Number of asset objects unloaded after import = 17

========================================================================
Received Import Request.
  Time since last request: 0.000016 seconds.
  path: Assets/Materials/Gridbox Prototype Materials/Materials/Standard/Prototype_512x512_Green2.mat
  artifactKey: Guid(dbe80190c9adea34c8c8845ca4a17934) Importer(2089858483,192608db42251d675da83286b1cce702)
Start importing Assets/Materials/Gridbox Prototype Materials/Materials/Standard/Prototype_512x512_Green2.mat using Guid(dbe80190c9adea34c8c8845ca4a17934) Importer(2089858483,192608db42251d675da83286b1cce702) (ScriptedImporter) -> (artifact id: '84a6c3dc94b91e5b2eed1d61b8787207') in 0.0537219 seconds
Number of updated asset objects reloaded before import = 0Number of asset objects unloaded after import = 3

========================================================================
Received Import Request.
  Time since last request: 0.000014 seconds.
  path: Assets/Materials/Gridbox Prototype Materials/Materials/Standard/Prototype_512x512_Blue2.mat
  artifactKey: Guid(5e148de6cdf2d164aa3e3f90ce8c852c) Importer(2089858483,192608db42251d675da83286b1cce702)
Start importing Assets/Materials/Gridbox Prototype Materials/Materials/Standard/Prototype_512x512_Blue2.mat using Guid(5e148de6cdf2d164aa3e3f90ce8c852c) Importer(2089858483,192608db42251d675da83286b1cce702) (ScriptedImporter) -> (artifact id: '2cb12523bca3d607230671945c777bb9') in 0.0064465 seconds
Number of updated asset objects reloaded before import = 0Number of asset objects unloaded after import = 3

========================================================================
Received Import Request.
  Time since last request: 0.000017 seconds.
  path: Assets/Models/PolyRonin/Pine Forest Pack/Meshes
  artifactKey: Guid(48dc1993ed9826041ab43de52b3a5e56) Importer(2089858483,192608db42251d675da83286b1cce702)
Start importing Assets/Models/PolyRonin/Pine Forest Pack/Meshes using Guid(48dc1993ed9826041ab43de52b3a5e56) Importer(2089858483,192608db42251d675da83286b1cce702) (ScriptedImporter) -> (artifact id: '3b87b497cf0f35530f48ae77d873b77e') in 0.0023451 seconds
Number of updated asset objects reloaded before import = 0Number of asset objects unloaded after import = 1

========================================================================
Received Import Request.
  Time since last request: 0.000022 seconds.
  path: Assets/Models/KayKit/Nature/Assets/obj/Bush_2_E_Color1.mtl
  artifactKey: Guid(0778422e344676d419be260f5812aea7) Importer(2089858483,192608db42251d675da83286b1cce702)
Start importing Assets/Models/KayKit/Nature/Assets/obj/Bush_2_E_Color1.mtl using Guid(0778422e344676d419be260f5812aea7) Importer(2089858483,192608db42251d675da83286b1cce702) (ScriptedImporter) -> (artifact id: '5119fac865e4b058a03703e3ce0b673f') in 0.0066176 seconds
Number of updated asset objects reloaded before import = 0Number of asset objects unloaded after import = 1

========================================================================
Received Import Request.
  Time since last request: 0.000014 seconds.
  path: Assets/Models/PolyRonin/Pine Forest Pack/Prefabs/Stump1.prefab
  artifactKey: Guid(a7738a4e68c1e9248841b1b2abe89be7) Importer(2089858483,192608db42251d675da83286b1cce702)
Start importing Assets/Models/PolyRonin/Pine Forest Pack/Prefabs/Stump1.prefab using Guid(a7738a4e68c1e9248841b1b2abe89be7) Importer(2089858483,192608db42251d675da83286b1cce702) (ScriptedImporter) -> (artifact id: '8cd715c5d46f67d32921ef662c2b5556') in 0.0061415 seconds
Number of updated asset objects reloaded before import = 0Number of asset objects unloaded after import = 8

========================================================================
Received Import Request.
  Time since last request: 0.000018 seconds.
  path: Assets/Models/PolyRonin/Pine Forest Pack/Prefabs/Ground.prefab
  artifactKey: Guid(ecf220814b89af742b24c75033c949d2) Importer(2089858483,192608db42251d675da83286b1cce702)
Start importing Assets/Models/PolyRonin/Pine Forest Pack/Prefabs/Ground.prefab using Guid(ecf220814b89af742b24c75033c949d2) Importer(2089858483,192608db42251d675da83286b1cce702) (ScriptedImporter) -> (artifact id: '5b2d1c00009e22dc80d9cd03c61e7afa') in 0.0081539 seconds
Number of updated asset objects reloaded before import = 0Number of asset objects unloaded after import = 8

========================================================================
Received Import Request.
  Time since last request: 0.000027 seconds.
  path: Assets/Models/PolyRonin/Pine Forest Pack/READ ME !.pdf
  artifactKey: Guid(89e72df5bdc254a4ca622333d54bd9a9) Importer(2089858483,192608db42251d675da83286b1cce702)
Start importing Assets/Models/PolyRonin/Pine Forest Pack/READ ME !.pdf using Guid(89e72df5bdc254a4ca622333d54bd9a9) Importer(2089858483,192608db42251d675da83286b1cce702) (ScriptedImporter) -> (artifact id: '56edcebbc759eb48f71c0e4dfe68ac82') in 0.0032333 seconds
Number of updated asset objects reloaded before import = 0Number of asset objects unloaded after import = 1

========================================================================
Received Import Request.
  Time since last request: 0.000021 seconds.
  path: Assets/Models/PolyRonin/Pine Forest Pack/Materials/PineForest.mat
  artifactKey: Guid(81de44ba352968f48996d5beeda36504) Importer(2089858483,192608db42251d675da83286b1cce702)
Start importing Assets/Models/PolyRonin/Pine Forest Pack/Materials/PineForest.mat using Guid(81de44ba352968f48996d5beeda36504) Importer(2089858483,192608db42251d675da83286b1cce702) (ScriptedImporter) -> (artifact id: 'f82259787fd3f48614234fbebf511071') in 0.0043384 seconds
Number of updated asset objects reloaded before import = 0Number of asset objects unloaded after import = 2

========================================================================
Received Import Request.
  Time since last request: 0.000016 seconds.
  path: Assets/Models/PolyRonin/Pine Forest Pack/Prefabs/Stump3.prefab
  artifactKey: Guid(9e0fe2325309ed049971949f7195d162) Importer(2089858483,192608db42251d675da83286b1cce702)
Start importing Assets/Models/PolyRonin/Pine Forest Pack/Prefabs/Stump3.prefab using Guid(9e0fe2325309ed049971949f7195d162) Importer(2089858483,192608db42251d675da83286b1cce702) (ScriptedImporter) -> (artifact id: '6d0e5327975598f0c4357e9575002771') in 0.0075733 seconds
Number of updated asset objects reloaded before import = 0Number of asset objects unloaded after import = 8

========================================================================
Received Import Request.
  Time since last request: 0.000020 seconds.
  path: Assets/Models/PolyRonin/Pine Forest Pack/Prefabs/Flower1.prefab
  artifactKey: Guid(2e62cbee7fb097048ade403645fdd7ea) Importer(2089858483,192608db42251d675da83286b1cce702)
Start importing Assets/Models/PolyRonin/Pine Forest Pack/Prefabs/Flower1.prefab using Guid(2e62cbee7fb097048ade403645fdd7ea) Importer(2089858483,192608db42251d675da83286b1cce702) (ScriptedImporter) -> (artifact id: '02c5d13297caaa0e216356b953b72805') in 0.00685 seconds
Number of updated asset objects reloaded before import = 0Number of asset objects unloaded after import = 8

========================================================================
Received Import Request.
  Time since last request: 0.000027 seconds.
  path: Assets/Models/KayKit/Nature/Assets/obj/Rock_2_G_Color1.obj
  artifactKey: Guid(6ab8ba54d4c7f8941807656cd413381b) Importer(2089858483,192608db42251d675da83286b1cce702)
Start importing Assets/Models/KayKit/Nature/Assets/obj/Rock_2_G_Color1.obj using Guid(6ab8ba54d4c7f8941807656cd413381b) Importer(2089858483,192608db42251d675da83286b1cce702) (ScriptedImporter) -> (artifact id: '6538d9618b3a217a81d04dbf555ba1cd') in 0.007898 seconds
Number of updated asset objects reloaded before import = 0Number of asset objects unloaded after import = 11

========================================================================
Received Import Request.
  Time since last request: 2.709673 seconds.
  path: Assets/Models/KayKit/Nature/Assets/gltf/Grass_2_D_Singlesided_Color1.gltf
  artifactKey: Guid(02363cd75943d1e44b2fef2ae740ae49) Importer(2089858483,192608db42251d675da83286b1cce702)
Start importing Assets/Models/KayKit/Nature/Assets/gltf/Grass_2_D_Singlesided_Color1.gltf using Guid(02363cd75943d1e44b2fef2ae740ae49) Importer(2089858483,192608db42251d675da83286b1cce702) (ScriptedImporter) -> (artifact id: '7b951de1d26e03bd5bdcc19ef887735d') in 0.0029779 seconds
Number of updated asset objects reloaded before import = 0Number of asset objects unloaded after import = 1

Editor requested this worker to shutdown with reason: Scaling down because of idle timeout
AssetImportWorker is now disconnected from the server
Process exiting
Exiting without the bug reporter. Application will terminate with return code 0