[Licensing::Module] Trying to connect to existing licensing client channel...
[Licensing::IpcConnector] Successfully connected to: "LicenseClient-Mehmet" at "2025-12-15T08:35:16.1637101Z"
Built from '6000.0/staging' branch; Version is '6000.0.62f1 (f99f05b3e950) revision 16359173'; Using compiler version '193933523'; Build Type 'Release'
OS: 'Windows 11  (10.0.26100) 64bit Professional' Language: 'tr' Physical Memory: 32621 MB
BatchMode: 1, IsHumanControllingUs: 0, StartBugReporterOnCrash: 0, Is64bit: 1
Date: 2025-12-15T08:35:16Z

COMMAND LINE ARGUMENTS:
C:\Program Files\Unity\Hub\Editor\6000.0.62f1\Editor\Unity.exe
-adb2
-batchMode
-noUpm
-name
AssetImportWorker19
-projectPath
D:/Github/Project-Survival
-logFile
Logs/AssetImportWorker19.log
-srvPort
51519
-licensingIpc
LicenseClient-Mehmet
-job-worker-count
11
-background-job-worker-count
8
-gc-helper-count
1
-name
AssetImport
Successfully changed project path to: D:/Github/Project-Survival
D:/Github/Project-Survival
[UnityMemory] Configuration Parameters - Can be set up in boot.config
    "memorysetup-bucket-allocator-granularity=16"
    "memorysetup-bucket-allocator-bucket-count=8"
    "memorysetup-bucket-allocator-block-size=33554432"
    "memorysetup-bucket-allocator-block-count=8"
    "memorysetup-main-allocator-block-size=16777216"
    "memorysetup-thread-allocator-block-size=16777216"
    "memorysetup-gfx-main-allocator-block-size=16777216"
    "memorysetup-gfx-thread-allocator-block-size=16777216"
    "memorysetup-cache-allocator-block-size=4194304"
    "memorysetup-typetree-allocator-block-size=2097152"
    "memorysetup-profiler-bucket-allocator-granularity=16"
    "memorysetup-profiler-bucket-allocator-bucket-count=8"
    "memorysetup-profiler-bucket-allocator-block-size=33554432"
    "memorysetup-profiler-bucket-allocator-block-count=8"
    "memorysetup-profiler-allocator-block-size=16777216"
    "memorysetup-profiler-editor-allocator-block-size=1048576"
    "memorysetup-temp-allocator-size-main=16777216"
    "memorysetup-job-temp-allocator-block-size=2097152"
    "memorysetup-job-temp-allocator-block-size-background=1048576"
    "memorysetup-job-temp-allocator-reduction-small-platforms=262144"
    "memorysetup-allocator-temp-initial-block-size-main=262144"
    "memorysetup-allocator-temp-initial-block-size-worker=262144"
    "memorysetup-temp-allocator-size-background-worker=32768"
    "memorysetup-temp-allocator-size-job-worker=262144"
    "memorysetup-temp-allocator-size-preload-manager=33554432"
    "memorysetup-temp-allocator-size-nav-mesh-worker=65536"
    "memorysetup-temp-allocator-size-audio-worker=65536"
    "memorysetup-temp-allocator-size-cloud-worker=32768"
    "memorysetup-temp-allocator-size-gi-baking-worker=262144"
    "memorysetup-temp-allocator-size-gi-baking-worker=262144"
    "memorysetup-temp-allocator-size-gi-baking-worker=262144"
    "memorysetup-temp-allocator-size-gi-baking-worker=262144"
    "memorysetup-temp-allocator-size-gi-baking-worker=262144"
    "memorysetup-temp-allocator-size-gfx=262144"
Player connection [12460]  Target information:

Player connection [12460]  * "[IP] 10.0.1.102 [Port] 0 [Flags] 2 [Guid] 3144213441 [EditorId] 3144213441 [Version] 1048832 [Id] WindowsEditor(7,DESKTOP-P02AFH1) [Debug] 1 [PackageName] WindowsEditor [ProjectName] Editor" 

Player connection [12460] Host joined multi-casting on [225.0.0.222:54997]...
Player connection [12460] Host joined alternative multi-casting on [225.0.0.222:34997]...
JobSystem: Creating JobQueue using job-worker-count value 11
Input System module state changed to: Initialized.
[Physics::Module] Initialized fallback backend.
[Physics::Module] Id: 0xdecafbad
[Licensing::Client] Code 10 while verifying Licensing Client signature (process Id: 12252, path: "C:/Program Files/Unity Hub/UnityLicensingClient_V1/Unity.Licensing.Client.exe")
[Licensing::Module] LicensingClient has failed validation; ignoring
[Licensing::Client] Handshaking with LicensingClient:
  Version:                 1.17.3+a4e98f1
  Session Id:              acaeecb6b0bd49dcb013c64f5c577b70
  Correlation Id:          b780854bcde18a98b8c9fc5011d0894f
  External correlation Id: 2036410952300046571
  Machine Id:              zsDTylX/wbsPzAhj9VZkiZ+wIzE=
[Licensing::Module] Successfully connected to LicensingClient on channel: "LicenseClient-Mehmet" (connect: 0.00s, validation: 0.03s, handshake: 0.06s)
[Licensing::IpcConnector] Successfully connected to: "LicenseClient-Mehmet-notifications" at "2025-12-15T08:35:16.2553933Z"
[Licensing::Module] Licensing Background thread has ended after 0.09s
Library Redirect Path: Library/
[Physics::Module] Selected backend.
[Physics::Module] Name: PhysX
[Physics::Module] Id: 0xf2b8ea05
[Physics::Module] SDK Version: 4.1.2
[Physics::Module] Integration Version: 1.0.0
[Physics::Module] Threading Mode: Multi-Threaded
Refreshing native plugins compatible for Editor in 2.51 ms, found 3 plugins.
Preloading 0 native plugins for Editor in 0.00 ms.
Initialize engine version: 6000.0.62f1 (f99f05b3e950)
[Subsystems] Discovering subsystems at path C:/Program Files/Unity/Hub/Editor/6000.0.62f1/Editor/Data/Resources/UnitySubsystems
[Subsystems] Discovering subsystems at path D:/Github/Project-Survival/Assets
GfxDevice: creating device client; kGfxThreadingModeNonThreaded
Direct3D:
    Version:  Direct3D 11.0 [level 11.1]
    Renderer: NVIDIA GeForce RTX 3050 (ID=0x2507)
    Vendor:   NVIDIA
    VRAM:     8042 MB
    Driver:   32.0.15.8157
Initialize mono
Mono path[0] = 'C:/Program Files/Unity/Hub/Editor/6000.0.62f1/Editor/Data/Managed'
Mono path[1] = 'C:/Program Files/Unity/Hub/Editor/6000.0.62f1/Editor/Data/MonoBleedingEdge/lib/mono/unityjit-win32'
Mono config path = 'C:/Program Files/Unity/Hub/Editor/6000.0.62f1/Editor/Data/MonoBleedingEdge/etc'
Using monoOptions --debugger-agent=transport=dt_socket,embedding=1,server=y,suspend=n,address=127.0.0.1:56308
Begin MonoManager ReloadAssembly
Registering precompiled unity dll's ...
Register platform support module: C:/Program Files/Unity/Hub/Editor/6000.0.62f1/Editor/Data/PlaybackEngines/WebGLSupport/UnityEditor.WebGL.Extensions.dll
Register platform support module: C:/Program Files/Unity/Hub/Editor/6000.0.62f1/Editor/Data/PlaybackEngines/WindowsStandaloneSupport/UnityEditor.WindowsStandalone.Extensions.dll
Registered in 0.005299 seconds.
- Loaded All Assemblies, in  0.491 seconds
Native extension for WindowsStandalone target not found
Native extension for WebGL target not found
Mono: successfully reloaded assembly
- Finished resetting the current domain, in  0.402 seconds
Domain Reload Profiling: 889ms
	BeginReloadAssembly (188ms)
		ExecutionOrderSort (0ms)
		DisableScriptedObjects (0ms)
		BackupInstance (0ms)
		ReleaseScriptingObjects (0ms)
		CreateAndSetChildDomain (1ms)
	RebuildCommonClasses (42ms)
	RebuildNativeTypeToScriptingClass (11ms)
	initialDomainReloadingComplete (54ms)
	LoadAllAssembliesAndSetupDomain (192ms)
		LoadAssemblies (183ms)
		RebuildTransferFunctionScriptingTraits (0ms)
		AnalyzeDomain (188ms)
			TypeCache.Refresh (186ms)
				TypeCache.ScanAssembly (170ms)
			BuildScriptInfoCaches (0ms)
			ResolveRequiredComponents (0ms)
	FinalizeReload (402ms)
		ReleaseScriptCaches (0ms)
		RebuildScriptCaches (0ms)
		SetupLoadedEditorAssemblies (345ms)
			LogAssemblyErrors (0ms)
			InitializePlatformSupportModulesInManaged (25ms)
			SetLoadedEditorAssemblies (5ms)
			BeforeProcessingInitializeOnLoad (75ms)
			ProcessInitializeOnLoadAttributes (193ms)
			ProcessInitializeOnLoadMethodAttributes (46ms)
			AfterProcessingInitializeOnLoad (0ms)
			EditorAssembliesLoaded (0ms)
		ExecutionOrderSort2 (0ms)
		AwakeInstancesAfterBackupRestoration (0ms)
Assembly reference Packages/com.unity.cinemachine/Editor/Samples/ExposeHDRPInternals/HDRP-Editor-ref.asmref has no target assembly definition
========================================================================
Worker process is ready to serve import requests
Import Worker Mode flag is 0x00
Assembly reference Packages/com.unity.cinemachine/Editor/Samples/ExposeHDRPInternals/HDRP-Editor-ref.asmref has no target assembly definition
Assembly reference Packages/com.unity.cinemachine/Editor/Samples/ExposeHDRPInternals/HDRP-Editor-ref.asmref has no target assembly definition
Begin MonoManager ReloadAssembly
[Licensing::Client] Successfully resolved entitlement details
[Licensing::Module] License group:
  Id: 18966783445336-UnityPersXXXX
  Product: Unity Personal
  Type: Assigned
  Expiration: Unlimited
- Loaded All Assemblies, in  1.347 seconds
Assembly reference Packages/com.unity.cinemachine/Editor/Samples/ExposeHDRPInternals/HDRP-Editor-ref.asmref has no target assembly definition
'Packages/com.unity.cinemachine/Editor/Obsolete/CinemachineVirtualCameraBaseEditor.cs' contains partial class of Unity.Object, exactly 1 of the partial classes needs to be in a file with the same filename. This is to know the one that can be referenced from ie. GameObjects
'Packages/com.unity.cinemachine/Editor/Editors/CinemachineVirtualCameraBaseEditor.cs' contains partial class of Unity.Object, exactly 1 of the partial classes needs to be in a file with the same filename. This is to know the one that can be referenced from ie. GameObjects
Refreshing native plugins compatible for Editor in 0.92 ms, found 3 plugins.
Native extension for WindowsStandalone target not found
Native extension for WebGL target not found
Assembly reference Packages/com.unity.cinemachine/Editor/Samples/ExposeHDRPInternals/HDRP-Editor-ref.asmref has no target assembly definition
[MODES] ModeService[none].Initialize
[MODES] ModeService[none].LoadModes
[MODES] Loading mode Default (0) for mode-current-id-Project Survivor
Package Manager log level set to [2]
[Package Manager] Failed to launch server process. Reason: Unity was launched with the -noUpm command-line argument
[Package Manager] Unable to send message (not connected to server process).
[Package Manager] Cannot connect to Unity Package Manager local server
[Package Manager] Failed to launch server process. Reason: Unity was launched with the -noUpm command-line argument
[Package Manager] Unable to send message (not connected to server process).
[Package Manager] Cannot connect to Unity Package Manager local server
Mono: successfully reloaded assembly
- Finished resetting the current domain, in  2.234 seconds
Domain Reload Profiling: 3575ms
	BeginReloadAssembly (245ms)
		ExecutionOrderSort (0ms)
		DisableScriptedObjects (9ms)
		BackupInstance (0ms)
		ReleaseScriptingObjects (0ms)
		CreateAndSetChildDomain (41ms)
	RebuildCommonClasses (45ms)
	RebuildNativeTypeToScriptingClass (13ms)
	initialDomainReloadingComplete (54ms)
	LoadAllAssembliesAndSetupDomain (984ms)
		LoadAssemblies (731ms)
		RebuildTransferFunctionScriptingTraits (0ms)
		AnalyzeDomain (363ms)
			TypeCache.Refresh (278ms)
				TypeCache.ScanAssembly (258ms)
			BuildScriptInfoCaches (63ms)
			ResolveRequiredComponents (16ms)
	FinalizeReload (2234ms)
		ReleaseScriptCaches (0ms)
		RebuildScriptCaches (0ms)
		SetupLoadedEditorAssemblies (797ms)
			LogAssemblyErrors (0ms)
			InitializePlatformSupportModulesInManaged (4ms)
			SetLoadedEditorAssemblies (6ms)
			BeforeProcessingInitializeOnLoad (139ms)
			ProcessInitializeOnLoadAttributes (595ms)
			ProcessInitializeOnLoadMethodAttributes (50ms)
			AfterProcessingInitializeOnLoad (3ms)
			EditorAssembliesLoaded (0ms)
		ExecutionOrderSort2 (0ms)
		AwakeInstancesAfterBackupRestoration (1031ms)
Launched and connected shader compiler UnityShaderCompiler.exe after 0.02 seconds
Refreshing native plugins compatible for Editor in 0.65 ms, found 3 plugins.
Preloading 0 native plugins for Editor in 0.00 ms.
Unloading 14 Unused Serialized files (Serialized files now loaded: 0)
Unloading 6665 unused Assets / (4.4 MB). Loaded Objects now: 7333.
Memory consumption went from 155.0 MB to 150.6 MB.
Total: 9.860500 ms (FindLiveObjects: 0.624900 ms CreateObjectMapping: 0.700900 ms MarkObjects: 5.418500 ms  DeleteObjects: 3.114000 ms)

========================================================================
Received Import Request.
  Time since last request: 14070.595430 seconds.
  path: Assets/Models/KayKit/Nature/Assets/obj/Bush_2_A_Color1.mtl
  artifactKey: Guid(016d7c976a491224eba56a3e86feb64f) Importer(2089858483,192608db42251d675da83286b1cce702)
Start importing Assets/Models/KayKit/Nature/Assets/obj/Bush_2_A_Color1.mtl using Guid(016d7c976a491224eba56a3e86feb64f) Importer(2089858483,192608db42251d675da83286b1cce702) (ScriptedImporter) -> (artifact id: 'c749c1d022e0edea3f5b6836cf6f4ab4') in 0.2801207 seconds
Number of updated asset objects reloaded before import = 0Number of asset objects unloaded after import = 1

========================================================================
Received Import Request.
  Time since last request: 0.316522 seconds.
  path: Assets/Models/PolyRonin/Pine Forest Pack/Prefabs/Flower1.prefab
  artifactKey: Guid(2e62cbee7fb097048ade403645fdd7ea) Importer(815301076,1909f56bfc062723c751e8b465ee728b)
Start importing Assets/Models/PolyRonin/Pine Forest Pack/Prefabs/Flower1.prefab using Guid(2e62cbee7fb097048ade403645fdd7ea) Importer(815301076,1909f56bfc062723c751e8b465ee728b) (PreviewImporter) -> (artifact id: 'efb3815fd1dbf64319db75f3748ba731') in 0.3631819 seconds
Number of updated asset objects reloaded before import = 0Number of asset objects unloaded after import = 9

========================================================================
Received Import Request.
  Time since last request: 0.118242 seconds.
  path: Assets/Models/KayKit/Nature/Assets/gltf/Grass_2_B_Color1.gltf
  artifactKey: Guid(eeff68dbb8728ed429957f4739ff3723) Importer(2089858483,192608db42251d675da83286b1cce702)
Start importing Assets/Models/KayKit/Nature/Assets/gltf/Grass_2_B_Color1.gltf using Guid(eeff68dbb8728ed429957f4739ff3723) Importer(2089858483,192608db42251d675da83286b1cce702) (ScriptedImporter) -> (artifact id: '9b0bb2906beccb4a2d60a666f4cd729d') in 0.0038235 seconds
Number of updated asset objects reloaded before import = 0Number of asset objects unloaded after import = 1

========================================================================
Received Import Request.
  Time since last request: 0.000025 seconds.
  path: Assets/Models/OccaSoftware/Low Poly Fantasy Village/Prefabs/Mountain_3.prefab
  artifactKey: Guid(713c943ccbfcab0449993d096180948d) Importer(2089858483,192608db42251d675da83286b1cce702)
Start importing Assets/Models/OccaSoftware/Low Poly Fantasy Village/Prefabs/Mountain_3.prefab using Guid(713c943ccbfcab0449993d096180948d) Importer(2089858483,192608db42251d675da83286b1cce702) (ScriptedImporter) -> (artifact id: '841ef163cda11e2e50e3089bc8db7c5b') in 0.0882349 seconds
Number of updated asset objects reloaded before import = 0Number of asset objects unloaded after import = 9

========================================================================
Received Import Request.
  Time since last request: 0.367280 seconds.
  path: Assets/Settings/Ultra_PipelineAsset_ForwardRenderer.asset
  artifactKey: Guid(da9f71bc7d0f89d45b9dfbefad5e0a12) Importer(2089858483,192608db42251d675da83286b1cce702)
Start importing Assets/Settings/Ultra_PipelineAsset_ForwardRenderer.asset using Guid(da9f71bc7d0f89d45b9dfbefad5e0a12) Importer(2089858483,192608db42251d675da83286b1cce702) (ScriptedImporter) -> (artifact id: 'a48df5a1d8263af9e09125adc3c95ab9') in 0.0280466 seconds
Number of updated asset objects reloaded before import = 0Number of asset objects unloaded after import = 1

========================================================================
Received Import Request.
  Time since last request: 0.453398 seconds.
  path: Assets/Models/KayKit/Nature/Textures
  artifactKey: Guid(5bcf5529b6bc46f4691e2e2c8db51f81) Importer(2089858483,192608db42251d675da83286b1cce702)
Start importing Assets/Models/KayKit/Nature/Textures using Guid(5bcf5529b6bc46f4691e2e2c8db51f81) Importer(2089858483,192608db42251d675da83286b1cce702) (ScriptedImporter) -> (artifact id: '2cf0f5f3927f2010df68407bae0c5f71') in 0.0028644 seconds
Number of updated asset objects reloaded before import = 0Number of asset objects unloaded after import = 1

========================================================================
Received Import Request.
  Time since last request: 0.000017 seconds.
  path: Assets/Models/KayKit/Nature/Assets/gltf/Grass_1_Mesh.gltf
  artifactKey: Guid(db4806455d93e2a4bb036f644051cc1d) Importer(2089858483,192608db42251d675da83286b1cce702)
Start importing Assets/Models/KayKit/Nature/Assets/gltf/Grass_1_Mesh.gltf using Guid(db4806455d93e2a4bb036f644051cc1d) Importer(2089858483,192608db42251d675da83286b1cce702) (ScriptedImporter) -> (artifact id: '6f6880683f13fa4c3b37ce40c3006b24') in 0.0021079 seconds
Number of updated asset objects reloaded before import = 0Number of asset objects unloaded after import = 1

========================================================================
Received Import Request.
  Time since last request: 0.463064 seconds.
  path: Assets/Models/KayKit/Nature/Assets/obj/Tree_1_C_Color1.mtl
  artifactKey: Guid(fdfadd10ee502124099b8cc8be761741) Importer(2089858483,192608db42251d675da83286b1cce702)
Start importing Assets/Models/KayKit/Nature/Assets/obj/Tree_1_C_Color1.mtl using Guid(fdfadd10ee502124099b8cc8be761741) Importer(2089858483,192608db42251d675da83286b1cce702) (ScriptedImporter) -> (artifact id: 'e2c19774d4c2ccd0d799cee2f7ff353c') in 0.0193173 seconds
Number of updated asset objects reloaded before import = 0Number of asset objects unloaded after import = 1

========================================================================
Received Import Request.
  Time since last request: 0.461178 seconds.
  path: Assets/Models/OccaSoftware/Low Poly Fantasy Village/Materials/Color.mat
  artifactKey: Guid(11783c05facd0c149ad53d328816c467) Importer(2089858483,192608db42251d675da83286b1cce702)
Start importing Assets/Models/OccaSoftware/Low Poly Fantasy Village/Materials/Color.mat using Guid(11783c05facd0c149ad53d328816c467) Importer(2089858483,192608db42251d675da83286b1cce702) (ScriptedImporter) -> (artifact id: '7f0313cc87362d065f19ca34e91fc6c1') in 0.0059581 seconds
Number of updated asset objects reloaded before import = 0Number of asset objects unloaded after import = 2

========================================================================
Received Import Request.
  Time since last request: 0.000015 seconds.
  path: Assets/Models/KayKit/Nature/Assets/obj/Rock_3_L_Color1.mtl
  artifactKey: Guid(1a86e433e1c0797428eb2665b0bbdd49) Importer(2089858483,192608db42251d675da83286b1cce702)
Start importing Assets/Models/KayKit/Nature/Assets/obj/Rock_3_L_Color1.mtl using Guid(1a86e433e1c0797428eb2665b0bbdd49) Importer(2089858483,192608db42251d675da83286b1cce702) (ScriptedImporter) -> (artifact id: '1504e874e818cccad7a95c2d5c4ea97c') in 0.0018853 seconds
Number of updated asset objects reloaded before import = 0Number of asset objects unloaded after import = 1

========================================================================
Received Import Request.
  Time since last request: 0.000018 seconds.
  path: Assets/Models/KayKit/Nature/Assets/obj/Rock_3_K_Color1.obj
  artifactKey: Guid(6f13ec96ec5909f429ff668437513af1) Importer(2089858483,192608db42251d675da83286b1cce702)
Start importing Assets/Models/KayKit/Nature/Assets/obj/Rock_3_K_Color1.obj using Guid(6f13ec96ec5909f429ff668437513af1) Importer(2089858483,192608db42251d675da83286b1cce702) (ScriptedImporter) -> (artifact id: '2c2f3009b0b9e5bf5d2042f752ae2578') in 0.0211598 seconds
Number of updated asset objects reloaded before import = 0Number of asset objects unloaded after import = 11

========================================================================
Received Import Request.
  Time since last request: 0.000018 seconds.
  path: Assets/Models/KayKit/Nature/Assets/gltf/Bush_2_C_Color1.gltf
  artifactKey: Guid(5693be373ff3e4744ad97f917546f477) Importer(2089858483,192608db42251d675da83286b1cce702)
Start importing Assets/Models/KayKit/Nature/Assets/gltf/Bush_2_C_Color1.gltf using Guid(5693be373ff3e4744ad97f917546f477) Importer(2089858483,192608db42251d675da83286b1cce702) (ScriptedImporter) -> (artifact id: 'c30978882b4dea0980c10e73bb0f5dbf') in 0.0018384 seconds
Number of updated asset objects reloaded before import = 0Number of asset objects unloaded after import = 1

========================================================================
Received Import Request.
  Time since last request: 0.000017 seconds.
  path: Assets/UniversalRenderPipelineGlobalSettings.asset
  artifactKey: Guid(4722bfff6cca35f4eaa2cdf6bede2440) Importer(2089858483,192608db42251d675da83286b1cce702)
Start importing Assets/UniversalRenderPipelineGlobalSettings.asset using Guid(4722bfff6cca35f4eaa2cdf6bede2440) Importer(2089858483,192608db42251d675da83286b1cce702) (ScriptedImporter) -> (artifact id: 'ee5343732494f0abdbcd66a899847619') in 0.0448932 seconds
Number of updated asset objects reloaded before import = 0Number of asset objects unloaded after import = 0

========================================================================
Received Import Request.
  Time since last request: 0.000022 seconds.
  path: Assets/Models/KayKit/Nature/Assets/gltf/Rock_1_Q_Color1.gltf
  artifactKey: Guid(a8dafa09b02c49a4692cd033bce705c6) Importer(2089858483,192608db42251d675da83286b1cce702)
Start importing Assets/Models/KayKit/Nature/Assets/gltf/Rock_1_Q_Color1.gltf using Guid(a8dafa09b02c49a4692cd033bce705c6) Importer(2089858483,192608db42251d675da83286b1cce702) (ScriptedImporter) -> (artifact id: '4ceb5937c2ccb8cec37aa16184b28043') in 0.0025202 seconds
Number of updated asset objects reloaded before import = 0Number of asset objects unloaded after import = 1

========================================================================
Received Import Request.
  Time since last request: 0.000027 seconds.
  path: Assets/Models/OccaSoftware/Low Poly Fantasy Village/Prefabs/Rock_2.prefab
  artifactKey: Guid(4363cc5f6c64c954ba6f12cacb2002f9) Importer(2089858483,192608db42251d675da83286b1cce702)
Start importing Assets/Models/OccaSoftware/Low Poly Fantasy Village/Prefabs/Rock_2.prefab using Guid(4363cc5f6c64c954ba6f12cacb2002f9) Importer(2089858483,192608db42251d675da83286b1cce702) (ScriptedImporter) -> (artifact id: 'bee7287e96085cb975642f8225f202b9') in 0.0155154 seconds
Number of updated asset objects reloaded before import = 0Number of asset objects unloaded after import = 9

========================================================================
Received Import Request.
  Time since last request: 0.000018 seconds.
  path: Assets/Models/KayKit/Nature/Assets/obj/Tree_1_A_Color1.obj
  artifactKey: Guid(18fb65ee6917dfe4ba9aac07e088798f) Importer(2089858483,192608db42251d675da83286b1cce702)
Start importing Assets/Models/KayKit/Nature/Assets/obj/Tree_1_A_Color1.obj using Guid(18fb65ee6917dfe4ba9aac07e088798f) Importer(2089858483,192608db42251d675da83286b1cce702) (ScriptedImporter) -> (artifact id: 'e301a8f53d41660a54ab446a8a71289b') in 0.0080728 seconds
Number of updated asset objects reloaded before import = 0Number of asset objects unloaded after import = 11

========================================================================
Received Import Request.
  Time since last request: 0.000020 seconds.
  path: Assets/Models/KayKit/Nature/Assets/gltf/Rock_3_B_Color1.gltf
  artifactKey: Guid(31231469c32b8ae41926f06ae4808dd3) Importer(2089858483,192608db42251d675da83286b1cce702)
Start importing Assets/Models/KayKit/Nature/Assets/gltf/Rock_3_B_Color1.gltf using Guid(31231469c32b8ae41926f06ae4808dd3) Importer(2089858483,192608db42251d675da83286b1cce702) (ScriptedImporter) -> (artifact id: '621f0ea9d188b225e34c3302cda4d55e') in 0.0030605 seconds
Number of updated asset objects reloaded before import = 0Number of asset objects unloaded after import = 1

========================================================================
Received Import Request.
  Time since last request: 0.000024 seconds.
  path: Assets/Models/KayKit/Nature/Assets/gltf/Tree_3_C_Color1.gltf
  artifactKey: Guid(75278105533bb864ea34b6f5ae992007) Importer(2089858483,192608db42251d675da83286b1cce702)
Start importing Assets/Models/KayKit/Nature/Assets/gltf/Tree_3_C_Color1.gltf using Guid(75278105533bb864ea34b6f5ae992007) Importer(2089858483,192608db42251d675da83286b1cce702) (ScriptedImporter) -> (artifact id: '22f1814cf901f27e3dcf18df81eaac14') in 0.0023544 seconds
Number of updated asset objects reloaded before import = 0Number of asset objects unloaded after import = 1

========================================================================
Received Import Request.
  Time since last request: 0.000017 seconds.
  path: Assets/Models/OccaSoftware/Low Poly Fantasy Village/Prefabs/Bridge.prefab
  artifactKey: Guid(d20f7c791b6c5ca459c45f167993e50d) Importer(2089858483,192608db42251d675da83286b1cce702)
Start importing Assets/Models/OccaSoftware/Low Poly Fantasy Village/Prefabs/Bridge.prefab using Guid(d20f7c791b6c5ca459c45f167993e50d) Importer(2089858483,192608db42251d675da83286b1cce702) (ScriptedImporter) -> (artifact id: 'e43467a28e9f99be16c5c84f947df1fa') in 0.0198169 seconds
Number of updated asset objects reloaded before import = 0Number of asset objects unloaded after import = 9

========================================================================
Received Import Request.
  Time since last request: 0.000017 seconds.
  path: Assets/Materials/Gridbox Prototype Materials/Materials/Standard/Prototype_512x512_Blue1.mat
  artifactKey: Guid(663834164c6a04740aaa1b778249ce7e) Importer(2089858483,192608db42251d675da83286b1cce702)
Start importing Assets/Materials/Gridbox Prototype Materials/Materials/Standard/Prototype_512x512_Blue1.mat using Guid(663834164c6a04740aaa1b778249ce7e) Importer(2089858483,192608db42251d675da83286b1cce702) (ScriptedImporter) -> (artifact id: 'c2cccb1c89f70adf3d43e58a06e0bd55') in 0.026688 seconds
Number of updated asset objects reloaded before import = 0Number of asset objects unloaded after import = 3

========================================================================
Received Import Request.
  Time since last request: 0.000018 seconds.
  path: Assets/Models/KayKit/Nature/Assets/obj/Grass_1_SingleSided_Mesh.obj
  artifactKey: Guid(dd3032b927d96ae43a18d644866c35e8) Importer(2089858483,192608db42251d675da83286b1cce702)
Start importing Assets/Models/KayKit/Nature/Assets/obj/Grass_1_SingleSided_Mesh.obj using Guid(dd3032b927d96ae43a18d644866c35e8) Importer(2089858483,192608db42251d675da83286b1cce702) (ScriptedImporter) -> (artifact id: '8de5ca595ad8297863cf8b55c3a096a7') in 0.0106994 seconds
Number of updated asset objects reloaded before import = 0Number of asset objects unloaded after import = 10

========================================================================
Received Import Request.
  Time since last request: 0.000037 seconds.
  path: Assets/Models/KayKit/Nature/Assets/gltf/Rock_1_C_Color1.gltf
  artifactKey: Guid(7375af06d4783914aa0f9d76b698ddea) Importer(2089858483,192608db42251d675da83286b1cce702)
Start importing Assets/Models/KayKit/Nature/Assets/gltf/Rock_1_C_Color1.gltf using Guid(7375af06d4783914aa0f9d76b698ddea) Importer(2089858483,192608db42251d675da83286b1cce702) (ScriptedImporter) -> (artifact id: 'b0231bd6558b0f2f88df8be29bd4303a') in 0.0022615 seconds
Number of updated asset objects reloaded before import = 0Number of asset objects unloaded after import = 1

========================================================================
Received Import Request.
  Time since last request: 0.008844 seconds.
  path: Assets/Models/KayKit/Nature/Assets/gltf/Bush_4_C_Color1.gltf
  artifactKey: Guid(171da60909d225e419f9beee3e6f1ae7) Importer(2089858483,192608db42251d675da83286b1cce702)
Start importing Assets/Models/KayKit/Nature/Assets/gltf/Bush_4_C_Color1.gltf using Guid(171da60909d225e419f9beee3e6f1ae7) Importer(2089858483,192608db42251d675da83286b1cce702) (ScriptedImporter) -> (artifact id: '1b50511b082fd2facf6f87e1900936b6') in 0.0037342 seconds
Number of updated asset objects reloaded before import = 0Number of asset objects unloaded after import = 1

========================================================================
Received Import Request.
  Time since last request: 0.000017 seconds.
  path: Assets/Materials/Gridbox Prototype Materials/Materials/Standard/Prototype_512x512_White.mat
  artifactKey: Guid(aeee7071bea0a4c478b4fea5933c5f79) Importer(2089858483,192608db42251d675da83286b1cce702)
Start importing Assets/Materials/Gridbox Prototype Materials/Materials/Standard/Prototype_512x512_White.mat using Guid(aeee7071bea0a4c478b4fea5933c5f79) Importer(2089858483,192608db42251d675da83286b1cce702) (ScriptedImporter) -> (artifact id: 'f8b13d70bd2edaadff69036b751760c8') in 0.0129066 seconds
Number of updated asset objects reloaded before import = 0Number of asset objects unloaded after import = 3

========================================================================
Received Import Request.
  Time since last request: 0.000017 seconds.
  path: Assets/Models/KayKit/Nature/Assets/obj/Rock_1_O_Color1.mtl
  artifactKey: Guid(7a7621ee48537cf4f90b089f3a73ccdb) Importer(2089858483,192608db42251d675da83286b1cce702)
Start importing Assets/Models/KayKit/Nature/Assets/obj/Rock_1_O_Color1.mtl using Guid(7a7621ee48537cf4f90b089f3a73ccdb) Importer(2089858483,192608db42251d675da83286b1cce702) (ScriptedImporter) -> (artifact id: 'fa7ef530029221ae6d72d497611dd294') in 0.002135 seconds
Number of updated asset objects reloaded before import = 0Number of asset objects unloaded after import = 1

========================================================================
Received Import Request.
  Time since last request: 0.000017 seconds.
  path: Assets/Models/KayKit/Nature/Assets/obj/Bush_3_A_Color1.mtl
  artifactKey: Guid(2f2a3254dffc70c4e991ff11d2a12185) Importer(2089858483,192608db42251d675da83286b1cce702)
Start importing Assets/Models/KayKit/Nature/Assets/obj/Bush_3_A_Color1.mtl using Guid(2f2a3254dffc70c4e991ff11d2a12185) Importer(2089858483,192608db42251d675da83286b1cce702) (ScriptedImporter) -> (artifact id: '824e5ee053bf9b2a497386b1430505f5') in 0.0752214 seconds
Number of updated asset objects reloaded before import = 0Number of asset objects unloaded after import = 1

========================================================================
Received Import Request.
  Time since last request: 0.000026 seconds.
  path: Assets/Models/KayKit/Nature/Assets/obj/Tree_3_C_Color1.mtl
  artifactKey: Guid(dc34350359669e842b4cb0d55947b41e) Importer(2089858483,192608db42251d675da83286b1cce702)
Start importing Assets/Models/KayKit/Nature/Assets/obj/Tree_3_C_Color1.mtl using Guid(dc34350359669e842b4cb0d55947b41e) Importer(2089858483,192608db42251d675da83286b1cce702) (ScriptedImporter) -> (artifact id: '04371ad144f3415eb24f730e50a553a4') in 0.0018432 seconds
Number of updated asset objects reloaded before import = 0Number of asset objects unloaded after import = 1

========================================================================
Received Import Request.
  Time since last request: 0.000025 seconds.
  path: Assets/Models/KayKit/Nature/Assets/obj/Bush_4_C_Color1.mtl
  artifactKey: Guid(cc25d19cd49cf8349a95b4aad6ea3a25) Importer(2089858483,192608db42251d675da83286b1cce702)
Start importing Assets/Models/KayKit/Nature/Assets/obj/Bush_4_C_Color1.mtl using Guid(cc25d19cd49cf8349a95b4aad6ea3a25) Importer(2089858483,192608db42251d675da83286b1cce702) (ScriptedImporter) -> (artifact id: '9b4d2b9fe9218ac88ff888af8e815d5a') in 0.0026187 seconds
Number of updated asset objects reloaded before import = 0Number of asset objects unloaded after import = 1

========================================================================
Received Import Request.
  Time since last request: 0.000018 seconds.
  path: Assets/Models/KayKit/Nature/Assets/gltf/Rock_3_K_Color1.gltf
  artifactKey: Guid(225c484c3a0950e4f9b2c808ce861ff0) Importer(2089858483,192608db42251d675da83286b1cce702)
Start importing Assets/Models/KayKit/Nature/Assets/gltf/Rock_3_K_Color1.gltf using Guid(225c484c3a0950e4f9b2c808ce861ff0) Importer(2089858483,192608db42251d675da83286b1cce702) (ScriptedImporter) -> (artifact id: '3b8ffa9ed79734f463a7405250958735') in 0.0017508 seconds
Number of updated asset objects reloaded before import = 0Number of asset objects unloaded after import = 1

========================================================================
Received Import Request.
  Time since last request: 0.000020 seconds.
  path: Assets/Models/KayKit/Nature/Assets/obj/Rock_3_A_Color1.obj
  artifactKey: Guid(212b6e822ec058c4487b5f7ab6bf043f) Importer(2089858483,192608db42251d675da83286b1cce702)
Start importing Assets/Models/KayKit/Nature/Assets/obj/Rock_3_A_Color1.obj using Guid(212b6e822ec058c4487b5f7ab6bf043f) Importer(2089858483,192608db42251d675da83286b1cce702) (ScriptedImporter) -> (artifact id: '752092910dfec17a05bab469160e466d') in 0.0091484 seconds
Number of updated asset objects reloaded before import = 0Number of asset objects unloaded after import = 11

========================================================================
Received Import Request.
  Time since last request: 0.000014 seconds.
  path: Assets/Materials/Ground.mat
  artifactKey: Guid(53b06cb9f15e42e4faad8d81c84c076e) Importer(2089858483,192608db42251d675da83286b1cce702)
Start importing Assets/Materials/Ground.mat using Guid(53b06cb9f15e42e4faad8d81c84c076e) Importer(2089858483,192608db42251d675da83286b1cce702) (ScriptedImporter) -> (artifact id: '3a41a6d8249a19175f83b7c69649dece') in 0.0035099 seconds
Number of updated asset objects reloaded before import = 0Number of asset objects unloaded after import = 1

========================================================================
Received Import Request.
  Time since last request: 0.000015 seconds.
  path: Assets/Models/KayKit/Nature/Assets/obj/Bush_4_F_Color1.obj
  artifactKey: Guid(f4b82d817aa9c21488a0f482bcc7b4a4) Importer(2089858483,192608db42251d675da83286b1cce702)
Start importing Assets/Models/KayKit/Nature/Assets/obj/Bush_4_F_Color1.obj using Guid(f4b82d817aa9c21488a0f482bcc7b4a4) Importer(2089858483,192608db42251d675da83286b1cce702) (ScriptedImporter) -> (artifact id: '3e8eb9f182d954328081e8342fdf669c') in 0.0076996 seconds
Number of updated asset objects reloaded before import = 0Number of asset objects unloaded after import = 11

========================================================================
Received Import Request.
  Time since last request: 0.000018 seconds.
  path: Assets/Models/KayKit/Nature/Assets/gltf/Bush_1_B_Color1.gltf
  artifactKey: Guid(89aaa9c81393aca4e9c8c34511fdb82a) Importer(2089858483,192608db42251d675da83286b1cce702)
Start importing Assets/Models/KayKit/Nature/Assets/gltf/Bush_1_B_Color1.gltf using Guid(89aaa9c81393aca4e9c8c34511fdb82a) Importer(2089858483,192608db42251d675da83286b1cce702) (ScriptedImporter) -> (artifact id: '1101a27d117c0e30582a28cd70daeb23') in 0.0028708 seconds
Number of updated asset objects reloaded before import = 0Number of asset objects unloaded after import = 1

========================================================================
Received Import Request.
  Time since last request: 0.000017 seconds.
  path: Assets/Models/KayKit/Nature/Assets/obj/Rock_2_C_Color1.mtl
  artifactKey: Guid(a3ea033bba490014982fbf40e0f12d2d) Importer(2089858483,192608db42251d675da83286b1cce702)
Start importing Assets/Models/KayKit/Nature/Assets/obj/Rock_2_C_Color1.mtl using Guid(a3ea033bba490014982fbf40e0f12d2d) Importer(2089858483,192608db42251d675da83286b1cce702) (ScriptedImporter) -> (artifact id: '50c72036d4613d86bc2bfc9fd065aa08') in 0.002645 seconds
Number of updated asset objects reloaded before import = 0Number of asset objects unloaded after import = 1

========================================================================
Received Import Request.
  Time since last request: 0.000019 seconds.
  path: Assets/Models/KayKit/Nature/Assets/obj/Rock_2_A_Color1.mtl
  artifactKey: Guid(bb168d293622e5c469c32af4a75da12d) Importer(2089858483,192608db42251d675da83286b1cce702)
Start importing Assets/Models/KayKit/Nature/Assets/obj/Rock_2_A_Color1.mtl using Guid(bb168d293622e5c469c32af4a75da12d) Importer(2089858483,192608db42251d675da83286b1cce702) (ScriptedImporter) -> (artifact id: 'b8c77ffecf939bba02e3ef794a76b416') in 0.0018591 seconds
Number of updated asset objects reloaded before import = 0Number of asset objects unloaded after import = 1

========================================================================
Received Import Request.
  Time since last request: 0.000015 seconds.
  path: Assets/Models/KayKit/Nature/Assets/obj/Rock_3_D_Color1.obj
  artifactKey: Guid(e1eb6c7620f0f174491130817536ebb3) Importer(2089858483,192608db42251d675da83286b1cce702)
Start importing Assets/Models/KayKit/Nature/Assets/obj/Rock_3_D_Color1.obj using Guid(e1eb6c7620f0f174491130817536ebb3) Importer(2089858483,192608db42251d675da83286b1cce702) (ScriptedImporter) -> (artifact id: 'e62c150dccd43a5ab8de6f7fd6bd1a24') in 0.0092724 seconds
Number of updated asset objects reloaded before import = 0Number of asset objects unloaded after import = 11

========================================================================
Received Import Request.
  Time since last request: 0.000018 seconds.
  path: Assets/Models/KayKit/Nature/Assets/obj/Bush_4_A_Color1.obj
  artifactKey: Guid(39a2ec023623be646991b564b4c1d085) Importer(2089858483,192608db42251d675da83286b1cce702)
Start importing Assets/Models/KayKit/Nature/Assets/obj/Bush_4_A_Color1.obj using Guid(39a2ec023623be646991b564b4c1d085) Importer(2089858483,192608db42251d675da83286b1cce702) (ScriptedImporter) -> (artifact id: '17bb88a0a1e27ac89660ba3e4a25732b') in 0.0078771 seconds
Number of updated asset objects reloaded before import = 0Number of asset objects unloaded after import = 11

========================================================================
Received Import Request.
  Time since last request: 0.000025 seconds.
  path: Assets/Models/KayKit/Nature/Assets/obj/Tree_1_B_Color1.obj
  artifactKey: Guid(1e26c2ed6a891964bad3dcb855d0d473) Importer(2089858483,192608db42251d675da83286b1cce702)
Start importing Assets/Models/KayKit/Nature/Assets/obj/Tree_1_B_Color1.obj using Guid(1e26c2ed6a891964bad3dcb855d0d473) Importer(2089858483,192608db42251d675da83286b1cce702) (ScriptedImporter) -> (artifact id: '8b2214110d26194e125d99e04b36d36f') in 0.008087 seconds
Number of updated asset objects reloaded before import = 0Number of asset objects unloaded after import = 11

========================================================================
Received Import Request.
  Time since last request: 0.000016 seconds.
  path: Assets/Models/KayKit/Nature/Assets/obj/Rock_3_A_Color1.mtl
  artifactKey: Guid(1e0152d1f47b36649ae021b0ec7851d3) Importer(2089858483,192608db42251d675da83286b1cce702)
Start importing Assets/Models/KayKit/Nature/Assets/obj/Rock_3_A_Color1.mtl using Guid(1e0152d1f47b36649ae021b0ec7851d3) Importer(2089858483,192608db42251d675da83286b1cce702) (ScriptedImporter) -> (artifact id: 'f7fb38be122aac74dbe06f7c3dd17b7c') in 0.0027162 seconds
Number of updated asset objects reloaded before import = 0Number of asset objects unloaded after import = 1

========================================================================
Received Import Request.
  Time since last request: 0.000016 seconds.
  path: Assets/Models/KayKit/Nature/Assets/obj/Rock_1_O_Color1.obj
  artifactKey: Guid(ddae910ee081a63499a976d77f58b1b4) Importer(2089858483,192608db42251d675da83286b1cce702)
Start importing Assets/Models/KayKit/Nature/Assets/obj/Rock_1_O_Color1.obj using Guid(ddae910ee081a63499a976d77f58b1b4) Importer(2089858483,192608db42251d675da83286b1cce702) (ScriptedImporter) -> (artifact id: '44ccd2dc1297f945b564969fd9a3ee70') in 0.0089504 seconds
Number of updated asset objects reloaded before import = 0Number of asset objects unloaded after import = 11

========================================================================
Received Import Request.
  Time since last request: 0.000021 seconds.
  path: Assets/Models/KayKit/Nature/Assets/obj/Rock_2_G_Color1.mtl
  artifactKey: Guid(273cca825df13e34f9c482ba66746d67) Importer(2089858483,192608db42251d675da83286b1cce702)
Start importing Assets/Models/KayKit/Nature/Assets/obj/Rock_2_G_Color1.mtl using Guid(273cca825df13e34f9c482ba66746d67) Importer(2089858483,192608db42251d675da83286b1cce702) (ScriptedImporter) -> (artifact id: 'b5ffe6424d976c5e2ea7cf03587de978') in 0.002909 seconds
Number of updated asset objects reloaded before import = 0Number of asset objects unloaded after import = 1

========================================================================
Received Import Request.
  Time since last request: 0.000017 seconds.
  path: Assets/Joystick Pack/Scripts/Joysticks/FixedJoystick.cs
  artifactKey: Guid(45977bbae16431c46a013576a1aea384) Importer(2089858483,192608db42251d675da83286b1cce702)
Start importing Assets/Joystick Pack/Scripts/Joysticks/FixedJoystick.cs using Guid(45977bbae16431c46a013576a1aea384) Importer(2089858483,192608db42251d675da83286b1cce702) (ScriptedImporter) -> (artifact id: 'ac3de72df99192f7e947239d481e79bc') in 0.0035789 seconds
Number of updated asset objects reloaded before import = 0Number of asset objects unloaded after import = 0

========================================================================
Received Import Request.
  Time since last request: 0.000020 seconds.
  path: Assets/Models
  artifactKey: Guid(cb8dca6a7750f8340bc7ced0093c7b83) Importer(2089858483,192608db42251d675da83286b1cce702)
Start importing Assets/Models using Guid(cb8dca6a7750f8340bc7ced0093c7b83) Importer(2089858483,192608db42251d675da83286b1cce702) (ScriptedImporter) -> (artifact id: 'bea3e9ea4747a4143157cbd7670bb27b') in 0.0086092 seconds
Number of updated asset objects reloaded before import = 0Number of asset objects unloaded after import = 1

========================================================================
Received Import Request.
  Time since last request: 0.000022 seconds.
  path: Assets/Models/KayKit/Nature/Assets/obj/Bush_1_C_Color1.obj
  artifactKey: Guid(a620b506abd9da04db55423874693126) Importer(2089858483,192608db42251d675da83286b1cce702)
Start importing Assets/Models/KayKit/Nature/Assets/obj/Bush_1_C_Color1.obj using Guid(a620b506abd9da04db55423874693126) Importer(2089858483,192608db42251d675da83286b1cce702) (ScriptedImporter) -> (artifact id: 'ba3e25f93c1b6fa0b41b599bda3b24e8') in 0.0098395 seconds
Number of updated asset objects reloaded before import = 0Number of asset objects unloaded after import = 11

========================================================================
Received Import Request.
  Time since last request: 0.000016 seconds.
  path: Assets/Models/KayKit/Nature/Assets/obj/Rock_3_G_Color1.mtl
  artifactKey: Guid(8419a024f2957014f815dd34cc048f49) Importer(2089858483,192608db42251d675da83286b1cce702)
Start importing Assets/Models/KayKit/Nature/Assets/obj/Rock_3_G_Color1.mtl using Guid(8419a024f2957014f815dd34cc048f49) Importer(2089858483,192608db42251d675da83286b1cce702) (ScriptedImporter) -> (artifact id: '29bec35e48185d6a69ba875f6d4074b1') in 0.0019561 seconds
Number of updated asset objects reloaded before import = 0Number of asset objects unloaded after import = 1

========================================================================
Received Import Request.
  Time since last request: 0.000015 seconds.
  path: Assets/Models/KayKit/Nature/Assets/fbx(unity)
  artifactKey: Guid(6a28e8bb0abfc9840a275646ee534291) Importer(2089858483,192608db42251d675da83286b1cce702)
Start importing Assets/Models/KayKit/Nature/Assets/fbx(unity) using Guid(6a28e8bb0abfc9840a275646ee534291) Importer(2089858483,192608db42251d675da83286b1cce702) (ScriptedImporter) -> (artifact id: '33c873101ebc750b0df1631808b4c01c') in 0.0032695 seconds
Number of updated asset objects reloaded before import = 0Number of asset objects unloaded after import = 1

========================================================================
Received Import Request.
  Time since last request: 0.000015 seconds.
  path: Assets/Models/KayKit/Nature/Assets/obj/Bush_4_B_Color1.mtl
  artifactKey: Guid(c52304029da73ee4f83f4e3d87db551f) Importer(2089858483,192608db42251d675da83286b1cce702)
Start importing Assets/Models/KayKit/Nature/Assets/obj/Bush_4_B_Color1.mtl using Guid(c52304029da73ee4f83f4e3d87db551f) Importer(2089858483,192608db42251d675da83286b1cce702) (ScriptedImporter) -> (artifact id: 'b62376602e78eefb45d775aebed80344') in 0.0022796 seconds
Number of updated asset objects reloaded before import = 0Number of asset objects unloaded after import = 1

========================================================================
Received Import Request.
  Time since last request: 0.000036 seconds.
  path: Assets/Models/KayKit/Nature/Assets/gltf/Bush_2_A_Color1.gltf
  artifactKey: Guid(af6d219e536d2df44a381991dcddd6d9) Importer(2089858483,192608db42251d675da83286b1cce702)
Start importing Assets/Models/KayKit/Nature/Assets/gltf/Bush_2_A_Color1.gltf using Guid(af6d219e536d2df44a381991dcddd6d9) Importer(2089858483,192608db42251d675da83286b1cce702) (ScriptedImporter) -> (artifact id: 'f310a1a50bb5b9114e4870872de8df84') in 0.0028061 seconds
Number of updated asset objects reloaded before import = 0Number of asset objects unloaded after import = 1

========================================================================
Received Import Request.
  Time since last request: 0.000024 seconds.
  path: Assets/Models/OccaSoftware/Low Poly Fantasy Village/Prefabs/Pine Tree_5.prefab
  artifactKey: Guid(9a08f387c56d2e44aa12051243374461) Importer(2089858483,192608db42251d675da83286b1cce702)
Start importing Assets/Models/OccaSoftware/Low Poly Fantasy Village/Prefabs/Pine Tree_5.prefab using Guid(9a08f387c56d2e44aa12051243374461) Importer(2089858483,192608db42251d675da83286b1cce702) (ScriptedImporter) -> (artifact id: '659163b05eca85d21d5d72d0adc80d91') in 0.3704517 seconds
Number of updated asset objects reloaded before import = 0Number of asset objects unloaded after import = 9

========================================================================
Received Import Request.
  Time since last request: 0.000019 seconds.
  path: Assets/Models/OccaSoftware/Low Poly Fantasy Village/Prefabs/Tree_4.prefab
  artifactKey: Guid(53b8853b27b8eb54e96ce5b072c47164) Importer(2089858483,192608db42251d675da83286b1cce702)
Start importing Assets/Models/OccaSoftware/Low Poly Fantasy Village/Prefabs/Tree_4.prefab using Guid(53b8853b27b8eb54e96ce5b072c47164) Importer(2089858483,192608db42251d675da83286b1cce702) (ScriptedImporter) -> (artifact id: '43e8b2383a3100a490a990aebb6bd7ee') in 0.0454377 seconds
Number of updated asset objects reloaded before import = 0Number of asset objects unloaded after import = 9

========================================================================
Received Import Request.
  Time since last request: 0.000021 seconds.
  path: Assets/Materials/Gridbox Prototype Materials/Materials/Standard/Prototype_512x512_Blue3.mat
  artifactKey: Guid(b0b4de3bd6e976e4f8b3adc6e72377ed) Importer(2089858483,192608db42251d675da83286b1cce702)
Start importing Assets/Materials/Gridbox Prototype Materials/Materials/Standard/Prototype_512x512_Blue3.mat using Guid(b0b4de3bd6e976e4f8b3adc6e72377ed) Importer(2089858483,192608db42251d675da83286b1cce702) (ScriptedImporter) -> (artifact id: '962730600401d8141585ece0fee44fbb') in 0.0775402 seconds
Number of updated asset objects reloaded before import = 0Number of asset objects unloaded after import = 3

========================================================================
Received Import Request.
  Time since last request: 0.000013 seconds.
  path: Assets/Models/KayKit/Adventurers/Animations/fbx/Rig_Medium/Hammering.anim
  artifactKey: Guid(a2fdc43103662ab46bf7c09af2f8ace1) Importer(2089858483,192608db42251d675da83286b1cce702)
Start importing Assets/Models/KayKit/Adventurers/Animations/fbx/Rig_Medium/Hammering.anim using Guid(a2fdc43103662ab46bf7c09af2f8ace1) Importer(2089858483,192608db42251d675da83286b1cce702) (ScriptedImporter) -> (artifact id: '385614b0eaed64bec01fb582fd356ad6') in 0.1401471 seconds
Number of updated asset objects reloaded before import = 0Number of asset objects unloaded after import = 1

========================================================================
Received Import Request.
  Time since last request: 0.000018 seconds.
  path: Assets/Scripts
  artifactKey: Guid(6d359cf7f238e4b4b90cd33d749ad4de) Importer(2089858483,192608db42251d675da83286b1cce702)
Start importing Assets/Scripts using Guid(6d359cf7f238e4b4b90cd33d749ad4de) Importer(2089858483,192608db42251d675da83286b1cce702) (ScriptedImporter) -> (artifact id: '7bd4c095abf127483c87198d31e85c39') in 0.0245247 seconds
Number of updated asset objects reloaded before import = 0Number of asset objects unloaded after import = 1

========================================================================
Received Import Request.
  Time since last request: 0.000029 seconds.
  path: Assets/Models/KayKit/Nature/Assets/gltf/Rock_3_H_Color1.gltf
  artifactKey: Guid(6f5960c3badec294bbaff2d6c50be966) Importer(2089858483,192608db42251d675da83286b1cce702)
Start importing Assets/Models/KayKit/Nature/Assets/gltf/Rock_3_H_Color1.gltf using Guid(6f5960c3badec294bbaff2d6c50be966) Importer(2089858483,192608db42251d675da83286b1cce702) (ScriptedImporter) -> (artifact id: '955b85609a6123a8c816de731b7f6fb3') in 0.0019568 seconds
Number of updated asset objects reloaded before import = 0Number of asset objects unloaded after import = 1

========================================================================
Received Import Request.
  Time since last request: 0.000016 seconds.
  path: Assets/Models/OccaSoftware/Low Poly Fantasy Village/Prefabs/Path Piece_6.prefab
  artifactKey: Guid(ee437bdf92d86ca4897ba11ca9b0a902) Importer(2089858483,192608db42251d675da83286b1cce702)
Start importing Assets/Models/OccaSoftware/Low Poly Fantasy Village/Prefabs/Path Piece_6.prefab using Guid(ee437bdf92d86ca4897ba11ca9b0a902) Importer(2089858483,192608db42251d675da83286b1cce702) (ScriptedImporter) -> (artifact id: 'e27fdcc638cb8d6774c18165a38e5401') in 0.0057284 seconds
Number of updated asset objects reloaded before import = 0Number of asset objects unloaded after import = 9

========================================================================
Received Import Request.
  Time since last request: 0.000014 seconds.
  path: Assets/Models/KayKit/Nature/Assets/obj/Tree_Bare_2_A_Color1.obj
  artifactKey: Guid(c641e9a79fd52164098c2a2ab08a7a42) Importer(2089858483,192608db42251d675da83286b1cce702)
Start importing Assets/Models/KayKit/Nature/Assets/obj/Tree_Bare_2_A_Color1.obj using Guid(c641e9a79fd52164098c2a2ab08a7a42) Importer(2089858483,192608db42251d675da83286b1cce702) (ScriptedImporter) -> (artifact id: 'd492b8259fa46665acf5586d3280810a') in 0.009121 seconds
Number of updated asset objects reloaded before import = 0Number of asset objects unloaded after import = 11

========================================================================
Received Import Request.
  Time since last request: 0.000013 seconds.
  path: Assets/Models/KayKit/Nature/Assets/gltf/Grass_2_SingleSided_Mesh.gltf
  artifactKey: Guid(1188ebb71f770884fb0b7471b2008a3e) Importer(2089858483,192608db42251d675da83286b1cce702)
Start importing Assets/Models/KayKit/Nature/Assets/gltf/Grass_2_SingleSided_Mesh.gltf using Guid(1188ebb71f770884fb0b7471b2008a3e) Importer(2089858483,192608db42251d675da83286b1cce702) (ScriptedImporter) -> (artifact id: 'e889bc535519537b523bb71f2f3d483d') in 0.0019049 seconds
Number of updated asset objects reloaded before import = 0Number of asset objects unloaded after import = 1

========================================================================
Received Import Request.
  Time since last request: 0.000015 seconds.
  path: Assets/Models/KayKit/Nature/Assets/obj/Rock_1_J_Color1.obj
  artifactKey: Guid(3351f4b19e8ad6e4f98d3ab4c8f8b5af) Importer(2089858483,192608db42251d675da83286b1cce702)
Start importing Assets/Models/KayKit/Nature/Assets/obj/Rock_1_J_Color1.obj using Guid(3351f4b19e8ad6e4f98d3ab4c8f8b5af) Importer(2089858483,192608db42251d675da83286b1cce702) (ScriptedImporter) -> (artifact id: '456eb45a0ed20ef37c1e448787aba60d') in 0.0103905 seconds
Number of updated asset objects reloaded before import = 0Number of asset objects unloaded after import = 11

========================================================================
Received Import Request.
  Time since last request: 0.000017 seconds.
  path: Assets/Models/KayKit/Nature/Assets/obj/Rock_3_N_Color1.mtl
  artifactKey: Guid(809b9f28cc2716f41bc762574854d965) Importer(2089858483,192608db42251d675da83286b1cce702)
Start importing Assets/Models/KayKit/Nature/Assets/obj/Rock_3_N_Color1.mtl using Guid(809b9f28cc2716f41bc762574854d965) Importer(2089858483,192608db42251d675da83286b1cce702) (ScriptedImporter) -> (artifact id: 'ab5ce8727749491cf497086f562a2d4c') in 0.0022281 seconds
Number of updated asset objects reloaded before import = 0Number of asset objects unloaded after import = 1

========================================================================
Received Import Request.
  Time since last request: 0.000020 seconds.
  path: Assets/Models/OccaSoftware/Low Poly Fantasy Village/Prefabs/Path Piece_14.prefab
  artifactKey: Guid(ff9484291d45f334ea3494be35725dd7) Importer(2089858483,192608db42251d675da83286b1cce702)
Start importing Assets/Models/OccaSoftware/Low Poly Fantasy Village/Prefabs/Path Piece_14.prefab using Guid(ff9484291d45f334ea3494be35725dd7) Importer(2089858483,192608db42251d675da83286b1cce702) (ScriptedImporter) -> (artifact id: 'a877d634fd4f9816d0a556b8049d45e8') in 0.0778895 seconds
Number of updated asset objects reloaded before import = 0Number of asset objects unloaded after import = 9

========================================================================
Received Import Request.
  Time since last request: 0.000016 seconds.
  path: Assets/Models/KayKit/Nature/Assets/obj/Tree_1_B_Color1.mtl
  artifactKey: Guid(a2348e3527bac0e47bb6864c8aa80cbd) Importer(2089858483,192608db42251d675da83286b1cce702)
Start importing Assets/Models/KayKit/Nature/Assets/obj/Tree_1_B_Color1.mtl using Guid(a2348e3527bac0e47bb6864c8aa80cbd) Importer(2089858483,192608db42251d675da83286b1cce702) (ScriptedImporter) -> (artifact id: 'ab91953d01bdb3431db93406039fbcdf') in 0.001757 seconds
Number of updated asset objects reloaded before import = 0Number of asset objects unloaded after import = 1

========================================================================
Received Import Request.
  Time since last request: 0.000015 seconds.
  path: Assets/Models/KayKit/Nature/Assets/obj/Bush_1_B_Color1.mtl
  artifactKey: Guid(ea3a8bf2b00fec54abc931fe8c33e548) Importer(2089858483,192608db42251d675da83286b1cce702)
Start importing Assets/Models/KayKit/Nature/Assets/obj/Bush_1_B_Color1.mtl using Guid(ea3a8bf2b00fec54abc931fe8c33e548) Importer(2089858483,192608db42251d675da83286b1cce702) (ScriptedImporter) -> (artifact id: 'f27c6c3c24c53b3e0090ffa35a9b50e1') in 0.0016867 seconds
Number of updated asset objects reloaded before import = 0Number of asset objects unloaded after import = 1

========================================================================
Received Import Request.
  Time since last request: 0.000014 seconds.
  path: Assets/Models/OccaSoftware/Low Poly Fantasy Village/Prefabs/Rock_1.prefab
  artifactKey: Guid(ba9fd98bca0027247a64ce4e19eef4f8) Importer(2089858483,192608db42251d675da83286b1cce702)
Start importing Assets/Models/OccaSoftware/Low Poly Fantasy Village/Prefabs/Rock_1.prefab using Guid(ba9fd98bca0027247a64ce4e19eef4f8) Importer(2089858483,192608db42251d675da83286b1cce702) (ScriptedImporter) -> (artifact id: '5235bf52d28185910ce1f8e5ce73e3e9') in 0.0741245 seconds
Number of updated asset objects reloaded before import = 0Number of asset objects unloaded after import = 9

========================================================================
Received Import Request.
  Time since last request: 0.000017 seconds.
  path: Assets/Models/OccaSoftware/Low Poly Fantasy Village/Prefabs/Tree_8.prefab
  artifactKey: Guid(dfe0ded46da2be248833f5a0eb632767) Importer(2089858483,192608db42251d675da83286b1cce702)
Start importing Assets/Models/OccaSoftware/Low Poly Fantasy Village/Prefabs/Tree_8.prefab using Guid(dfe0ded46da2be248833f5a0eb632767) Importer(2089858483,192608db42251d675da83286b1cce702) (ScriptedImporter) -> (artifact id: 'ff7ff1b9d2a9a2f5782298240f3f2d0d') in 0.1257591 seconds
Number of updated asset objects reloaded before import = 0Number of asset objects unloaded after import = 9

========================================================================
Received Import Request.
  Time since last request: 0.000025 seconds.
  path: Assets/Models/KayKit/Nature/Assets/obj/Tree_4_A_Color1.mtl
  artifactKey: Guid(1d21afdec68f84f47bddb3a4324fcee3) Importer(2089858483,192608db42251d675da83286b1cce702)
Start importing Assets/Models/KayKit/Nature/Assets/obj/Tree_4_A_Color1.mtl using Guid(1d21afdec68f84f47bddb3a4324fcee3) Importer(2089858483,192608db42251d675da83286b1cce702) (ScriptedImporter) -> (artifact id: 'eb668cb663fe6262d663bf3906a8567e') in 0.0035885 seconds
Number of updated asset objects reloaded before import = 0Number of asset objects unloaded after import = 1

========================================================================
Received Import Request.
  Time since last request: 0.000017 seconds.
  path: Assets/Scenes
  artifactKey: Guid(9c53962885c2c4f449125a979d6ad240) Importer(2089858483,192608db42251d675da83286b1cce702)
Start importing Assets/Scenes using Guid(9c53962885c2c4f449125a979d6ad240) Importer(2089858483,192608db42251d675da83286b1cce702) (ScriptedImporter) -> (artifact id: '4875d9ca2e20de0edc5256c54ba24d2c') in 0.0065465 seconds
Number of updated asset objects reloaded before import = 0Number of asset objects unloaded after import = 1

========================================================================
Received Import Request.
  Time since last request: 0.000107 seconds.
  path: Assets/Models/OccaSoftware/Low Poly Fantasy Village/Prefabs/Crate.prefab
  artifactKey: Guid(4e08fdf4080c15941b2b10e6aac7bfa6) Importer(2089858483,192608db42251d675da83286b1cce702)
Start importing Assets/Models/OccaSoftware/Low Poly Fantasy Village/Prefabs/Crate.prefab using Guid(4e08fdf4080c15941b2b10e6aac7bfa6) Importer(2089858483,192608db42251d675da83286b1cce702) (ScriptedImporter) -> (artifact id: '6a46afd913e765c92ee9f3502a20fdd6') in 0.0514441 seconds
Number of updated asset objects reloaded before import = 0Number of asset objects unloaded after import = 9

========================================================================
Received Import Request.
  Time since last request: 0.000014 seconds.
  path: Assets/Models/KayKit/Nature/Assets/obj/Rock_1_G_Color1.mtl
  artifactKey: Guid(d2f4b6526edf7f142b0a674bffaabf78) Importer(2089858483,192608db42251d675da83286b1cce702)
Start importing Assets/Models/KayKit/Nature/Assets/obj/Rock_1_G_Color1.mtl using Guid(d2f4b6526edf7f142b0a674bffaabf78) Importer(2089858483,192608db42251d675da83286b1cce702) (ScriptedImporter) -> (artifact id: 'ffb9c9ac79211a15a2c029a4d7b9f2db') in 0.0026896 seconds
Number of updated asset objects reloaded before import = 0Number of asset objects unloaded after import = 1

========================================================================
Received Import Request.
  Time since last request: 0.000017 seconds.
  path: Assets/Models/KayKit/Nature/Assets/gltf/Rock_2_B_Color1.gltf
  artifactKey: Guid(94ce3f56fbd21ab498ce6d11aae15657) Importer(2089858483,192608db42251d675da83286b1cce702)
Start importing Assets/Models/KayKit/Nature/Assets/gltf/Rock_2_B_Color1.gltf using Guid(94ce3f56fbd21ab498ce6d11aae15657) Importer(2089858483,192608db42251d675da83286b1cce702) (ScriptedImporter) -> (artifact id: '378597406eb8ad3322553d8b9c814195') in 0.0029351 seconds
Number of updated asset objects reloaded before import = 0Number of asset objects unloaded after import = 1

========================================================================
Received Import Request.
  Time since last request: 0.000015 seconds.
  path: Assets/Models/KayKit/Nature/Assets/obj/Rock_1_E_Color1.mtl
  artifactKey: Guid(035457c55e0bac44fa2df5f72a5a05f7) Importer(2089858483,192608db42251d675da83286b1cce702)
Start importing Assets/Models/KayKit/Nature/Assets/obj/Rock_1_E_Color1.mtl using Guid(035457c55e0bac44fa2df5f72a5a05f7) Importer(2089858483,192608db42251d675da83286b1cce702) (ScriptedImporter) -> (artifact id: '30e12166d8970cc194cfaa445b685b81') in 0.0039427 seconds
Number of updated asset objects reloaded before import = 0Number of asset objects unloaded after import = 1

========================================================================
Received Import Request.
  Time since last request: 0.000014 seconds.
  path: Assets/Materials/Gridbox Prototype Materials/Materials
  artifactKey: Guid(399cff2d68318a946838ccb784ef4c77) Importer(2089858483,192608db42251d675da83286b1cce702)
Start importing Assets/Materials/Gridbox Prototype Materials/Materials using Guid(399cff2d68318a946838ccb784ef4c77) Importer(2089858483,192608db42251d675da83286b1cce702) (ScriptedImporter) -> (artifact id: '18e571a1cc4a8b8f9f84c5f252c12885') in 0.001683 seconds
Number of updated asset objects reloaded before import = 0Number of asset objects unloaded after import = 1

========================================================================
Received Import Request.
  Time since last request: 0.000013 seconds.
  path: Assets/Models/KayKit/Nature/Assets/gltf/Rock_3_Q_Color1.gltf
  artifactKey: Guid(79139a0518c34ab43bb7ef1a36ae3be2) Importer(2089858483,192608db42251d675da83286b1cce702)
Start importing Assets/Models/KayKit/Nature/Assets/gltf/Rock_3_Q_Color1.gltf using Guid(79139a0518c34ab43bb7ef1a36ae3be2) Importer(2089858483,192608db42251d675da83286b1cce702) (ScriptedImporter) -> (artifact id: '50805f223901f7180f83a4455d1a23f6') in 0.0026662 seconds
Number of updated asset objects reloaded before import = 0Number of asset objects unloaded after import = 1

========================================================================
Received Import Request.
  Time since last request: 0.000017 seconds.
  path: Assets/Models/KayKit/Nature/Assets/obj/Tree_3_C_Color1.obj
  artifactKey: Guid(4602040293c642643b98618c833037ea) Importer(2089858483,192608db42251d675da83286b1cce702)
Start importing Assets/Models/KayKit/Nature/Assets/obj/Tree_3_C_Color1.obj using Guid(4602040293c642643b98618c833037ea) Importer(2089858483,192608db42251d675da83286b1cce702) (ScriptedImporter) -> (artifact id: 'a1d633f021d8fb90ebca62a39947ea77') in 0.0075992 seconds
Number of updated asset objects reloaded before import = 0Number of asset objects unloaded after import = 11

========================================================================
Received Import Request.
  Time since last request: 0.000022 seconds.
  path: Assets/Models/KayKit/Nature/Assets/obj/Tree_4_C_Color1.obj
  artifactKey: Guid(fc7368d6858e3f648af85fc737d81612) Importer(2089858483,192608db42251d675da83286b1cce702)
Start importing Assets/Models/KayKit/Nature/Assets/obj/Tree_4_C_Color1.obj using Guid(fc7368d6858e3f648af85fc737d81612) Importer(2089858483,192608db42251d675da83286b1cce702) (ScriptedImporter) -> (artifact id: '951a99678f9a8b89e047130073e10687') in 0.0213541 seconds
Number of updated asset objects reloaded before import = 0Number of asset objects unloaded after import = 11

========================================================================
Received Import Request.
  Time since last request: 0.000014 seconds.
  path: Assets/Models/KayKit/Nature/Assets/gltf/Rock_1_D_Color1.gltf
  artifactKey: Guid(0e8dbf1bcadd6a44bad9686be3ac1a0e) Importer(2089858483,192608db42251d675da83286b1cce702)
Start importing Assets/Models/KayKit/Nature/Assets/gltf/Rock_1_D_Color1.gltf using Guid(0e8dbf1bcadd6a44bad9686be3ac1a0e) Importer(2089858483,192608db42251d675da83286b1cce702) (ScriptedImporter) -> (artifact id: '4cb5e488420147de2333bbce937b3268') in 0.0024918 seconds
Number of updated asset objects reloaded before import = 0Number of asset objects unloaded after import = 1

========================================================================
Received Import Request.
  Time since last request: 0.000014 seconds.
  path: Assets/Models/KayKit/Nature/Assets/obj/Bush_2_B_Color1.mtl
  artifactKey: Guid(c4c15489ec9db0046a59de7523a89a06) Importer(2089858483,192608db42251d675da83286b1cce702)
Start importing Assets/Models/KayKit/Nature/Assets/obj/Bush_2_B_Color1.mtl using Guid(c4c15489ec9db0046a59de7523a89a06) Importer(2089858483,192608db42251d675da83286b1cce702) (ScriptedImporter) -> (artifact id: 'c1131020ceea42fb0b5e7e240531823d') in 0.0022617 seconds
Number of updated asset objects reloaded before import = 0Number of asset objects unloaded after import = 1

========================================================================
Received Import Request.
  Time since last request: 0.000013 seconds.
  path: Assets/Models/KayKit/Nature/Assets/gltf/Bush_4_D_Color1.gltf
  artifactKey: Guid(6a1887c7902cd6540abc9ef027291d1c) Importer(2089858483,192608db42251d675da83286b1cce702)
Start importing Assets/Models/KayKit/Nature/Assets/gltf/Bush_4_D_Color1.gltf using Guid(6a1887c7902cd6540abc9ef027291d1c) Importer(2089858483,192608db42251d675da83286b1cce702) (ScriptedImporter) -> (artifact id: '4e1e91d6f348d8c688f2ceba979f5f64') in 0.0027642 seconds
Number of updated asset objects reloaded before import = 0Number of asset objects unloaded after import = 1

========================================================================
Received Import Request.
  Time since last request: 0.000016 seconds.
  path: Assets/Models/KayKit/Nature/Assets/obj/Rock_2_C_Color1.obj
  artifactKey: Guid(7b46a5804364fd2479454a2c50a8f0d0) Importer(2089858483,192608db42251d675da83286b1cce702)
Start importing Assets/Models/KayKit/Nature/Assets/obj/Rock_2_C_Color1.obj using Guid(7b46a5804364fd2479454a2c50a8f0d0) Importer(2089858483,192608db42251d675da83286b1cce702) (ScriptedImporter) -> (artifact id: 'ab58152fb1b0188821585fe78467c523') in 0.0070127 seconds
Number of updated asset objects reloaded before import = 0Number of asset objects unloaded after import = 11

========================================================================
Received Import Request.
  Time since last request: 0.000015 seconds.
  path: Assets/Models/KayKit/Nature/Assets/obj/Rock_1_D_Color1.mtl
  artifactKey: Guid(54998a625f9f54d429400f80378f32d3) Importer(2089858483,192608db42251d675da83286b1cce702)
Start importing Assets/Models/KayKit/Nature/Assets/obj/Rock_1_D_Color1.mtl using Guid(54998a625f9f54d429400f80378f32d3) Importer(2089858483,192608db42251d675da83286b1cce702) (ScriptedImporter) -> (artifact id: '052e72af9e63a2abc4646621394ffb5e') in 0.0022354 seconds
Number of updated asset objects reloaded before import = 0Number of asset objects unloaded after import = 1

========================================================================
Received Import Request.
  Time since last request: 0.000017 seconds.
  path: Assets/Models/OccaSoftware/Low Poly Fantasy Village/Prefabs/Tree_3.prefab
  artifactKey: Guid(705b5aa8b3cca7b4b856850fa92e2270) Importer(2089858483,192608db42251d675da83286b1cce702)
Start importing Assets/Models/OccaSoftware/Low Poly Fantasy Village/Prefabs/Tree_3.prefab using Guid(705b5aa8b3cca7b4b856850fa92e2270) Importer(2089858483,192608db42251d675da83286b1cce702) (ScriptedImporter) -> (artifact id: '8c7018ffc369e826ca3a34b0d5368cfa') in 0.1014797 seconds
Number of updated asset objects reloaded before import = 0Number of asset objects unloaded after import = 9

========================================================================
Received Import Request.
  Time since last request: 0.000016 seconds.
  path: Assets/Models/PolyRonin/Pine Forest Pack/Textures/pine-forest-colors.png
  artifactKey: Guid(94a5a2813d44c124a93a634bf2e0df49) Importer(2089858483,192608db42251d675da83286b1cce702)
Start importing Assets/Models/PolyRonin/Pine Forest Pack/Textures/pine-forest-colors.png using Guid(94a5a2813d44c124a93a634bf2e0df49) Importer(2089858483,192608db42251d675da83286b1cce702) (ScriptedImporter) -> (artifact id: 'f3ed108d27e3ac827636fba7e7e169ff') in 0.0211029 seconds
Number of updated asset objects reloaded before import = 0Number of asset objects unloaded after import = 1

========================================================================
Received Import Request.
  Time since last request: 0.000024 seconds.
  path: Assets/Models/PolyRonin/Pine Forest Pack/Prefabs/Log2.prefab
  artifactKey: Guid(1b27a90a694d1614dba4e3e3e0c8819d) Importer(2089858483,192608db42251d675da83286b1cce702)
Start importing Assets/Models/PolyRonin/Pine Forest Pack/Prefabs/Log2.prefab using Guid(1b27a90a694d1614dba4e3e3e0c8819d) Importer(2089858483,192608db42251d675da83286b1cce702) (ScriptedImporter) -> (artifact id: '65dfdeebf882d7007c8a484ee7f2d02c') in 0.0059559 seconds
Number of updated asset objects reloaded before import = 0Number of asset objects unloaded after import = 8

========================================================================
Received Import Request.
  Time since last request: 0.000017 seconds.
  path: Assets/Models/OccaSoftware/Low Poly Fantasy Village/Prefabs/Mountain_4.prefab
  artifactKey: Guid(283ec6f0a2b15c34e83fa08ce42cf7dc) Importer(2089858483,192608db42251d675da83286b1cce702)
Start importing Assets/Models/OccaSoftware/Low Poly Fantasy Village/Prefabs/Mountain_4.prefab using Guid(283ec6f0a2b15c34e83fa08ce42cf7dc) Importer(2089858483,192608db42251d675da83286b1cce702) (ScriptedImporter) -> (artifact id: '0666b10038f57986b8bab1f6afa06ee7') in 0.0217722 seconds
Number of updated asset objects reloaded before import = 0Number of asset objects unloaded after import = 9

========================================================================
Received Import Request.
  Time since last request: 0.000016 seconds.
  path: Assets/Models/PolyRonin/Pine Forest Pack/Prefabs/PineNoLeaf.prefab
  artifactKey: Guid(65aeeb11b7ebb7a46a3afec35f224e90) Importer(2089858483,192608db42251d675da83286b1cce702)
Start importing Assets/Models/PolyRonin/Pine Forest Pack/Prefabs/PineNoLeaf.prefab using Guid(65aeeb11b7ebb7a46a3afec35f224e90) Importer(2089858483,192608db42251d675da83286b1cce702) (ScriptedImporter) -> (artifact id: '13172046f056d59144b86f6b500662a2') in 0.0090821 seconds
Number of updated asset objects reloaded before import = 0Number of asset objects unloaded after import = 8

========================================================================
Received Import Request.
  Time since last request: 0.000027 seconds.
  path: Assets/Models/PolyRonin/Pine Forest Pack/Prefabs/Stump2.prefab
  artifactKey: Guid(328066958da2ef74787a2e65b3fc6a25) Importer(2089858483,192608db42251d675da83286b1cce702)
Start importing Assets/Models/PolyRonin/Pine Forest Pack/Prefabs/Stump2.prefab using Guid(328066958da2ef74787a2e65b3fc6a25) Importer(2089858483,192608db42251d675da83286b1cce702) (ScriptedImporter) -> (artifact id: '9249b94fca3b4aa1dbad7aea8b5d1542') in 0.0104042 seconds
Number of updated asset objects reloaded before import = 0Number of asset objects unloaded after import = 8

========================================================================
Received Import Request.
  Time since last request: 0.000023 seconds.
  path: Assets/Models/PolyRonin/Pine Forest Pack/Prefabs/Flower3.prefab
  artifactKey: Guid(320ee576bbdabab46813415687175840) Importer(2089858483,192608db42251d675da83286b1cce702)
Start importing Assets/Models/PolyRonin/Pine Forest Pack/Prefabs/Flower3.prefab using Guid(320ee576bbdabab46813415687175840) Importer(2089858483,192608db42251d675da83286b1cce702) (ScriptedImporter) -> (artifact id: '26b8b0d6d2226429c456fb8f30032d34') in 0.0082353 seconds
Number of updated asset objects reloaded before import = 0Number of asset objects unloaded after import = 8

========================================================================
Received Import Request.
  Time since last request: 0.000020 seconds.
  path: Assets/Models/PolyRonin/Pine Forest Pack/Prefabs/Rock1.prefab
  artifactKey: Guid(632ac52d83875d1458e8f084e944a6b9) Importer(2089858483,192608db42251d675da83286b1cce702)
Start importing Assets/Models/PolyRonin/Pine Forest Pack/Prefabs/Rock1.prefab using Guid(632ac52d83875d1458e8f084e944a6b9) Importer(2089858483,192608db42251d675da83286b1cce702) (ScriptedImporter) -> (artifact id: '4e43fd870afe8f0ffde00ac9c83f37d8') in 0.0063794 seconds
Number of updated asset objects reloaded before import = 0Number of asset objects unloaded after import = 8

========================================================================
Received Import Request.
  Time since last request: 0.000022 seconds.
  path: Assets/Materials/Gridbox Prototype Materials/Materials/Standard/Prototype_512x512_Yellow.mat
  artifactKey: Guid(c852af001dae0064e9acaa832f1dadb7) Importer(2089858483,192608db42251d675da83286b1cce702)
Start importing Assets/Materials/Gridbox Prototype Materials/Materials/Standard/Prototype_512x512_Yellow.mat using Guid(c852af001dae0064e9acaa832f1dadb7) Importer(2089858483,192608db42251d675da83286b1cce702) (ScriptedImporter) -> (artifact id: 'd131821252a4989ee2a00ee3d9c4ac9c') in 0.0149291 seconds
Number of updated asset objects reloaded before import = 0Number of asset objects unloaded after import = 3

========================================================================
Received Import Request.
  Time since last request: 0.000015 seconds.
  path: Assets/Models/PolyRonin
  artifactKey: Guid(c6cf7ecbedfce784b92c12485081d1b5) Importer(2089858483,192608db42251d675da83286b1cce702)
Start importing Assets/Models/PolyRonin using Guid(c6cf7ecbedfce784b92c12485081d1b5) Importer(2089858483,192608db42251d675da83286b1cce702) (ScriptedImporter) -> (artifact id: 'fe670142a3a318413c0e86f9c16d985f') in 0.0019188 seconds
Number of updated asset objects reloaded before import = 0Number of asset objects unloaded after import = 1

========================================================================
Received Import Request.
  Time since last request: 2.693112 seconds.
  path: Assets/Models/KayKit/Nature/Assets/obj/Grass_1_C_Singlesided_Color1.mtl
  artifactKey: Guid(f064d0afef2a8624888f4da9e2aa6aaf) Importer(2089858483,192608db42251d675da83286b1cce702)
Start importing Assets/Models/KayKit/Nature/Assets/obj/Grass_1_C_Singlesided_Color1.mtl using Guid(f064d0afef2a8624888f4da9e2aa6aaf) Importer(2089858483,192608db42251d675da83286b1cce702) (ScriptedImporter) -> (artifact id: '3f86c4ca6c835ebd18edaf1d1ff9f61b') in 0.0025703 seconds
Number of updated asset objects reloaded before import = 0Number of asset objects unloaded after import = 1

Editor requested this worker to shutdown with reason: Scaling down because of idle timeout
AssetImportWorker is now disconnected from the server
Process exiting
Exiting without the bug reporter. Application will terminate with return code 0