[Licensing::Module] Trying to connect to existing licensing client channel...
[Licensing::IpcConnector] Successfully connected to: "LicenseClient-mehme" at "2025-12-14T20:15:56.6647934Z"
Built from '6000.0/staging' branch; Version is '6000.0.62f1 (f99f05b3e950) revision 16359173'; Using compiler version '193933523'; Build Type 'Release'
OS: 'Windows 10  (10.0.19045) 64bit Professional' Language: 'en' Physical Memory: 16272 MB
BatchMode: 1, IsHumanControllingUs: 0, StartBugReporterOnCrash: 0, Is64bit: 1
Date: 2025-12-14T20:15:56Z

COMMAND LINE ARGUMENTS:
D:\Unity\6000.0.62f1\Editor\Unity.exe
-adb2
-batchMode
-noUpm
-name
AssetImportWorker5
-projectPath
D:/Game Developments/GitHub/Project-Survival
-logFile
Logs/AssetImportWorker5.log
-srvPort
63387
-licensingIpc
LicenseClient-mehme
-job-worker-count
5
-background-job-worker-count
8
-gc-helper-count
1
-name
AssetImport
Successfully changed project path to: D:/Game Developments/GitHub/Project-Survival
D:/Game Developments/GitHub/Project-Survival
[UnityMemory] Configuration Parameters - Can be set up in boot.config
    "memorysetup-bucket-allocator-granularity=16"
    "memorysetup-bucket-allocator-bucket-count=8"
    "memorysetup-bucket-allocator-block-size=33554432"
    "memorysetup-bucket-allocator-block-count=8"
    "memorysetup-main-allocator-block-size=16777216"
    "memorysetup-thread-allocator-block-size=16777216"
    "memorysetup-gfx-main-allocator-block-size=16777216"
    "memorysetup-gfx-thread-allocator-block-size=16777216"
    "memorysetup-cache-allocator-block-size=4194304"
    "memorysetup-typetree-allocator-block-size=2097152"
    "memorysetup-profiler-bucket-allocator-granularity=16"
    "memorysetup-profiler-bucket-allocator-bucket-count=8"
    "memorysetup-profiler-bucket-allocator-block-size=33554432"
    "memorysetup-profiler-bucket-allocator-block-count=8"
    "memorysetup-profiler-allocator-block-size=16777216"
    "memorysetup-profiler-editor-allocator-block-size=1048576"
    "memorysetup-temp-allocator-size-main=16777216"
    "memorysetup-job-temp-allocator-block-size=2097152"
    "memorysetup-job-temp-allocator-block-size-background=1048576"
    "memorysetup-job-temp-allocator-reduction-small-platforms=262144"
    "memorysetup-allocator-temp-initial-block-size-main=262144"
    "memorysetup-allocator-temp-initial-block-size-worker=262144"
    "memorysetup-temp-allocator-size-background-worker=32768"
    "memorysetup-temp-allocator-size-job-worker=262144"
    "memorysetup-temp-allocator-size-preload-manager=33554432"
    "memorysetup-temp-allocator-size-nav-mesh-worker=65536"
    "memorysetup-temp-allocator-size-audio-worker=65536"
    "memorysetup-temp-allocator-size-cloud-worker=32768"
    "memorysetup-temp-allocator-size-gi-baking-worker=262144"
    "memorysetup-temp-allocator-size-gi-baking-worker=262144"
    "memorysetup-temp-allocator-size-gi-baking-worker=262144"
    "memorysetup-temp-allocator-size-gi-baking-worker=262144"
    "memorysetup-temp-allocator-size-gi-baking-worker=262144"
    "memorysetup-temp-allocator-size-gfx=262144"
Player connection [15624]  Target information:

Player connection [15624]  * "[IP] 172.16.0.2 [Port] 0 [Flags] 2 [Guid] 86816132 [EditorId] 86816132 [Version] 1048832 [Id] WindowsEditor(7,DESKTOP-DEP4F1H) [Debug] 1 [PackageName] WindowsEditor [ProjectName] Editor" 

Player connection [15624]  * "[IP] 192.168.1.7 [Port] 0 [Flags] 2 [Guid] 86816132 [EditorId] 86816132 [Version] 1048832 [Id] WindowsEditor(7,DESKTOP-DEP4F1H) [Debug] 1 [PackageName] WindowsEditor [ProjectName] Editor" 

Player connection [15624] Host joined multi-casting on [225.0.0.222:54997]...
Player connection [15624] Host joined alternative multi-casting on [225.0.0.222:34997]...
JobSystem: Creating JobQueue using job-worker-count value 5
Input System module state changed to: Initialized.
[Physics::Module] Initialized fallback backend.
[Physics::Module] Id: 0xdecafbad
[Licensing::Client] Code 10 while verifying Licensing Client signature (process Id: 5000, path: "D:/Unity/Unity Hub/UnityLicensingClient_V1/Unity.Licensing.Client.exe")
[Licensing::Module] LicensingClient has failed validation; ignoring
[Licensing::Client] Handshaking with LicensingClient:
  Version:                 1.17.4+4293ba1
  Session Id:              a6d86b6c7640436e87ee2535e10757ed
  Correlation Id:          6280ac9ad18700acb0d7090296c7bfed
  External correlation Id: 7971803937753741825
  Machine Id:              PxHNM7DPPf0IVXSn48G8aClcpaQ=
[Licensing::Module] Successfully connected to LicensingClient on channel: "LicenseClient-mehme" (connect: 0.00s, validation: 0.00s, handshake: 0.07s)
[Licensing::IpcConnector] Successfully connected to: "LicenseClient-mehme-notifications" at "2025-12-14T20:15:56.7362911Z"
[Licensing::Module] Licensing Background thread has ended after 0.07s
Library Redirect Path: Library/
[Physics::Module] Selected backend.
[Physics::Module] Name: PhysX
[Physics::Module] Id: 0xf2b8ea05
[Physics::Module] SDK Version: 4.1.2
[Physics::Module] Integration Version: 1.0.0
[Physics::Module] Threading Mode: Multi-Threaded
Refreshing native plugins compatible for Editor in 1.73 ms, found 3 plugins.
Preloading 0 native plugins for Editor in 0.00 ms.
Initialize engine version: 6000.0.62f1 (f99f05b3e950)
[Subsystems] Discovering subsystems at path D:/Unity/6000.0.62f1/Editor/Data/Resources/UnitySubsystems
[Subsystems] Discovering subsystems at path D:/Game Developments/GitHub/Project-Survival/Assets
GfxDevice: creating device client; kGfxThreadingModeNonThreaded
Direct3D:
    Version:  Direct3D 11.0 [level 11.1]
    Renderer: NVIDIA GeForce GTX 1060 (ID=0x1c20)
    Vendor:   NVIDIA
    VRAM:     6031 MB
    Driver:   32.0.15.6603
Initialize mono
Mono path[0] = 'D:/Unity/6000.0.62f1/Editor/Data/Managed'
Mono path[1] = 'D:/Unity/6000.0.62f1/Editor/Data/MonoBleedingEdge/lib/mono/unityjit-win32'
Mono config path = 'D:/Unity/6000.0.62f1/Editor/Data/MonoBleedingEdge/etc'
Using monoOptions --debugger-agent=transport=dt_socket,embedding=1,server=y,suspend=n,address=127.0.0.1:56100
Begin MonoManager ReloadAssembly
Registering precompiled unity dll's ...
Register platform support module: D:/Unity/6000.0.62f1/Editor/Data/PlaybackEngines/WindowsStandaloneSupport/UnityEditor.WindowsStandalone.Extensions.dll
Registered in 0.004526 seconds.
- Loaded All Assemblies, in  0.985 seconds
Native extension for WindowsStandalone target not found
Mono: successfully reloaded assembly
- Finished resetting the current domain, in  1.010 seconds
Domain Reload Profiling: 1994ms
	BeginReloadAssembly (347ms)
		ExecutionOrderSort (0ms)
		DisableScriptedObjects (0ms)
		BackupInstance (0ms)
		ReleaseScriptingObjects (0ms)
		CreateAndSetChildDomain (2ms)
	RebuildCommonClasses (107ms)
	RebuildNativeTypeToScriptingClass (30ms)
	initialDomainReloadingComplete (103ms)
	LoadAllAssembliesAndSetupDomain (397ms)
		LoadAssemblies (343ms)
		RebuildTransferFunctionScriptingTraits (0ms)
		AnalyzeDomain (390ms)
			TypeCache.Refresh (387ms)
				TypeCache.ScanAssembly (359ms)
			BuildScriptInfoCaches (0ms)
			ResolveRequiredComponents (1ms)
	FinalizeReload (1011ms)
		ReleaseScriptCaches (0ms)
		RebuildScriptCaches (0ms)
		SetupLoadedEditorAssemblies (900ms)
			LogAssemblyErrors (0ms)
			InitializePlatformSupportModulesInManaged (53ms)
			SetLoadedEditorAssemblies (11ms)
			BeforeProcessingInitializeOnLoad (144ms)
			ProcessInitializeOnLoadAttributes (533ms)
			ProcessInitializeOnLoadMethodAttributes (159ms)
			AfterProcessingInitializeOnLoad (0ms)
			EditorAssembliesLoaded (0ms)
		ExecutionOrderSort2 (0ms)
		AwakeInstancesAfterBackupRestoration (0ms)
Assembly reference Packages/com.unity.cinemachine/Editor/Samples/ExposeHDRPInternals/HDRP-Editor-ref.asmref has no target assembly definition
========================================================================
Worker process is ready to serve import requests
Import Worker Mode flag is 0x00
Assembly reference Packages/com.unity.cinemachine/Editor/Samples/ExposeHDRPInternals/HDRP-Editor-ref.asmref has no target assembly definition
Assembly reference Packages/com.unity.cinemachine/Editor/Samples/ExposeHDRPInternals/HDRP-Editor-ref.asmref has no target assembly definition
Begin MonoManager ReloadAssembly
[Licensing::Client] Successfully resolved entitlement details
[Licensing::Module] License group:
  Id: F4-V9PX-B66Y-AC23-KYF9-XXXX
  Product: Unity Personal
  Type: ULF
  Expiration: Unlimited
[Licensing::Module] License group:
  Id: 18966783445336-UnityPersXXXX
  Product: Unity Personal
  Type: Assigned
  Expiration: Unlimited
- Loaded All Assemblies, in  2.363 seconds
Assembly reference Packages/com.unity.cinemachine/Editor/Samples/ExposeHDRPInternals/HDRP-Editor-ref.asmref has no target assembly definition
'Packages/com.unity.cinemachine/Editor/Obsolete/CinemachineVirtualCameraBaseEditor.cs' contains partial class of Unity.Object, exactly 1 of the partial classes needs to be in a file with the same filename. This is to know the one that can be referenced from ie. GameObjects
'Packages/com.unity.cinemachine/Editor/Editors/CinemachineVirtualCameraBaseEditor.cs' contains partial class of Unity.Object, exactly 1 of the partial classes needs to be in a file with the same filename. This is to know the one that can be referenced from ie. GameObjects
Refreshing native plugins compatible for Editor in 3.72 ms, found 3 plugins.
Native extension for WindowsStandalone target not found
Assembly reference Packages/com.unity.cinemachine/Editor/Samples/ExposeHDRPInternals/HDRP-Editor-ref.asmref has no target assembly definition
[MODES] ModeService[none].Initialize
[MODES] ModeService[none].LoadModes
[MODES] Loading mode Default (0) for mode-current-id-Project Survivor
Package Manager log level set to [2]
[Package Manager] Failed to launch server process. Reason: Unity was launched with the -noUpm command-line argument
[Package Manager] Unable to send message (not connected to server process).
[Package Manager] Cannot connect to Unity Package Manager local server
[Package Manager] Failed to launch server process. Reason: Unity was launched with the -noUpm command-line argument
[Package Manager] Unable to send message (not connected to server process).
[Package Manager] Cannot connect to Unity Package Manager local server
Mono: successfully reloaded assembly
- Finished resetting the current domain, in  2.582 seconds
Domain Reload Profiling: 4943ms
	BeginReloadAssembly (432ms)
		ExecutionOrderSort (0ms)
		DisableScriptedObjects (15ms)
		BackupInstance (0ms)
		ReleaseScriptingObjects (0ms)
		CreateAndSetChildDomain (62ms)
	RebuildCommonClasses (106ms)
	RebuildNativeTypeToScriptingClass (33ms)
	initialDomainReloadingComplete (84ms)
	LoadAllAssembliesAndSetupDomain (1705ms)
		LoadAssemblies (980ms)
		RebuildTransferFunctionScriptingTraits (0ms)
		AnalyzeDomain (971ms)
			TypeCache.Refresh (778ms)
				TypeCache.ScanAssembly (702ms)
			BuildScriptInfoCaches (155ms)
			ResolveRequiredComponents (30ms)
	FinalizeReload (2583ms)
		ReleaseScriptCaches (0ms)
		RebuildScriptCaches (0ms)
		SetupLoadedEditorAssemblies (2300ms)
			LogAssemblyErrors (0ms)
			InitializePlatformSupportModulesInManaged (4ms)
			SetLoadedEditorAssemblies (8ms)
			BeforeProcessingInitializeOnLoad (408ms)
			ProcessInitializeOnLoadAttributes (1696ms)
			ProcessInitializeOnLoadMethodAttributes (172ms)
			AfterProcessingInitializeOnLoad (12ms)
			EditorAssembliesLoaded (0ms)
		ExecutionOrderSort2 (0ms)
		AwakeInstancesAfterBackupRestoration (13ms)
WARNING: Shader Unsupported: 'Hidden/Universal Render Pipeline/Terrain/Lit (Base Pass)' - All subshaders removed
WARNING: Shader Did you use #pragma only_renderers and omit this platform?
WARNING: Shader If subshaders removal was intentional, you may have forgotten turning Fallback off?
WARNING: Shader Unsupported: 'Hidden/Universal Render Pipeline/Terrain/Lit (Base Pass)' - All subshaders removed
WARNING: Shader Did you use #pragma only_renderers and omit this platform?
WARNING: Shader If subshaders removal was intentional, you may have forgotten turning Fallback off?
WARNING: Shader Unsupported: 'Universal Render Pipeline/Terrain/Lit' - All subshaders removed
WARNING: Shader Did you use #pragma only_renderers and omit this platform?
WARNING: Shader If subshaders removal was intentional, you may have forgotten turning Fallback off?
WARNING: Shader Unsupported: 'Universal Render Pipeline/Terrain/Lit' - All subshaders removed
WARNING: Shader Did you use #pragma only_renderers and omit this platform?
WARNING: Shader If subshaders removal was intentional, you may have forgotten turning Fallback off?
Launched and connected shader compiler UnityShaderCompiler.exe after 0.64 seconds
Refreshing native plugins compatible for Editor in 1.48 ms, found 3 plugins.
Preloading 0 native plugins for Editor in 0.00 ms.
Unloading 33 Unused Serialized files (Serialized files now loaded: 0)
Unloading 6684 unused Assets / (6.4 MB). Loaded Objects now: 7226.
Memory consumption went from 137.7 MB to 131.3 MB.
Total: 51.495900 ms (FindLiveObjects: 1.247100 ms CreateObjectMapping: 2.014200 ms MarkObjects: 42.180200 ms  DeleteObjects: 6.051800 ms)

========================================================================
Received Import Request.
  Time since last request: 47126.127691 seconds.
  path: Assets/Models/OccaSoftware/Low Poly Fantasy Village/Prefabs/Cliff_2.prefab
  artifactKey: Guid(1dff1b6d41153f04b89191ef1a82f20c) Importer(2089858483,3d70f49cd1c2eb9ae422958d1c652c6b)
Start importing Assets/Models/OccaSoftware/Low Poly Fantasy Village/Prefabs/Cliff_2.prefab using Guid(1dff1b6d41153f04b89191ef1a82f20c) Importer(2089858483,3d70f49cd1c2eb9ae422958d1c652c6b) (ScriptedImporter) -> (artifact id: '6809a133e30d02849d8e8b6f5c476fe7') in 14.544225 seconds
Number of updated asset objects reloaded before import = 0Number of asset objects unloaded after import = 9

========================================================================
Received Import Request.
  Time since last request: 0.000125 seconds.
  path: Assets/Models/OccaSoftware/Low Poly Fantasy Village/Meshes/Tree3.fbx
  artifactKey: Guid(82d15d6e57b0ac044b77cd72849b16ad) Importer(2089858483,192608db42251d675da83286b1cce702)
Start importing Assets/Models/OccaSoftware/Low Poly Fantasy Village/Meshes/Tree3.fbx using Guid(82d15d6e57b0ac044b77cd72849b16ad) Importer(2089858483,192608db42251d675da83286b1cce702) (ScriptedImporter) -> (artifact id: 'a13f097e42a1ce5bbb226cb8a19ebaec') in 0.3120403 seconds
Number of updated asset objects reloaded before import = 0Number of asset objects unloaded after import = 9

========================================================================
Received Import Request.
  Time since last request: 0.040649 seconds.
  path: Assets/Models/OccaSoftware/Low Poly Fantasy Village/Prefabs/Path Piece_2.prefab
  artifactKey: Guid(e3d104e6c8824ca40a20fa0b16308ec4) Importer(2089858483,192608db42251d675da83286b1cce702)
Start importing Assets/Models/OccaSoftware/Low Poly Fantasy Village/Prefabs/Path Piece_2.prefab using Guid(e3d104e6c8824ca40a20fa0b16308ec4) Importer(2089858483,192608db42251d675da83286b1cce702) (ScriptedImporter) -> (artifact id: '0d3d8d2edb07d9235d05c08846f3f526') in 0.0943597 seconds
Number of updated asset objects reloaded before import = 0Number of asset objects unloaded after import = 9

========================================================================
Received Import Request.
  Time since last request: 0.000305 seconds.
  path: Assets/Models/OccaSoftware/Low Poly Fantasy Village/Prefabs/Rock_4.prefab
  artifactKey: Guid(7ee2debd6ad2dd2498222dd51ab640c2) Importer(2089858483,192608db42251d675da83286b1cce702)
Start importing Assets/Models/OccaSoftware/Low Poly Fantasy Village/Prefabs/Rock_4.prefab using Guid(7ee2debd6ad2dd2498222dd51ab640c2) Importer(2089858483,192608db42251d675da83286b1cce702) (ScriptedImporter) -> (artifact id: '9e28b19fcc2b0c68a7647a4b59d28629') in 0.0659448 seconds
Number of updated asset objects reloaded before import = 0Number of asset objects unloaded after import = 9

========================================================================
Received Import Request.
  Time since last request: 0.000178 seconds.
  path: Assets/Models/OccaSoftware/Low Poly Fantasy Village/Prefabs/Path_1.prefab
  artifactKey: Guid(2159f826a7fb5944b8baff7839d55f5b) Importer(2089858483,192608db42251d675da83286b1cce702)
Start importing Assets/Models/OccaSoftware/Low Poly Fantasy Village/Prefabs/Path_1.prefab using Guid(2159f826a7fb5944b8baff7839d55f5b) Importer(2089858483,192608db42251d675da83286b1cce702) (ScriptedImporter) -> (artifact id: 'a3775474e148db74d246e2276e7c3fd8') in 0.0663984 seconds
Number of updated asset objects reloaded before import = 0Number of asset objects unloaded after import = 45

========================================================================
Received Import Request.
  Time since last request: 0.000022 seconds.
  path: Assets/Models/OccaSoftware/Low Poly Fantasy Village/Textures
  artifactKey: Guid(5bbb48b58ed7cc04c9d76fc24707e782) Importer(2089858483,192608db42251d675da83286b1cce702)
Start importing Assets/Models/OccaSoftware/Low Poly Fantasy Village/Textures using Guid(5bbb48b58ed7cc04c9d76fc24707e782) Importer(2089858483,192608db42251d675da83286b1cce702) (ScriptedImporter) -> (artifact id: '95699ada0655069d914922367922a004') in 0.0212732 seconds
Number of updated asset objects reloaded before import = 0Number of asset objects unloaded after import = 1

========================================================================
Received Import Request.
  Time since last request: 0.000048 seconds.
  path: Assets/Models/OccaSoftware/Low Poly Fantasy Village/Prefabs/Fence.prefab
  artifactKey: Guid(94f6b81a91774dd40b60e935197c3144) Importer(2089858483,192608db42251d675da83286b1cce702)
Start importing Assets/Models/OccaSoftware/Low Poly Fantasy Village/Prefabs/Fence.prefab using Guid(94f6b81a91774dd40b60e935197c3144) Importer(2089858483,192608db42251d675da83286b1cce702) (ScriptedImporter) -> (artifact id: 'bd8ffccabe74f796f26b05ae19aae616') in 0.0576777 seconds
Number of updated asset objects reloaded before import = 0Number of asset objects unloaded after import = 9

========================================================================
Received Import Request.
  Time since last request: 0.000024 seconds.
  path: Assets/Models/OccaSoftware/Low Poly Fantasy Village/Meshes/bridge.fbx
  artifactKey: Guid(8135cfa230fdef14883d4d12c9da3a6f) Importer(2089858483,192608db42251d675da83286b1cce702)
Start importing Assets/Models/OccaSoftware/Low Poly Fantasy Village/Meshes/bridge.fbx using Guid(8135cfa230fdef14883d4d12c9da3a6f) Importer(2089858483,192608db42251d675da83286b1cce702) (ScriptedImporter) -> (artifact id: 'e3a3c43f3b932fb4bdfea4274c6e3ddb') in 0.0388697 seconds
Number of updated asset objects reloaded before import = 0Number of asset objects unloaded after import = 9

========================================================================
Received Import Request.
  Time since last request: 0.000026 seconds.
  path: Assets/Models/OccaSoftware/Low Poly Fantasy Village/Prefabs/Path Piece_16.prefab
  artifactKey: Guid(f44ca4be62ad14344bdc20781a8d333c) Importer(2089858483,192608db42251d675da83286b1cce702)
Start importing Assets/Models/OccaSoftware/Low Poly Fantasy Village/Prefabs/Path Piece_16.prefab using Guid(f44ca4be62ad14344bdc20781a8d333c) Importer(2089858483,192608db42251d675da83286b1cce702) (ScriptedImporter) -> (artifact id: '0ad30c2a4e6e858acffd4fccd049de71') in 0.058617 seconds
Number of updated asset objects reloaded before import = 0Number of asset objects unloaded after import = 9

========================================================================
Received Import Request.
  Time since last request: 0.000034 seconds.
  path: Assets/Models/OccaSoftware/Low Poly Fantasy Village/Prefabs/Village.prefab
  artifactKey: Guid(b712f6f8036eeec408a1d060242abb51) Importer(2089858483,192608db42251d675da83286b1cce702)
Start importing Assets/Models/OccaSoftware/Low Poly Fantasy Village/Prefabs/Village.prefab using Guid(b712f6f8036eeec408a1d060242abb51) Importer(2089858483,192608db42251d675da83286b1cce702) (ScriptedImporter) -> (artifact id: '80f190b622713b2c2ac928ad8fea2bf4') in 0.778499 seconds
Number of updated asset objects reloaded before import = 0Number of asset objects unloaded after import = 7042

========================================================================
Received Import Request.
  Time since last request: 0.000041 seconds.
  path: Assets/Models/OccaSoftware/Low Poly Fantasy Village/Prefabs/Cliff_8.prefab
  artifactKey: Guid(7e2f34d5420d6d04db0afd91534305d5) Importer(2089858483,3d70f49cd1c2eb9ae422958d1c652c6b)
Start importing Assets/Models/OccaSoftware/Low Poly Fantasy Village/Prefabs/Cliff_8.prefab using Guid(7e2f34d5420d6d04db0afd91534305d5) Importer(2089858483,3d70f49cd1c2eb9ae422958d1c652c6b) (ScriptedImporter) -> (artifact id: 'f46f8b42d3fb478aef080688a8828c23') in 0.030223 seconds
Number of updated asset objects reloaded before import = 0Number of asset objects unloaded after import = 9

========================================================================
Received Import Request.
  Time since last request: 0.000042 seconds.
  path: Assets/Models/OccaSoftware/Low Poly Fantasy Village/Prefabs/House_1.prefab
  artifactKey: Guid(e43b87eec9181834094b5883f6858f76) Importer(2089858483,192608db42251d675da83286b1cce702)
Start importing Assets/Models/OccaSoftware/Low Poly Fantasy Village/Prefabs/House_1.prefab using Guid(e43b87eec9181834094b5883f6858f76) Importer(2089858483,192608db42251d675da83286b1cce702) (ScriptedImporter) -> (artifact id: '36f1ca474cabc4db75b45c5d3c293da7') in 0.0484528 seconds
Number of updated asset objects reloaded before import = 0Number of asset objects unloaded after import = 9

========================================================================
Received Import Request.
  Time since last request: 0.000018 seconds.
  path: Assets/Models/OccaSoftware/Low Poly Fantasy Village/Prefabs/Tree_2.prefab
  artifactKey: Guid(f2c96353dc943e34bb0245e8155922fa) Importer(2089858483,3d70f49cd1c2eb9ae422958d1c652c6b)
Start importing Assets/Models/OccaSoftware/Low Poly Fantasy Village/Prefabs/Tree_2.prefab using Guid(f2c96353dc943e34bb0245e8155922fa) Importer(2089858483,3d70f49cd1c2eb9ae422958d1c652c6b) (ScriptedImporter) -> (artifact id: 'be4f06723a3a89e238f82caebbc027ef') in 0.0212729 seconds
Number of updated asset objects reloaded before import = 0Number of asset objects unloaded after import = 9

========================================================================
Received Import Request.
  Time since last request: 0.000022 seconds.
  path: Assets/Models/OccaSoftware/Low Poly Fantasy Village/Samples/Demo/Showcase
  artifactKey: Guid(432807eb13cd0e444b39ffe6ab19a03e) Importer(2089858483,192608db42251d675da83286b1cce702)
Start importing Assets/Models/OccaSoftware/Low Poly Fantasy Village/Samples/Demo/Showcase using Guid(432807eb13cd0e444b39ffe6ab19a03e) Importer(2089858483,192608db42251d675da83286b1cce702) (ScriptedImporter) -> (artifact id: 'eef1d0d90fedbd62cdd1b71b1586c98e') in 0.0205653 seconds
Number of updated asset objects reloaded before import = 0Number of asset objects unloaded after import = 1

========================================================================
Received Import Request.
  Time since last request: 0.000047 seconds.
  path: Assets/Models/OccaSoftware/Low Poly Fantasy Village/Meshes/path2.fbx
  artifactKey: Guid(6d19d6fcfc825a349bdb9556bcfd2f62) Importer(2089858483,192608db42251d675da83286b1cce702)
Start importing Assets/Models/OccaSoftware/Low Poly Fantasy Village/Meshes/path2.fbx using Guid(6d19d6fcfc825a349bdb9556bcfd2f62) Importer(2089858483,192608db42251d675da83286b1cce702) (ScriptedImporter) -> (artifact id: '7e3aebc4932392fd0461283146f3e3ab') in 0.0547326 seconds
Number of updated asset objects reloaded before import = 0Number of asset objects unloaded after import = 52

========================================================================
Received Import Request.
  Time since last request: 0.000023 seconds.
  path: Assets/Models/OccaSoftware/Low Poly Fantasy Village/Prefabs/Boat.prefab
  artifactKey: Guid(7c99531c61bfcb649a63fecaa465073c) Importer(2089858483,192608db42251d675da83286b1cce702)
Start importing Assets/Models/OccaSoftware/Low Poly Fantasy Village/Prefabs/Boat.prefab using Guid(7c99531c61bfcb649a63fecaa465073c) Importer(2089858483,192608db42251d675da83286b1cce702) (ScriptedImporter) -> (artifact id: '28fb8bf168ba47f79870f8ffbe706b42') in 0.102729 seconds
Number of updated asset objects reloaded before import = 0Number of asset objects unloaded after import = 9

========================================================================
Received Import Request.
  Time since last request: 0.000027 seconds.
  path: Assets/Models/OccaSoftware/Low Poly Fantasy Village/Prefabs/Path_2.prefab
  artifactKey: Guid(54908593d3b9f614b85d81ea61bee672) Importer(2089858483,3d70f49cd1c2eb9ae422958d1c652c6b)
Start importing Assets/Models/OccaSoftware/Low Poly Fantasy Village/Prefabs/Path_2.prefab using Guid(54908593d3b9f614b85d81ea61bee672) Importer(2089858483,3d70f49cd1c2eb9ae422958d1c652c6b) (ScriptedImporter) -> (artifact id: 'f5a45f27e8cd4f29fd560814c7a971f8') in 0.1457937 seconds
Number of updated asset objects reloaded before import = 0Number of asset objects unloaded after import = 46

========================================================================
Received Prepare
WARNING: Shader Unsupported: 'Hidden/Universal Render Pipeline/Terrain/Lit (Base Pass)' - All subshaders removed
WARNING: Shader Did you use #pragma only_renderers and omit this platform?
WARNING: Shader If subshaders removal was intentional, you may have forgotten turning Fallback off?
WARNING: Shader Unsupported: 'Hidden/Universal Render Pipeline/Terrain/Lit (Base Pass)' - All subshaders removed
WARNING: Shader Did you use #pragma only_renderers and omit this platform?
WARNING: Shader If subshaders removal was intentional, you may have forgotten turning Fallback off?
WARNING: Shader Unsupported: 'Universal Render Pipeline/Terrain/Lit' - All subshaders removed
WARNING: Shader Did you use #pragma only_renderers and omit this platform?
WARNING: Shader If subshaders removal was intentional, you may have forgotten turning Fallback off?
WARNING: Shader Unsupported: 'Universal Render Pipeline/Terrain/Lit' - All subshaders removed
WARNING: Shader Did you use #pragma only_renderers and omit this platform?
WARNING: Shader If subshaders removal was intentional, you may have forgotten turning Fallback off?
Refreshing native plugins compatible for Editor in 1.49 ms, found 3 plugins.
Preloading 0 native plugins for Editor in 0.00 ms.
Unloading 33 Unused Serialized files (Serialized files now loaded: 0)
Unloading 33 unused Assets / (3.0 MB). Loaded Objects now: 7228.
Memory consumption went from 132.5 MB to 129.5 MB.
Total: 16.057900 ms (FindLiveObjects: 0.567300 ms CreateObjectMapping: 0.557300 ms MarkObjects: 13.348400 ms  DeleteObjects: 1.582800 ms)

Prepare: number of updated asset objects reloaded= 0
========================================================================
Received Prepare
WARNING: Shader Unsupported: 'Hidden/Universal Render Pipeline/Terrain/Lit (Base Pass)' - All subshaders removed
WARNING: Shader Did you use #pragma only_renderers and omit this platform?
WARNING: Shader If subshaders removal was intentional, you may have forgotten turning Fallback off?
WARNING: Shader Unsupported: 'Hidden/Universal Render Pipeline/Terrain/Lit (Base Pass)' - All subshaders removed
WARNING: Shader Did you use #pragma only_renderers and omit this platform?
WARNING: Shader If subshaders removal was intentional, you may have forgotten turning Fallback off?
WARNING: Shader Unsupported: 'Universal Render Pipeline/Terrain/Lit' - All subshaders removed
WARNING: Shader Did you use #pragma only_renderers and omit this platform?
WARNING: Shader If subshaders removal was intentional, you may have forgotten turning Fallback off?
WARNING: Shader Unsupported: 'Universal Render Pipeline/Terrain/Lit' - All subshaders removed
WARNING: Shader Did you use #pragma only_renderers and omit this platform?
WARNING: Shader If subshaders removal was intentional, you may have forgotten turning Fallback off?
Refreshing native plugins compatible for Editor in 1.79 ms, found 3 plugins.
Preloading 0 native plugins for Editor in 0.00 ms.
Unloading 112 Unused Serialized files (Serialized files now loaded: 0)
Unloading 14 unused Assets / (1.9 MB). Loaded Objects now: 7348.
Memory consumption went from 155.1 MB to 153.2 MB.
Total: 13.167000 ms (FindLiveObjects: 0.619700 ms CreateObjectMapping: 0.645000 ms MarkObjects: 11.255800 ms  DeleteObjects: 0.644400 ms)

Prepare: number of updated asset objects reloaded= 0
========================================================================
Received Prepare
Refreshing native plugins compatible for Editor in 1.36 ms, found 3 plugins.
Preloading 0 native plugins for Editor in 0.00 ms.
Unloading 16 Unused Serialized files (Serialized files now loaded: 0)
Unloading 14 unused Assets / (1.9 MB). Loaded Objects now: 7350.
Memory consumption went from 146.5 MB to 144.6 MB.
Total: 69.248300 ms (FindLiveObjects: 0.793500 ms CreateObjectMapping: 0.803300 ms MarkObjects: 66.863100 ms  DeleteObjects: 0.786300 ms)

Prepare: number of updated asset objects reloaded= 0
========================================================================
Received Prepare
Refreshing native plugins compatible for Editor in 1.48 ms, found 3 plugins.
Preloading 0 native plugins for Editor in 0.00 ms.
Unloading 14 Unused Serialized files (Serialized files now loaded: 0)
Unloading 14 unused Assets / (1.9 MB). Loaded Objects now: 7350.
Memory consumption went from 146.4 MB to 144.6 MB.
Total: 12.610500 ms (FindLiveObjects: 0.614800 ms CreateObjectMapping: 0.608600 ms MarkObjects: 10.759400 ms  DeleteObjects: 0.625400 ms)

Prepare: number of updated asset objects reloaded= 0
========================================================================
Received Import Request.
  Time since last request: 47.474580 seconds.
  path: Assets/Settings/Low_PipelineAsset_ForwardRenderer.asset
  artifactKey: Guid(5aac3dcd0f9341d46a4419864c3de62d) Importer(2089858483,192608db42251d675da83286b1cce702)
Start importing Assets/Settings/Low_PipelineAsset_ForwardRenderer.asset using Guid(5aac3dcd0f9341d46a4419864c3de62d) Importer(2089858483,192608db42251d675da83286b1cce702) (ScriptedImporter) -> (artifact id: 'a45af013683402cc0694ebc39ab290e7') in 0.751689 seconds
Number of updated asset objects reloaded before import = 0Number of asset objects unloaded after import = 1

========================================================================
Received Prepare
Refreshing native plugins compatible for Editor in 15.41 ms, found 3 plugins.
Preloading 0 native plugins for Editor in 0.00 ms.
Unloading 14 Unused Serialized files (Serialized files now loaded: 0)
Unloading 14 unused Assets / (1.9 MB). Loaded Objects now: 7350.
Memory consumption went from 146.5 MB to 144.6 MB.
Total: 16.258700 ms (FindLiveObjects: 0.820800 ms CreateObjectMapping: 0.804600 ms MarkObjects: 14.064900 ms  DeleteObjects: 0.566700 ms)

Prepare: number of updated asset objects reloaded= 5
========================================================================
Received Import Request.
  Time since last request: 28.610369 seconds.
  path: Assets/Settings/Very High_PipelineAsset_ForwardRenderer.asset
  artifactKey: Guid(522d117c58c5ebc468a8ee804aa9c8d3) Importer(2089858483,192608db42251d675da83286b1cce702)
Start importing Assets/Settings/Very High_PipelineAsset_ForwardRenderer.asset using Guid(522d117c58c5ebc468a8ee804aa9c8d3) Importer(2089858483,192608db42251d675da83286b1cce702) (ScriptedImporter) -> (artifact id: '90dd700c3b5a0c1018ec5eed65d94ac1') in 0.0414798 seconds
Number of updated asset objects reloaded before import = 0Number of asset objects unloaded after import = 1

========================================================================
Received Import Request.
  Time since last request: 0.000021 seconds.
  path: Assets/Materials/Gridbox Prototype Materials/Materials/Standard/Prototype_512x512_Grey2.mat
  artifactKey: Guid(07dc66ae04b7f6a43b9674bf0fefb33a) Importer(2089858483,192608db42251d675da83286b1cce702)
Start importing Assets/Materials/Gridbox Prototype Materials/Materials/Standard/Prototype_512x512_Grey2.mat using Guid(07dc66ae04b7f6a43b9674bf0fefb33a) Importer(2089858483,192608db42251d675da83286b1cce702) (ScriptedImporter) -> (artifact id: 'c3eb91eb511bcad18d8096eee5e02cdf') in 0.0606599 seconds
Number of updated asset objects reloaded before import = 0Number of asset objects unloaded after import = 3

========================================================================
Received Import Request.
  Time since last request: 0.000039 seconds.
  path: Assets/Materials/Gridbox Prototype Materials/Materials/Standard/Prototype_512x512_Blue3.mat
  artifactKey: Guid(b0b4de3bd6e976e4f8b3adc6e72377ed) Importer(2089858483,192608db42251d675da83286b1cce702)
Start importing Assets/Materials/Gridbox Prototype Materials/Materials/Standard/Prototype_512x512_Blue3.mat using Guid(b0b4de3bd6e976e4f8b3adc6e72377ed) Importer(2089858483,192608db42251d675da83286b1cce702) (ScriptedImporter) -> (artifact id: '5460caa99ec184d37e608f038055ea68') in 0.0276356 seconds
Number of updated asset objects reloaded before import = 0Number of asset objects unloaded after import = 3

========================================================================
Received Import Request.
  Time since last request: 0.000033 seconds.
  path: Assets/Joystick Pack/Prefabs/Fixed Joystick.prefab
  artifactKey: Guid(aaa2c939c0359ac4dbce3f49e8b90252) Importer(2089858483,192608db42251d675da83286b1cce702)
Start importing Assets/Joystick Pack/Prefabs/Fixed Joystick.prefab using Guid(aaa2c939c0359ac4dbce3f49e8b90252) Importer(2089858483,192608db42251d675da83286b1cce702) (ScriptedImporter) -> (artifact id: '86aa61a4a0da4ec08ebaeda4a7712e99') in 0.0681793 seconds
Number of updated asset objects reloaded before import = 0Number of asset objects unloaded after import = 13

========================================================================
Received Import Request.
  Time since last request: 0.000021 seconds.
  path: Assets/Joystick Pack/Prefabs/Dynamic Joystick.prefab
  artifactKey: Guid(56fae09712773584fb63896d473a98ee) Importer(2089858483,192608db42251d675da83286b1cce702)
Start importing Assets/Joystick Pack/Prefabs/Dynamic Joystick.prefab using Guid(56fae09712773584fb63896d473a98ee) Importer(2089858483,192608db42251d675da83286b1cce702) (ScriptedImporter) -> (artifact id: '3cba6dc6aa5d7a5c1dfbd1263f7a5008') in 0.0500578 seconds
Number of updated asset objects reloaded before import = 0Number of asset objects unloaded after import = 17

========================================================================
Received Import Request.
  Time since last request: 0.000027 seconds.
  path: Assets/Joystick Pack/Examples/Ground.mat
  artifactKey: Guid(c569c280f0eb52a49a7b2a6b8b0cbcf8) Importer(2089858483,192608db42251d675da83286b1cce702)
Start importing Assets/Joystick Pack/Examples/Ground.mat using Guid(c569c280f0eb52a49a7b2a6b8b0cbcf8) Importer(2089858483,192608db42251d675da83286b1cce702) (ScriptedImporter) -> (artifact id: '99952832b7861bc97c5486f7a23a4bb9') in 0.0208292 seconds
Number of updated asset objects reloaded before import = 0Number of asset objects unloaded after import = 1

Editor requested this worker to shutdown with reason: Scaling down because of idle timeout
AssetImportWorker is now disconnected from the server
Process exiting
Exiting without the bug reporter. Application will terminate with return code 0